Log file open, 11/10/20 14:47:30
LogInit: Display: Running engine for game: XYZProject
LogPlatformFile: Not using cached read wrapper
LogTaskGraph: Started task graph with 5 named threads and 35 total threads with 3 sets of task threads.
LogStats: Stats thread started at 0.561291
LogD3D11RHI: Loaded GFSDK_Aftermath_Lib.x64.dll
LogICUInternationalization: ICU TimeZone Detection - Raw Offset: +3:00, Platform Override: ''
LogPluginManager: Mounting plugin Paper2D
LogPluginManager: Mounting plugin AISupport
LogPluginManager: Mounting plugin LightPropagationVolume
LogPluginManager: Mounting plugin CameraShakePreviewer
LogPluginManager: Mounting plugin ActorLayerUtilities
LogPluginManager: Mounting plugin AnimationSharing
LogPluginManager: Mounting plugin CLionSourceCodeAccess
LogPluginManager: Mounting plugin CodeLiteSourceCodeAccess
LogPluginManager: Mounting plugin GitSourceControl
LogPluginManager: Mounting plugin KDevelopSourceCodeAccess
LogPluginManager: Mounting plugin NullSourceCodeAccess
LogPluginManager: Mounting plugin PerforceSourceControl
LogPluginManager: Mounting plugin PlasticSourceControl
LogPluginManager: Mounting plugin RiderSourceCodeAccess
LogPluginManager: Mounting plugin SubversionSourceControl
LogPluginManager: Mounting plugin UObjectPlugin
LogPluginManager: Mounting plugin VisualStudioCodeSourceCodeAccess
LogPluginManager: Mounting plugin VisualStudioSourceCodeAccess
LogPluginManager: Mounting plugin XCodeSourceCodeAccess
LogPluginManager: Mounting plugin AssetManagerEditor
LogPluginManager: Mounting plugin CryptoKeys
LogPluginManager: Mounting plugin CurveEditorTools
LogPluginManager: Mounting plugin DataValidation
LogPluginManager: Mounting plugin EditorScriptingUtilities
LogPluginManager: Mounting plugin FacialAnimation
LogPluginManager: Mounting plugin GameplayTagsEditor
LogPluginManager: Mounting plugin GeometryMode
LogPluginManager: Mounting plugin MacGraphicsSwitching
LogPluginManager: Mounting plugin MaterialAnalyzer
LogPluginManager: Mounting plugin MobileLauncherProfileWizard
LogPluginManager: Mounting plugin PluginBrowser
LogPluginManager: Mounting plugin SpeedTreeImporter
LogPluginManager: Mounting plugin DatasmithContent
LogPluginManager: Mounting plugin VariantManagerContent
LogPluginManager: Mounting plugin AlembicImporter
LogPluginManager: Mounting plugin AutomationUtils
LogPluginManager: Mounting plugin BackChannel
LogPluginManager: Mounting plugin ChaosCloth
LogPluginManager: Mounting plugin ChaosClothEditor
LogPluginManager: Mounting plugin ChaosEditor
LogPluginManager: Mounting plugin ChaosNiagara
LogPluginManager: Mounting plugin ChaosSolverPlugin
LogPluginManager: Mounting plugin CharacterAI
LogPluginManager: Mounting plugin GeometryCache
LogPluginManager: Mounting plugin GeometryCollectionPlugin
LogPluginManager: Mounting plugin GeometryProcessing
LogPluginManager: Mounting plugin PlanarCut
LogPluginManager: Mounting plugin PlatformCrypto
LogPluginManager: Mounting plugin ProxyLODPlugin
LogPluginManager: Mounting plugin SkeletalReduction
LogPluginManager: Mounting plugin Niagara
LogPluginManager: Mounting plugin MagicLeap
LogPluginManager: Mounting plugin MagicLeapLightEstimation
LogPluginManager: Mounting plugin MagicLeapMedia
LogPluginManager: Mounting plugin MagicLeapPassableWorld
LogPluginManager: Mounting plugin MLSDK
LogPluginManager: Mounting plugin AutoSizeComments
LogPluginManager: Mounting plugin Linter
LogPluginManager: Mounting plugin AndroidMedia
LogPluginManager: Mounting plugin AvfMedia
LogPluginManager: Mounting plugin ImgMedia
LogPluginManager: Mounting plugin MediaCompositing
LogPluginManager: Mounting plugin MediaPlayerEditor
LogPluginManager: Mounting plugin WebMMedia
LogPluginManager: Mounting plugin WmfMedia
LogPluginManager: Mounting plugin MeshPainting
LogPluginManager: Mounting plugin TcpMessaging
LogPluginManager: Mounting plugin UdpMessaging
LogPluginManager: Mounting plugin ActorSequence
LogPluginManager: Mounting plugin LevelSequenceEditor
LogPluginManager: Mounting plugin MatineeToLevelSequence
LogPluginManager: Mounting plugin MovieRenderPipeline
LogPluginManager: Mounting plugin TemplateSequence
LogPluginManager: Mounting plugin NetcodeUnitTest
LogPluginManager: Mounting plugin NUTUnrealEngine4
LogPluginManager: Mounting plugin OnlineSubsystemGooglePlay
LogPluginManager: Mounting plugin OnlineSubsystemIOS
LogPluginManager: Mounting plugin OnlineSubsystem
LogPluginManager: Mounting plugin OnlineSubsystemNull
LogPluginManager: Mounting plugin OnlineSubsystemUtils
LogPluginManager: Mounting plugin LauncherChunkInstaller
LogPluginManager: Mounting plugin AndroidDeviceProfileSelector
LogPluginManager: Mounting plugin AndroidMoviePlayer
LogPluginManager: Mounting plugin AndroidPermission
LogPluginManager: Mounting plugin AppleImageUtils
LogPluginManager: Mounting plugin AppleMoviePlayer
LogPluginManager: Mounting plugin ArchVisCharacter
LogPluginManager: Mounting plugin AssetTags
LogPluginManager: Mounting plugin AudioCapture
LogPluginManager: Mounting plugin CableComponent
LogPluginManager: Mounting plugin CustomMeshComponent
LogPluginManager: Mounting plugin EditableMesh
LogPluginManager: Mounting plugin ExampleDeviceProfileSelector
LogPluginManager: Mounting plugin GoogleCloudMessaging
LogPluginManager: Mounting plugin GooglePAD
LogPluginManager: Mounting plugin IOSDeviceProfileSelector
LogPluginManager: Mounting plugin LinuxDeviceProfileSelector
LogPluginManager: Mounting plugin LocationServicesBPLibrary
LogPluginManager: Mounting plugin MobilePatchingUtils
LogPluginManager: Mounting plugin OculusVR
LogPluginManager: Mounting plugin PhysXVehicles
LogPluginManager: Mounting plugin PostSplashScreen
LogPluginManager: Mounting plugin ProceduralMeshComponent
LogPluginManager: Mounting plugin RuntimePhysXCooking
LogPluginManager: Mounting plugin SignificanceManager
LogPluginManager: Mounting plugin SoundFields
LogPluginManager: Mounting plugin SteamVR
LogPluginManager: Mounting plugin Synthesis
LogPluginManager: Mounting plugin WebMMoviePlayer
LogPluginManager: Mounting plugin WindowsMoviePlayer
LogPluginManager: Mounting plugin ScreenshotTools
LogInit: Using libcurl 7.55.1-DEV
LogInit:  - built for x86_64-pc-win32
LogInit:  - supports SSL with OpenSSL/1.1.1
LogInit:  - supports HTTP deflate (compression) using libz 1.2.8
LogInit:  - other features:
LogInit:      CURL_VERSION_SSL
LogInit:      CURL_VERSION_LIBZ
LogInit:      CURL_VERSION_IPV6
LogInit:      CURL_VERSION_ASYNCHDNS
LogInit:      CURL_VERSION_LARGEFILE
LogInit:      CURL_VERSION_IDN
LogInit:  CurlRequestOptions (configurable via config and command line):
LogInit:  - bVerifyPeer = true  - Libcurl will verify peer certificate
LogInit:  - bUseHttpProxy = false  - Libcurl will NOT use HTTP proxy
LogInit:  - bDontReuseConnections = false  - Libcurl will reuse connections
LogInit:  - MaxHostConnections = 16  - Libcurl will limit the number of connections to a host
LogInit:  - LocalHostAddr = Default
LogInit:  - BufferSize = 65536
LogOnline: OSS: Creating online subsystem instance for: NULL
LogInit: WinSock: version 1.1 (2.2), MaxSocks=32767, MaxUdp=65467
LogOnline: OSS: TryLoadSubsystemAndSetDefault: Loaded subsystem for module [NULL]
LogInit: Build: ++UE4+Release-4.25-CL-14469661
LogInit: Engine Version: 4.25.4-14469661+++UE4+Release-4.25
LogInit: Compatible Engine Version: 4.25.0-13144385+++UE4+Release-4.25
LogInit: Net CL: 13144385
LogInit: OS: Windows 10 (Release 1909) (), CPU: AMD Ryzen 5 1600X Six-Core Processor           , GPU: NVIDIA GeForce GTX 550 Ti
LogInit: Compiled (64-bit): Oct 11 2020 08:10:49
LogInit: Compiled with Visual C++: 19.24.28315.00
LogInit: Build Configuration: Development
LogInit: Branch Name: ++UE4+Release-4.25
LogInit: Command Line:  -skipcompile
LogInit: Base Directory: C:/Program Files/Epic Games/UE_4.25/Engine/Binaries/Win64/
LogInit: Allocator: TBB
LogInit: Installed Engine Build: 1
LogDevObjectVersion: Number of dev versions registered: 26
LogDevObjectVersion:   Dev-Blueprints (B0D832E4-1F89-4F0D-ACCF-7EB736FD4AA2): 10
LogDevObjectVersion:   Dev-Build (E1C64328-A22C-4D53-A36C-8E866417BD8C): 0
LogDevObjectVersion:   Dev-Core (375EC13C-06E4-48FB-B500-84F0262A717E): 4
LogDevObjectVersion:   Dev-Editor (E4B068ED-F494-42E9-A231-DA0B2E46BB41): 38
LogDevObjectVersion:   Dev-Framework (CFFC743F-43B0-4480-9391-14DF171D2073): 37
LogDevObjectVersion:   Dev-Mobile (B02B49B5-BB20-44E9-A304-32B752E40360): 2
LogDevObjectVersion:   Dev-Networking (A4E4105C-59A1-49B5-A7C5-40C4547EDFEE): 0
LogDevObjectVersion:   Dev-Online (39C831C9-5AE6-47DC-9A44-9C173E1C8E7C): 0
LogDevObjectVersion:   Dev-Physics (78F01B33-EBEA-4F98-B9B4-84EACCB95AA2): 4
LogDevObjectVersion:   Dev-Platform (6631380F-2D4D-43E0-8009-CF276956A95A): 0
LogDevObjectVersion:   Dev-Rendering (12F88B9F-8875-4AFC-A67C-D90C383ABD29): 43
LogDevObjectVersion:   Dev-Sequencer (7B5AE74C-D270-4C10-A958-57980B212A5A): 12
LogDevObjectVersion:   Dev-VR (D7296918-1DD6-4BDD-9DE2-64A83CC13884): 3
LogDevObjectVersion:   Dev-LoadTimes (C2A15278-BFE7-4AFE-6C17-90FF531DF755): 1
LogDevObjectVersion:   Private-Geometry (6EACA3D4-40EC-4CC1-B786-8BED09428FC5): 3
LogDevObjectVersion:   Dev-AnimPhys (29E575DD-E0A3-4627-9D10-D276232CDCEA): 17
LogDevObjectVersion:   Dev-Anim (AF43A65D-7FD3-4947-9873-3E8ED9C1BB05): 7
LogDevObjectVersion:   Dev-ReflectionCapture (6B266CEC-1EC7-4B8F-A30B-E4D90942FC07): 1
LogDevObjectVersion:   Dev-Automation (0DF73D61-A23F-47EA-B727-89E90C41499A): 1
LogDevObjectVersion:   FortniteMain (601D1886-AC64-4F84-AA16-D3DE0DEAC7D6): 31
LogDevObjectVersion:   Dev-Enterprise (9DFFBCD6-494F-0158-E221-12823C92A888): 10
LogDevObjectVersion:   Dev-Niagara (F2AED0AC-9AFE-416F-8664-AA7FFA26D6FC): 1
LogDevObjectVersion:   Dev-Destruction (174F1F0B-B4C6-45A5-B13F-2EE8D0FB917D): 10
LogDevObjectVersion:   Dev-Physics-Ext (35F94A83-E258-406C-A318-09F59610247C): 37
LogDevObjectVersion:   Dev-PhysicsMaterial-Chaos (B68FC16E-8B1B-42E2-B453-215C058844FE): 1
LogDevObjectVersion:   Dev-CineCamera (B2E18506-4273-CFC2-A54E-F4BB758BBA07): 1
LogInit: Presizing for max 25165824 objects, including 0 objects not considered by GC, pre-allocating 0 bytes for permanent pool.
LogConfig: Applying CVar settings from Section [/Script/Engine.StreamingSettings] File [C:/work/PerforceWorkspace/EnginerLocalPcLessons/XYZProject/ue4/XYZProject/Saved/Config/Windows/Engine.ini]
LogConfig: Setting CVar [[s.MinBulkDataSizeForAsyncLoading:131072]]
LogConfig: Setting CVar [[s.AsyncLoadingThreadEnabled:0]]
LogConfig: Setting CVar [[s.EventDrivenLoaderEnabled:1]]
LogConfig: Setting CVar [[s.WarnIfTimeLimitExceeded:0]]
LogConfig: Setting CVar [[s.TimeLimitExceededMultiplier:1.5]]
LogConfig: Setting CVar [[s.TimeLimitExceededMinTime:0.005]]
LogConfig: Setting CVar [[s.UseBackgroundLevelStreaming:1]]
LogConfig: Setting CVar [[s.PriorityAsyncLoadingExtraTime:15.0]]
LogConfig: Setting CVar [[s.LevelStreamingActorsUpdateTimeLimit:5.0]]
LogConfig: Setting CVar [[s.PriorityLevelStreamingActorsUpdateExtraTime:5.0]]
LogConfig: Setting CVar [[s.LevelStreamingComponentsRegistrationGranularity:10]]
LogConfig: Setting CVar [[s.UnregisterComponentsTimeLimit:1.0]]
LogConfig: Setting CVar [[s.LevelStreamingComponentsUnregistrationGranularity:5]]
LogConfig: Setting CVar [[s.FlushStreamingOnExit:1]]
LogInit: Object subsystem initialized
LogConfig: Setting CVar [[con.DebugEarlyDefault:1]]
LogConfig: Setting CVar [[r.setres:1280x720]]
[2020.11.10-11.47.30:863][  0]LogConfig: Setting CVar [[r.VSync:0]]
[2020.11.10-11.47.30:863][  0]LogConfig: Setting CVar [[r.RHICmdBypass:0]]
[2020.11.10-11.47.30:863][  0]LogConfig: Applying CVar settings from Section [/Script/Engine.RendererSettings] File [C:/work/PerforceWorkspace/EnginerLocalPcLessons/XYZProject/ue4/XYZProject/Saved/Config/Windows/Engine.ini]
[2020.11.10-11.47.30:863][  0]LogConfig: Setting CVar [[r.GPUCrashDebugging:0]]
[2020.11.10-11.47.30:863][  0]LogConfig: Applying CVar settings from Section [/Script/Engine.RendererOverrideSettings] File [C:/work/PerforceWorkspace/EnginerLocalPcLessons/XYZProject/ue4/XYZProject/Saved/Config/Windows/Engine.ini]
[2020.11.10-11.47.30:863][  0]LogConfig: Applying CVar settings from Section [/Script/Engine.StreamingSettings] File [C:/work/PerforceWorkspace/EnginerLocalPcLessons/XYZProject/ue4/XYZProject/Saved/Config/Windows/Engine.ini]
[2020.11.10-11.47.30:863][  0]LogConfig: Setting CVar [[s.MinBulkDataSizeForAsyncLoading:131072]]
[2020.11.10-11.47.30:863][  0]LogConfig: Setting CVar [[s.AsyncLoadingThreadEnabled:0]]
[2020.11.10-11.47.30:863][  0]LogConfig: Setting CVar [[s.EventDrivenLoaderEnabled:1]]
[2020.11.10-11.47.30:863][  0]LogConfig: Setting CVar [[s.WarnIfTimeLimitExceeded:0]]
[2020.11.10-11.47.30:863][  0]LogConfig: Setting CVar [[s.TimeLimitExceededMultiplier:1.5]]
[2020.11.10-11.47.30:863][  0]LogConfig: Setting CVar [[s.TimeLimitExceededMinTime:0.005]]
[2020.11.10-11.47.30:863][  0]LogConfig: Setting CVar [[s.UseBackgroundLevelStreaming:1]]
[2020.11.10-11.47.30:864][  0]LogConfig: Setting CVar [[s.PriorityAsyncLoadingExtraTime:15.0]]
[2020.11.10-11.47.30:864][  0]LogConfig: Setting CVar [[s.LevelStreamingActorsUpdateTimeLimit:5.0]]
[2020.11.10-11.47.30:864][  0]LogConfig: Setting CVar [[s.PriorityLevelStreamingActorsUpdateExtraTime:5.0]]
[2020.11.10-11.47.30:864][  0]LogConfig: Setting CVar [[s.LevelStreamingComponentsRegistrationGranularity:10]]
[2020.11.10-11.47.30:864][  0]LogConfig: Setting CVar [[s.UnregisterComponentsTimeLimit:1.0]]
[2020.11.10-11.47.30:864][  0]LogConfig: Setting CVar [[s.LevelStreamingComponentsUnregistrationGranularity:5]]
[2020.11.10-11.47.30:864][  0]LogConfig: Setting CVar [[s.FlushStreamingOnExit:1]]
[2020.11.10-11.47.30:864][  0]LogConfig: Applying CVar settings from Section [/Script/Engine.GarbageCollectionSettings] File [C:/work/PerforceWorkspace/EnginerLocalPcLessons/XYZProject/ue4/XYZProject/Saved/Config/Windows/Engine.ini]
[2020.11.10-11.47.30:864][  0]LogConfig: Setting CVar [[gc.MaxObjectsNotConsideredByGC:1]]
[2020.11.10-11.47.30:864][  0]LogConfig: Setting CVar [[gc.SizeOfPermanentObjectPool:0]]
[2020.11.10-11.47.30:864][  0]LogConfig: Setting CVar [[gc.FlushStreamingOnGC:0]]
[2020.11.10-11.47.30:864][  0]LogConfig: Setting CVar [[gc.NumRetriesBeforeForcingGC:10]]
[2020.11.10-11.47.30:864][  0]LogConfig: Setting CVar [[gc.AllowParallelGC:1]]
[2020.11.10-11.47.30:864][  0]LogConfig: Setting CVar [[gc.TimeBetweenPurgingPendingKillObjects:61.1]]
[2020.11.10-11.47.30:864][  0]LogConfig: Setting CVar [[gc.MaxObjectsInEditor:25165824]]
[2020.11.10-11.47.30:864][  0]LogConfig: Setting CVar [[gc.IncrementalBeginDestroyEnabled:1]]
[2020.11.10-11.47.30:864][  0]LogConfig: Setting CVar [[gc.CreateGCClusters:1]]
[2020.11.10-11.47.30:864][  0]LogConfig: Setting CVar [[gc.MinGCClusterSize:5]]
[2020.11.10-11.47.30:864][  0]LogConfig: Setting CVar [[gc.ActorClusteringEnabled:0]]
[2020.11.10-11.47.30:864][  0]LogConfig: Setting CVar [[gc.BlueprintClusteringEnabled:0]]
[2020.11.10-11.47.30:864][  0]LogConfig: Setting CVar [[gc.UseDisregardForGCOnDedicatedServers:0]]
[2020.11.10-11.47.30:864][  0]LogConfig: Applying CVar settings from Section [/Script/Engine.NetworkSettings] File [C:/work/PerforceWorkspace/EnginerLocalPcLessons/XYZProject/ue4/XYZProject/Saved/Config/Windows/Engine.ini]
[2020.11.10-11.47.30:865][  0]LogConfig: Applying CVar settings from Section [/Script/UnrealEd.CookerSettings] File [C:/work/PerforceWorkspace/EnginerLocalPcLessons/XYZProject/ue4/XYZProject/Saved/Config/Windows/Engine.ini]
[2020.11.10-11.47.30:872][  0]LogConfig: Applying CVar settings from Section [ViewDistanceQuality@3] File [C:/work/PerforceWorkspace/EnginerLocalPcLessons/XYZProject/ue4/XYZProject/Saved/Config/Windows/Scalability.ini]
[2020.11.10-11.47.30:873][  0]LogConfig: Setting CVar [[r.SkeletalMeshLODBias:0]]
[2020.11.10-11.47.30:873][  0]LogConfig: Setting CVar [[r.ViewDistanceScale:1.0]]
[2020.11.10-11.47.30:873][  0]LogConfig: Applying CVar settings from Section [AntiAliasingQuality@3] File [C:/work/PerforceWorkspace/EnginerLocalPcLessons/XYZProject/ue4/XYZProject/Saved/Config/Windows/Scalability.ini]
[2020.11.10-11.47.30:873][  0]LogConfig: Setting CVar [[r.PostProcessAAQuality:4]]
[2020.11.10-11.47.30:873][  0]LogConfig: Applying CVar settings from Section [ShadowQuality@3] File [C:/work/PerforceWorkspace/EnginerLocalPcLessons/XYZProject/ue4/XYZProject/Saved/Config/Windows/Scalability.ini]
[2020.11.10-11.47.30:873][  0]LogConfig: Setting CVar [[r.LightFunctionQuality:1]]
[2020.11.10-11.47.30:873][  0]LogConfig: Setting CVar [[r.ShadowQuality:5]]
[2020.11.10-11.47.30:873][  0]LogConfig: Setting CVar [[r.Shadow.CSM.MaxCascades:10]]
[2020.11.10-11.47.30:873][  0]LogConfig: Setting CVar [[r.Shadow.MaxResolution:2048]]
[2020.11.10-11.47.30:873][  0]LogConfig: Setting CVar [[r.Shadow.MaxCSMResolution:2048]]
[2020.11.10-11.47.30:873][  0]LogConfig: Setting CVar [[r.Shadow.RadiusThreshold:0.01]]
[2020.11.10-11.47.30:873][  0]LogConfig: Setting CVar [[r.Shadow.DistanceScale:1.0]]
[2020.11.10-11.47.30:873][  0]LogConfig: Setting CVar [[r.Shadow.CSM.TransitionScale:1.0]]
[2020.11.10-11.47.30:873][  0]LogConfig: Setting CVar [[r.Shadow.PreShadowResolutionFactor:1.0]]
[2020.11.10-11.47.30:873][  0]LogConfig: Setting CVar [[r.DistanceFieldShadowing:1]]
[2020.11.10-11.47.30:873][  0]LogConfig: Setting CVar [[r.DistanceFieldAO:1]]
[2020.11.10-11.47.30:873][  0]LogConfig: Setting CVar [[r.AOQuality:2]]
[2020.11.10-11.47.30:873][  0]LogConfig: Setting CVar [[r.VolumetricFog:1]]
[2020.11.10-11.47.30:873][  0]LogConfig: Setting CVar [[r.VolumetricFog.GridPixelSize:8]]
[2020.11.10-11.47.30:873][  0]LogConfig: Setting CVar [[r.VolumetricFog.GridSizeZ:128]]
[2020.11.10-11.47.30:874][  0]LogConfig: Setting CVar [[r.VolumetricFog.HistoryMissSupersampleCount:4]]
[2020.11.10-11.47.30:874][  0]LogConfig: Setting CVar [[r.LightMaxDrawDistanceScale:1]]
[2020.11.10-11.47.30:874][  0]LogConfig: Setting CVar [[r.CapsuleShadows:1]]
[2020.11.10-11.47.30:874][  0]LogConfig: Applying CVar settings from Section [PostProcessQuality@3] File [C:/work/PerforceWorkspace/EnginerLocalPcLessons/XYZProject/ue4/XYZProject/Saved/Config/Windows/Scalability.ini]
[2020.11.10-11.47.30:874][  0]LogConfig: Setting CVar [[r.MotionBlurQuality:4]]
[2020.11.10-11.47.30:874][  0]LogConfig: Setting CVar [[r.AmbientOcclusionMipLevelFactor:0.4]]
[2020.11.10-11.47.30:874][  0]LogConfig: Setting CVar [[r.AmbientOcclusionMaxQuality:100]]
[2020.11.10-11.47.30:874][  0]LogConfig: Setting CVar [[r.AmbientOcclusionLevels:-1]]
[2020.11.10-11.47.30:874][  0]LogConfig: Setting CVar [[r.AmbientOcclusionRadiusScale:1.0]]
[2020.11.10-11.47.30:874][  0]LogConfig: Setting CVar [[r.DepthOfFieldQuality:2]]
[2020.11.10-11.47.30:874][  0]LogConfig: Setting CVar [[r.RenderTargetPoolMin:400]]
[2020.11.10-11.47.30:874][  0]LogConfig: Setting CVar [[r.LensFlareQuality:2]]
[2020.11.10-11.47.30:874][  0]LogConfig: Setting CVar [[r.SceneColorFringeQuality:1]]
[2020.11.10-11.47.30:874][  0]LogConfig: Setting CVar [[r.EyeAdaptationQuality:2]]
[2020.11.10-11.47.30:874][  0]LogConfig: Setting CVar [[r.BloomQuality:5]]
[2020.11.10-11.47.30:874][  0]LogConfig: Setting CVar [[r.FastBlurThreshold:100]]
[2020.11.10-11.47.30:874][  0]LogConfig: Setting CVar [[r.Upscale.Quality:3]]
[2020.11.10-11.47.30:874][  0]LogConfig: Setting CVar [[r.Tonemapper.GrainQuantization:1]]
[2020.11.10-11.47.30:874][  0]LogConfig: Setting CVar [[r.LightShaftQuality:1]]
[2020.11.10-11.47.30:874][  0]LogConfig: Setting CVar [[r.Filter.SizeScale:1]]
[2020.11.10-11.47.30:874][  0]LogConfig: Setting CVar [[r.Tonemapper.Quality:5]]
[2020.11.10-11.47.30:875][  0]LogConfig: Setting CVar [[r.DOF.Gather.AccumulatorQuality:1        ; higher gathering accumulator quality]]
[2020.11.10-11.47.30:875][  0]LogConfig: Setting CVar [[r.DOF.Gather.PostfilterMethod:1          ; Median3x3 postfilering method]]
[2020.11.10-11.47.30:875][  0]LogConfig: Setting CVar [[r.DOF.Gather.EnableBokehSettings:0       ; no bokeh simulation when gathering]]
[2020.11.10-11.47.30:875][  0]LogConfig: Setting CVar [[r.DOF.Gather.RingCount:4                 ; medium number of samples when gathering]]
[2020.11.10-11.47.30:875][  0]LogConfig: Setting CVar [[r.DOF.Scatter.ForegroundCompositing:1    ; additive foreground scattering]]
[2020.11.10-11.47.30:875][  0]LogConfig: Setting CVar [[r.DOF.Scatter.BackgroundCompositing:2    ; additive background scattering]]
[2020.11.10-11.47.30:875][  0]LogConfig: Setting CVar [[r.DOF.Scatter.EnableBokehSettings:1      ; bokeh simulation when scattering]]
[2020.11.10-11.47.30:875][  0]LogConfig: Setting CVar [[r.DOF.Scatter.MaxSpriteRatio:0.1         ; only a maximum of 10% of scattered bokeh]]
[2020.11.10-11.47.30:875][  0]LogConfig: Setting CVar [[r.DOF.Recombine.Quality:1                ; cheap slight out of focus]]
[2020.11.10-11.47.30:875][  0]LogConfig: Setting CVar [[r.DOF.Recombine.EnableBokehSettings:0    ; no bokeh simulation on slight out of focus]]
[2020.11.10-11.47.30:875][  0]LogConfig: Setting CVar [[r.DOF.TemporalAAQuality:1                ; more stable temporal accumulation]]
[2020.11.10-11.47.30:875][  0]LogConfig: Setting CVar [[r.DOF.Kernel.MaxForegroundRadius:0.025]]
[2020.11.10-11.47.30:875][  0]LogConfig: Setting CVar [[r.DOF.Kernel.MaxBackgroundRadius:0.025]]
[2020.11.10-11.47.30:875][  0]LogConfig: Applying CVar settings from Section [TextureQuality@3] File [C:/work/PerforceWorkspace/EnginerLocalPcLessons/XYZProject/ue4/XYZProject/Saved/Config/Windows/Scalability.ini]
[2020.11.10-11.47.30:875][  0]LogConfig: Setting CVar [[r.Streaming.MipBias:0]]
[2020.11.10-11.47.30:875][  0]LogConfig: Setting CVar [[r.Streaming.AmortizeCPUToGPUCopy:0]]
[2020.11.10-11.47.30:875][  0]LogConfig: Setting CVar [[r.Streaming.MaxNumTexturesToStreamPerFrame:0]]
[2020.11.10-11.47.30:875][  0]LogConfig: Setting CVar [[r.Streaming.Boost:1]]
[2020.11.10-11.47.30:875][  0]LogConfig: Setting CVar [[r.MaxAnisotropy:8]]
[2020.11.10-11.47.30:875][  0]LogConfig: Setting CVar [[r.VT.MaxAnisotropy:8]]
[2020.11.10-11.47.30:876][  0]LogConfig: Setting CVar [[r.Streaming.LimitPoolSizeToVRAM:0]]
[2020.11.10-11.47.30:876][  0]LogConfig: Setting CVar [[r.Streaming.PoolSize:1000]]
[2020.11.10-11.47.30:876][  0]LogConfig: Setting CVar [[r.Streaming.MaxEffectiveScreenSize:0]]
[2020.11.10-11.47.30:876][  0]LogConfig: Applying CVar settings from Section [EffectsQuality@3] File [C:/work/PerforceWorkspace/EnginerLocalPcLessons/XYZProject/ue4/XYZProject/Saved/Config/Windows/Scalability.ini]
[2020.11.10-11.47.30:876][  0]LogConfig: Setting CVar [[r.TranslucencyLightingVolumeDim:64]]
[2020.11.10-11.47.30:876][  0]LogConfig: Setting CVar [[r.RefractionQuality:2]]
[2020.11.10-11.47.30:876][  0]LogConfig: Setting CVar [[r.SSR.Quality:3]]
[2020.11.10-11.47.30:876][  0]LogConfig: Setting CVar [[r.SSR.HalfResSceneColor:0]]
[2020.11.10-11.47.30:876][  0]LogConfig: Setting CVar [[r.SceneColorFormat:4]]
[2020.11.10-11.47.30:876][  0]LogConfig: Setting CVar [[r.DetailMode:2]]
[2020.11.10-11.47.30:876][  0]LogConfig: Setting CVar [[r.TranslucencyVolumeBlur:1]]
[2020.11.10-11.47.30:876][  0]LogConfig: Setting CVar [[r.MaterialQualityLevel:1 ; High quality]]
[2020.11.10-11.47.30:876][  0]LogConfig: Setting CVar [[r.SSS.Scale:1]]
[2020.11.10-11.47.30:876][  0]LogConfig: Setting CVar [[r.SSS.SampleSet:2]]
[2020.11.10-11.47.30:876][  0]LogConfig: Setting CVar [[r.SSS.Quality:1]]
[2020.11.10-11.47.30:876][  0]LogConfig: Setting CVar [[r.SSS.HalfRes:0]]
[2020.11.10-11.47.30:876][  0]LogConfig: Setting CVar [[r.SSGI.Quality:3]]
[2020.11.10-11.47.30:876][  0]LogConfig: Setting CVar [[r.EmitterSpawnRateScale:1.0]]
[2020.11.10-11.47.30:877][  0]LogConfig: Setting CVar [[r.ParticleLightQuality:2]]
[2020.11.10-11.47.30:877][  0]LogConfig: Setting CVar [[r.SkyAtmosphere.AerialPerspectiveLUT.FastApplyOnOpaque:1 ; Always have FastSkyLUT 1 in this case to avoid wrong sky]]
[2020.11.10-11.47.30:877][  0]LogConfig: Setting CVar [[r.SkyAtmosphere.AerialPerspectiveLUT.SampleCountPerSlice:1]]
[2020.11.10-11.47.30:877][  0]LogConfig: Setting CVar [[r.SkyAtmosphere.AerialPerspectiveLUT.DepthResolution:16.0]]
[2020.11.10-11.47.30:877][  0]LogConfig: Setting CVar [[r.SkyAtmosphere.FastSkyLUT:1]]
[2020.11.10-11.47.30:877][  0]LogConfig: Setting CVar [[r.SkyAtmosphere.FastSkyLUT.SampleCountMin:4.0]]
[2020.11.10-11.47.30:877][  0]LogConfig: Setting CVar [[r.SkyAtmosphere.FastSkyLUT.SampleCountMax:32.0]]
[2020.11.10-11.47.30:877][  0]LogConfig: Setting CVar [[r.SkyAtmosphere.SampleCountMin:4.0]]
[2020.11.10-11.47.30:877][  0]LogConfig: Setting CVar [[r.SkyAtmosphere.SampleCountMax:32.0]]
[2020.11.10-11.47.30:877][  0]LogConfig: Setting CVar [[r.SkyAtmosphere.TransmittanceLUT.UseSmallFormat:0]]
[2020.11.10-11.47.30:877][  0]LogConfig: Setting CVar [[r.SkyAtmosphere.TransmittanceLUT.SampleCount:10.0]]
[2020.11.10-11.47.30:877][  0]LogConfig: Setting CVar [[r.SkyAtmosphere.MultiScatteringLUT.SampleCount:15.0]]
[2020.11.10-11.47.30:877][  0]LogConfig: Applying CVar settings from Section [FoliageQuality@3] File [C:/work/PerforceWorkspace/EnginerLocalPcLessons/XYZProject/ue4/XYZProject/Saved/Config/Windows/Scalability.ini]
[2020.11.10-11.47.30:877][  0]LogConfig: Setting CVar [[foliage.DensityScale:1.0]]
[2020.11.10-11.47.30:877][  0]LogConfig: Setting CVar [[grass.DensityScale:1.0]]
[2020.11.10-11.47.30:877][  0]LogConfig: Applying CVar settings from Section [ShadingQuality@3] File [C:/work/PerforceWorkspace/EnginerLocalPcLessons/XYZProject/ue4/XYZProject/Saved/Config/Windows/Scalability.ini]
[2020.11.10-11.47.30:878][  0]LogConfig: Setting CVar [[r.HairStrands.SkyLighting.SampleCount:16]]
[2020.11.10-11.47.30:878][  0]LogConfig: Setting CVar [[r.HairStrands.SkyLighting.JitterIntegration:0]]
[2020.11.10-11.47.30:878][  0]LogConfig: Setting CVar [[r.HairStrands.SkyAO.SampleCount:16]]
[2020.11.10-11.47.30:878][  0]LogConfig: Setting CVar [[r.HairStrands.DeepShadow.SuperSampling:0]]
[2020.11.10-11.47.30:878][  0]LogConfig: Setting CVar [[r.HairStrands.VisibilityPPLL:0]]
[2020.11.10-11.47.30:878][  0]LogConfig: Setting CVar [[r.HairStrands.RasterizationScale:0.5]]
[2020.11.10-11.47.30:878][  0]LogConfig: Setting CVar [[r.HairStrands.VelocityRasterizationScale:1]]
[2020.11.10-11.47.30:878][  0]LogInit: Selected Device Profile: [Windows]
[2020.11.10-11.47.30:878][  0]LogInit: Applying CVar settings loaded from the selected device profile: [Windows]
[2020.11.10-11.47.30:879][  0]LogHAL: Display: Platform has ~ 16 GB [17130360832 / 17179869184 / 16], which maps to Larger [LargestMinGB=32, LargerMinGB=12, DefaultMinGB=8, SmallerMinGB=6, SmallestMinGB=0)
[2020.11.10-11.47.30:879][  0]LogInit: Going up to parent DeviceProfile []
[2020.11.10-11.47.30:879][  0]LogConfig: Applying CVar settings from Section [ViewDistanceQuality@2] File [C:/work/PerforceWorkspace/EnginerLocalPcLessons/XYZProject/ue4/XYZProject/Saved/Config/Windows/Scalability.ini]
[2020.11.10-11.47.30:879][  0]LogConfig: Setting CVar [[r.SkeletalMeshLODBias:0]]
[2020.11.10-11.47.30:879][  0]LogConfig: Setting CVar [[r.ViewDistanceScale:0.8]]
[2020.11.10-11.47.30:879][  0]LogConfig: Applying CVar settings from Section [AntiAliasingQuality@2] File [C:/work/PerforceWorkspace/EnginerLocalPcLessons/XYZProject/ue4/XYZProject/Saved/Config/Windows/Scalability.ini]
[2020.11.10-11.47.30:879][  0]LogConfig: Setting CVar [[r.PostProcessAAQuality:3]]
[2020.11.10-11.47.30:879][  0]LogConfig: Applying CVar settings from Section [ShadowQuality@2] File [C:/work/PerforceWorkspace/EnginerLocalPcLessons/XYZProject/ue4/XYZProject/Saved/Config/Windows/Scalability.ini]
[2020.11.10-11.47.30:879][  0]LogConfig: Setting CVar [[r.LightFunctionQuality:1]]
[2020.11.10-11.47.30:880][  0]LogConfig: Setting CVar [[r.ShadowQuality:5]]
[2020.11.10-11.47.30:880][  0]LogConfig: Setting CVar [[r.Shadow.CSM.MaxCascades:4]]
[2020.11.10-11.47.30:880][  0]LogConfig: Setting CVar [[r.Shadow.MaxResolution:1024]]
[2020.11.10-11.47.30:880][  0]LogConfig: Setting CVar [[r.Shadow.MaxCSMResolution:2048]]
[2020.11.10-11.47.30:880][  0]LogConfig: Setting CVar [[r.Shadow.RadiusThreshold:0.04]]
[2020.11.10-11.47.30:880][  0]LogConfig: Setting CVar [[r.Shadow.DistanceScale:0.85]]
[2020.11.10-11.47.30:880][  0]LogConfig: Setting CVar [[r.Shadow.CSM.TransitionScale:0.8]]
[2020.11.10-11.47.30:880][  0]LogConfig: Setting CVar [[r.Shadow.PreShadowResolutionFactor:0.5]]
[2020.11.10-11.47.30:880][  0]LogConfig: Setting CVar [[r.DistanceFieldShadowing:1]]
[2020.11.10-11.47.30:880][  0]LogConfig: Setting CVar [[r.DistanceFieldAO:1]]
[2020.11.10-11.47.30:880][  0]LogConfig: Setting CVar [[r.AOQuality:1]]
[2020.11.10-11.47.30:880][  0]LogConfig: Setting CVar [[r.VolumetricFog:1]]
[2020.11.10-11.47.30:880][  0]LogConfig: Setting CVar [[r.VolumetricFog.GridPixelSize:16]]
[2020.11.10-11.47.30:880][  0]LogConfig: Setting CVar [[r.VolumetricFog.GridSizeZ:64]]
[2020.11.10-11.47.30:880][  0]LogConfig: Setting CVar [[r.VolumetricFog.HistoryMissSupersampleCount:4]]
[2020.11.10-11.47.30:880][  0]LogConfig: Setting CVar [[r.LightMaxDrawDistanceScale:1]]
[2020.11.10-11.47.30:880][  0]LogConfig: Setting CVar [[r.CapsuleShadows:1]]
[2020.11.10-11.47.30:880][  0]LogConfig: Applying CVar settings from Section [PostProcessQuality@2] File [C:/work/PerforceWorkspace/EnginerLocalPcLessons/XYZProject/ue4/XYZProject/Saved/Config/Windows/Scalability.ini]
[2020.11.10-11.47.30:881][  0]LogConfig: Setting CVar [[r.MotionBlurQuality:3]]
[2020.11.10-11.47.30:881][  0]LogConfig: Setting CVar [[r.AmbientOcclusionMipLevelFactor:0.6]]
[2020.11.10-11.47.30:881][  0]LogConfig: Setting CVar [[r.AmbientOcclusionMaxQuality:100]]
[2020.11.10-11.47.30:881][  0]LogConfig: Setting CVar [[r.AmbientOcclusionLevels:-1]]
[2020.11.10-11.47.30:881][  0]LogConfig: Setting CVar [[r.AmbientOcclusionRadiusScale:1.5]]
[2020.11.10-11.47.30:881][  0]LogConfig: Setting CVar [[r.DepthOfFieldQuality:2]]
[2020.11.10-11.47.30:881][  0]LogConfig: Setting CVar [[r.RenderTargetPoolMin:400]]
[2020.11.10-11.47.30:881][  0]LogConfig: Setting CVar [[r.LensFlareQuality:2]]
[2020.11.10-11.47.30:881][  0]LogConfig: Setting CVar [[r.SceneColorFringeQuality:1]]
[2020.11.10-11.47.30:881][  0]LogConfig: Setting CVar [[r.EyeAdaptationQuality:2]]
[2020.11.10-11.47.30:881][  0]LogConfig: Setting CVar [[r.BloomQuality:5]]
[2020.11.10-11.47.30:881][  0]LogConfig: Setting CVar [[r.FastBlurThreshold:3]]
[2020.11.10-11.47.30:881][  0]LogConfig: Setting CVar [[r.Upscale.Quality:2]]
[2020.11.10-11.47.30:881][  0]LogConfig: Setting CVar [[r.Tonemapper.GrainQuantization:1]]
[2020.11.10-11.47.30:881][  0]LogConfig: Setting CVar [[r.LightShaftQuality:1]]
[2020.11.10-11.47.30:881][  0]LogConfig: Setting CVar [[r.Filter.SizeScale:0.8]]
[2020.11.10-11.47.30:881][  0]LogConfig: Setting CVar [[r.Tonemapper.Quality:5]]
[2020.11.10-11.47.30:881][  0]LogConfig: Setting CVar [[r.DOF.Gather.AccumulatorQuality:0        ; lower gathering accumulator quality]]
[2020.11.10-11.47.30:881][  0]LogConfig: Setting CVar [[r.DOF.Gather.PostfilterMethod:2          ; Max3x3 postfilering method]]
[2020.11.10-11.47.30:881][  0]LogConfig: Setting CVar [[r.DOF.Gather.EnableBokehSettings:0       ; no bokeh simulation when gathering]]
[2020.11.10-11.47.30:881][  0]LogConfig: Setting CVar [[r.DOF.Gather.RingCount:4                 ; medium number of samples when gathering]]
[2020.11.10-11.47.30:881][  0]LogConfig: Setting CVar [[r.DOF.Scatter.ForegroundCompositing:1    ; additive foreground scattering]]
[2020.11.10-11.47.30:881][  0]LogConfig: Setting CVar [[r.DOF.Scatter.BackgroundCompositing:1    ; no background occlusion]]
[2020.11.10-11.47.30:882][  0]LogConfig: Setting CVar [[r.DOF.Scatter.EnableBokehSettings:0      ; no bokeh simulation when scattering]]
[2020.11.10-11.47.30:882][  0]LogConfig: Setting CVar [[r.DOF.Scatter.MaxSpriteRatio:0.04        ; only a maximum of 4% of scattered bokeh]]
[2020.11.10-11.47.30:882][  0]LogConfig: Setting CVar [[r.DOF.Recombine.Quality:0                ; no slight out of focus]]
[2020.11.10-11.47.30:882][  0]LogConfig: Setting CVar [[r.DOF.TemporalAAQuality:0                ; faster temporal accumulation]]
[2020.11.10-11.47.30:882][  0]LogConfig: Setting CVar [[r.DOF.Kernel.MaxForegroundRadius:0.012   ; required because of AccumulatorQuality=0]]
[2020.11.10-11.47.30:882][  0]LogConfig: Setting CVar [[r.DOF.Kernel.MaxBackgroundRadius:0.012   ; required because of AccumulatorQuality=0]]
[2020.11.10-11.47.30:882][  0]LogConfig: Applying CVar settings from Section [TextureQuality@2] File [C:/work/PerforceWorkspace/EnginerLocalPcLessons/XYZProject/ue4/XYZProject/Saved/Config/Windows/Scalability.ini]
[2020.11.10-11.47.30:882][  0]LogConfig: Setting CVar [[r.Streaming.MipBias:0]]
[2020.11.10-11.47.30:882][  0]LogConfig: Setting CVar [[r.Streaming.AmortizeCPUToGPUCopy:0]]
[2020.11.10-11.47.30:882][  0]LogConfig: Setting CVar [[r.Streaming.MaxNumTexturesToStreamPerFrame:0]]
[2020.11.10-11.47.30:882][  0]LogConfig: Setting CVar [[r.Streaming.Boost:1]]
[2020.11.10-11.47.30:882][  0]LogConfig: Setting CVar [[r.MaxAnisotropy:4]]
[2020.11.10-11.47.30:882][  0]LogConfig: Setting CVar [[r.VT.MaxAnisotropy:8]]
[2020.11.10-11.47.30:882][  0]LogConfig: Setting CVar [[r.Streaming.LimitPoolSizeToVRAM:1]]
[2020.11.10-11.47.30:882][  0]LogConfig: Setting CVar [[r.Streaming.PoolSize:800]]
[2020.11.10-11.47.30:882][  0]LogConfig: Setting CVar [[r.Streaming.MaxEffectiveScreenSize:0]]
[2020.11.10-11.47.30:882][  0]LogConfig: Applying CVar settings from Section [EffectsQuality@2] File [C:/work/PerforceWorkspace/EnginerLocalPcLessons/XYZProject/ue4/XYZProject/Saved/Config/Windows/Scalability.ini]
[2020.11.10-11.47.30:882][  0]LogConfig: Setting CVar [[r.TranslucencyLightingVolumeDim:48]]
[2020.11.10-11.47.30:882][  0]LogConfig: Setting CVar [[r.RefractionQuality:2]]
[2020.11.10-11.47.30:882][  0]LogConfig: Setting CVar [[r.SSR.Quality:2]]
[2020.11.10-11.47.30:882][  0]LogConfig: Setting CVar [[r.SSR.HalfResSceneColor:1]]
[2020.11.10-11.47.30:882][  0]LogConfig: Setting CVar [[r.SceneColorFormat:3]]
[2020.11.10-11.47.30:882][  0]LogConfig: Setting CVar [[r.DetailMode:1]]
[2020.11.10-11.47.30:883][  0]LogConfig: Setting CVar [[r.TranslucencyVolumeBlur:1]]
[2020.11.10-11.47.30:883][  0]LogConfig: Setting CVar [[r.MaterialQualityLevel:1 ; High quality]]
[2020.11.10-11.47.30:883][  0]LogConfig: Setting CVar [[r.SSS.Scale:1]]
[2020.11.10-11.47.30:883][  0]LogConfig: Setting CVar [[r.SSS.SampleSet:1]]
[2020.11.10-11.47.30:883][  0]LogConfig: Setting CVar [[r.SSS.Quality:-1]]
[2020.11.10-11.47.30:883][  0]LogConfig: Setting CVar [[r.SSS.HalfRes:1]]
[2020.11.10-11.47.30:883][  0]LogConfig: Setting CVar [[r.SSGI.Quality:2]]
[2020.11.10-11.47.30:883][  0]LogConfig: Setting CVar [[r.EmitterSpawnRateScale:0.5]]
[2020.11.10-11.47.30:883][  0]LogConfig: Setting CVar [[r.ParticleLightQuality:1]]
[2020.11.10-11.47.30:883][  0]LogConfig: Setting CVar [[r.SkyAtmosphere.AerialPerspectiveLUT.FastApplyOnOpaque:1 ; Always have FastSkyLUT 1 in this case to avoid wrong sky]]
[2020.11.10-11.47.30:883][  0]LogConfig: Setting CVar [[r.SkyAtmosphere.AerialPerspectiveLUT.SampleCountPerSlice:1]]
[2020.11.10-11.47.30:883][  0]LogConfig: Setting CVar [[r.SkyAtmosphere.AerialPerspectiveLUT.DepthResolution:16.0]]
[2020.11.10-11.47.30:883][  0]LogConfig: Setting CVar [[r.SkyAtmosphere.FastSkyLUT:1]]
[2020.11.10-11.47.30:883][  0]LogConfig: Setting CVar [[r.SkyAtmosphere.FastSkyLUT.SampleCountMin:4.0]]
[2020.11.10-11.47.30:883][  0]LogConfig: Setting CVar [[r.SkyAtmosphere.FastSkyLUT.SampleCountMax:32.0]]
[2020.11.10-11.47.30:883][  0]LogConfig: Setting CVar [[r.SkyAtmosphere.SampleCountMin:4.0]]
[2020.11.10-11.47.30:883][  0]LogConfig: Setting CVar [[r.SkyAtmosphere.SampleCountMax:32.0]]
[2020.11.10-11.47.30:883][  0]LogConfig: Setting CVar [[r.SkyAtmosphere.TransmittanceLUT.UseSmallFormat:0]]
[2020.11.10-11.47.30:883][  0]LogConfig: Setting CVar [[r.SkyAtmosphere.TransmittanceLUT.SampleCount:10.0]]
[2020.11.10-11.47.30:883][  0]LogConfig: Setting CVar [[r.SkyAtmosphere.MultiScatteringLUT.SampleCount:15.0]]
[2020.11.10-11.47.30:883][  0]LogConfig: Applying CVar settings from Section [FoliageQuality@2] File [C:/work/PerforceWorkspace/EnginerLocalPcLessons/XYZProject/ue4/XYZProject/Saved/Config/Windows/Scalability.ini]
[2020.11.10-11.47.30:883][  0]LogConfig: Setting CVar [[foliage.DensityScale:0.8]]
[2020.11.10-11.47.30:883][  0]LogConfig: Setting CVar [[grass.DensityScale:0.8]]
[2020.11.10-11.47.30:883][  0]LogConfig: Applying CVar settings from Section [ShadingQuality@2] File [C:/work/PerforceWorkspace/EnginerLocalPcLessons/XYZProject/ue4/XYZProject/Saved/Config/Windows/Scalability.ini]
[2020.11.10-11.47.30:884][  0]LogConfig: Setting CVar [[r.HairStrands.SkyLighting.SampleCount:16]]
[2020.11.10-11.47.30:884][  0]LogConfig: Setting CVar [[r.HairStrands.SkyLighting.JitterIntegration:0]]
[2020.11.10-11.47.30:884][  0]LogConfig: Setting CVar [[r.HairStrands.SkyAO.SampleCount:16]]
[2020.11.10-11.47.30:884][  0]LogConfig: Setting CVar [[r.HairStrands.DeepShadow.SuperSampling:0]]
[2020.11.10-11.47.30:884][  0]LogConfig: Setting CVar [[r.HairStrands.VisibilityPPLL:0]]
[2020.11.10-11.47.30:884][  0]LogConfig: Setting CVar [[r.HairStrands.RasterizationScale:0.5]]
[2020.11.10-11.47.30:884][  0]LogConfig: Setting CVar [[r.HairStrands.VelocityRasterizationScale:1]]
[2020.11.10-11.47.30:884][  0]LogConfig: Applying CVar settings from Section [Startup] File [../../../Engine/Config/ConsoleVariables.ini]
[2020.11.10-11.47.30:884][  0]LogConfig: Setting CVar [[net.UseAdaptiveNetUpdateFrequency:0]]
[2020.11.10-11.47.30:884][  0]LogConfig: Setting CVar [[p.chaos.AllowCreatePhysxBodies:1]]
[2020.11.10-11.47.30:884][  0]LogConfig: Setting CVar [[fx.SkipVectorVMBackendOptimizations:1]]
[2020.11.10-11.47.30:884][  0]LogConfig: Applying CVar settings from Section [ConsoleVariables] File [C:/work/PerforceWorkspace/EnginerLocalPcLessons/XYZProject/ue4/XYZProject/Saved/Config/Windows/Engine.ini]
[2020.11.10-11.47.30:886][  0]LogInit: Computer: DESKTOP-MG3UB52
[2020.11.10-11.47.30:886][  0]LogInit: User: userone
[2020.11.10-11.47.30:886][  0]LogInit: CPU Page size=4096, Cores=6
[2020.11.10-11.47.30:886][  0]LogInit: High frequency timer resolution =10.000000 MHz
[2020.11.10-11.47.30:887][  0]LogMemory: Memory total: Physical=16.0GB (16GB approx)
[2020.11.10-11.47.30:887][  0]LogMemory: Platform Memory Stats for Windows
[2020.11.10-11.47.30:887][  0]LogMemory: Process Physical Memory: 116.29 MB used, 116.29 MB peak
[2020.11.10-11.47.30:887][  0]LogMemory: Process Virtual Memory: 98.82 MB used, 98.82 MB peak
[2020.11.10-11.47.30:887][  0]LogMemory: Physical Memory: 12985.72 MB used,  3351.06 MB free, 16336.79 MB total
[2020.11.10-11.47.30:887][  0]LogMemory: Virtual Memory: 5132.56 MB used,  134212592.00 MB free, 134217728.00 MB total
[2020.11.10-11.47.30:900][  0]LogWindows: WindowsPlatformFeatures enabled
[2020.11.10-11.47.31:198][  0]LogInit: Physics initialised using underlying interface: PhysX
[2020.11.10-11.47.31:200][  0]LogInit: Using OS detected language (ru-RU).
[2020.11.10-11.47.31:200][  0]LogInit: Using OS detected locale (ru-RU).
[2020.11.10-11.47.31:219][  0]LogTextLocalizationManager: No specific localization for 'ru-RU' exists, so the 'ru' localization will be used.
[2020.11.10-11.47.31:219][  0]LogTextLocalizationResource: LocRes '../../../Engine/Content/Localization/Editor/ru/Editor.locres' could not be opened for reading!
[2020.11.10-11.47.31:219][  0]LogTextLocalizationResource: LocRes '../../../Engine/Content/Localization/EditorTutorials/ru/EditorTutorials.locres' could not be opened for reading!
[2020.11.10-11.47.31:220][  0]LogTextLocalizationResource: LocRes '../../../Engine/Content/Localization/Keywords/ru/Keywords.locres' could not be opened for reading!
[2020.11.10-11.47.31:220][  0]LogTextLocalizationResource: LocRes '../../../Engine/Content/Localization/Category/ru/Category.locres' could not be opened for reading!
[2020.11.10-11.47.31:221][  0]LogTextLocalizationResource: LocRes '../../../Engine/Content/Localization/ToolTips/ru/ToolTips.locres' could not be opened for reading!
[2020.11.10-11.47.31:221][  0]LogTextLocalizationResource: LocRes '../../../Engine/Content/Localization/PropertyNames/ru/PropertyNames.locres' could not be opened for reading!
[2020.11.10-11.47.31:221][  0]LogTextLocalizationResource: LocRes '../../../Engine/Content/Localization/Engine/ru/Engine.locres' could not be opened for reading!
[2020.11.10-11.47.31:223][  0]LogInit: Setting process to per monitor DPI aware
[2020.11.10-11.47.31:296][  0]LogSlate: New Slate User Created.  User Index 0, Is Virtual User: 0
[2020.11.10-11.47.31:296][  0]LogSlate: Slate User Registered.  User Index 0, Is Virtual User: 0
[2020.11.10-11.47.31:671][  0]LogHMD: Failed to initialize OpenVR with code 110
[2020.11.10-11.47.31:671][  0]LogD3D11RHI: D3D11 min allowed feature level: 11_0
[2020.11.10-11.47.31:671][  0]LogD3D11RHI: D3D11 max allowed feature level: 11_0
[2020.11.10-11.47.31:671][  0]LogD3D11RHI: D3D11 adapters:
[2020.11.10-11.47.31:767][  0]LogD3D11RHI:    0. 'NVIDIA GeForce GTX 550 Ti' (Feature Level 11_0)
[2020.11.10-11.47.31:767][  0]LogD3D11RHI:       959/0/8168 MB DedicatedVideo/DedicatedSystem/SharedSystem, Outputs:2, VendorId:0x10de
[2020.11.10-11.47.31:774][  0]LogD3D11RHI:    1. 'Microsoft Basic Render Driver' (Feature Level 11_0)
[2020.11.10-11.47.31:774][  0]LogD3D11RHI:       0/0/8168 MB DedicatedVideo/DedicatedSystem/SharedSystem, Outputs:0, VendorId:0x1414
[2020.11.10-11.47.31:774][  0]LogD3D11RHI: Chosen D3D11 Adapter: 0
[2020.11.10-11.47.31:786][  0]LogD3D11RHI: Creating new Direct3DDevice
[2020.11.10-11.47.31:787][  0]LogD3D11RHI:     GPU DeviceId: 0x1244 (for the marketing name, search the web for "GPU Device Id")
[2020.11.10-11.47.31:787][  0]LogWindows: EnumDisplayDevices:
[2020.11.10-11.47.31:787][  0]LogWindows:    0. 'NVIDIA GeForce GTX 550 Ti' (P:1 D:1)
[2020.11.10-11.47.31:787][  0]LogWindows:    1. 'NVIDIA GeForce GTX 550 Ti' (P:0 D:1)
[2020.11.10-11.47.31:788][  0]LogWindows: DebugString: FoundDriverCount:2 
[2020.11.10-11.47.31:788][  0]LogD3D11RHI:     Adapter Name: NVIDIA GeForce GTX 550 Ti
[2020.11.10-11.47.31:788][  0]LogD3D11RHI:   Driver Version: 391.35 (internal:23.21.13.9135, unified:391.35)
[2020.11.10-11.47.31:788][  0]LogD3D11RHI:      Driver Date: 3-23-2018
[2020.11.10-11.47.31:788][  0]LogRHI: Texture pool is 671 MB (70% of 959 MB)
[2020.11.10-11.47.31:830][  0]LogD3D11RHI: Display: Timestamp queries are currently disabled on this hardware due to instability. Realtime GPU stats will not be available. You can override this behaviour by setting r.NVIDIATimestampWorkaround to 0
[2020.11.10-11.47.31:830][  0]LogD3D11RHI: RHI does not have support for 64 bit atomics
[2020.11.10-11.47.31:830][  0]LogD3D11RHI: Async texture creation enabled
[2020.11.10-11.47.31:901][  0]LogD3D11RHI: GPU Timing Frequency: 1000.000000 (Debug: 2 2)
[2020.11.10-11.47.32:236][  0]LogTargetPlatformManager: Display: Loaded TargetPlatform 'AllDesktop'
[2020.11.10-11.47.32:265][  0]LogTargetPlatformManager: Display: Loaded TargetPlatform 'Android'
[2020.11.10-11.47.32:266][  0]LogTargetPlatformManager: Display: Loaded TargetPlatform 'Android_ASTC'
[2020.11.10-11.47.32:266][  0]LogTargetPlatformManager: Display: Loaded TargetPlatform 'Android_DXT'
[2020.11.10-11.47.32:266][  0]LogTargetPlatformManager: Display: Loaded TargetPlatform 'Android_ETC2'
[2020.11.10-11.47.32:266][  0]LogTargetPlatformManager: Display: Loaded TargetPlatform 'AndroidClient'
[2020.11.10-11.47.32:266][  0]LogTargetPlatformManager: Display: Loaded TargetPlatform 'Android_ASTCClient'
[2020.11.10-11.47.32:266][  0]LogTargetPlatformManager: Display: Loaded TargetPlatform 'Android_DXTClient'
[2020.11.10-11.47.32:266][  0]LogTargetPlatformManager: Display: Loaded TargetPlatform 'Android_ETC2Client'
[2020.11.10-11.47.32:266][  0]LogTargetPlatformManager: Display: Loaded TargetPlatform 'Android_Multi'
[2020.11.10-11.47.32:266][  0]LogTargetPlatformManager: Display: Loaded TargetPlatform 'Android_MultiClient'
[2020.11.10-11.47.32:307][  0]LogTargetPlatformManager: Display: Loaded TargetPlatform 'IOSClient'
[2020.11.10-11.47.32:307][  0]LogTargetPlatformManager: Display: Loaded TargetPlatform 'IOS'
[2020.11.10-11.47.32:324][  0]LogTargetPlatformManager: Display: Loaded TargetPlatform 'Linux'
[2020.11.10-11.47.32:339][  0]LogTargetPlatformManager: Display: Loaded TargetPlatform 'LinuxNoEditor'
[2020.11.10-11.47.32:354][  0]LogTargetPlatformManager: Display: Loaded TargetPlatform 'LinuxClient'
[2020.11.10-11.47.32:367][  0]LogTargetPlatformManager: Display: Loaded TargetPlatform 'LinuxServer'
[2020.11.10-11.47.32:382][  0]LogTargetPlatformManager: Display: Loaded TargetPlatform 'LinuxAArch64NoEditor'
[2020.11.10-11.47.32:399][  0]LogTargetPlatformManager: Display: Loaded TargetPlatform 'LinuxAArch64Client'
[2020.11.10-11.47.32:414][  0]LogTargetPlatformManager: Display: Loaded TargetPlatform 'LinuxAArch64Server'
[2020.11.10-11.47.32:452][  0]LogTargetPlatformManager: Display: Loaded TargetPlatform 'Lumin'
[2020.11.10-11.47.32:452][  0]LogTargetPlatformManager: Display: Loaded TargetPlatform 'LuminClient'
[2020.11.10-11.47.32:476][  0]LogTargetPlatformManager: Display: Loaded TargetPlatform 'TVOSClient'
[2020.11.10-11.47.32:476][  0]LogTargetPlatformManager: Display: Loaded TargetPlatform 'TVOS'
[2020.11.10-11.47.32:490][  0]LogTargetPlatformManager: Display: Loaded TargetPlatform 'WindowsNoEditor'
[2020.11.10-11.47.32:506][  0]LogTargetPlatformManager: Display: Loaded TargetPlatform 'Windows'
[2020.11.10-11.47.32:521][  0]LogTargetPlatformManager: Display: Loaded TargetPlatform 'WindowsClient'
[2020.11.10-11.47.32:536][  0]LogTargetPlatformManager: Display: Loaded TargetPlatform 'WindowsServer'
[2020.11.10-11.47.32:536][  0]LogTargetPlatformManager: Display: Building Assets For Windows
[2020.11.10-11.47.32:561][  0]LogAudioDebug: Display: Lib vorbis DLL was dynamically loaded.
[2020.11.10-11.47.32:717][  0]LogShaderCompilers: Guid format shader working directory is -40 characters bigger than the processId version (../../../../../../work/PerforceWorkspace/EnginerLocalPcLessons/XYZProject/ue4/XYZProject/Intermediate/Shaders/WorkingDirectory/25152/).
[2020.11.10-11.47.32:717][  0]LogShaderCompilers: Cleaned the shader compiler working directory 'C:/Users/user_one/AppData/Local/Temp/UnrealShaderWorkingDir/5C55004B4C6D6B1D2813E3B8E0E3CB5E/'.
[2020.11.10-11.47.32:719][  0]LogXGEController: Cannot use XGE Controller as Incredibuild is not installed on this machine.
[2020.11.10-11.47.32:719][  0]LogShaderCompilers: Cannot use XGE Shader Compiler as Incredibuild is not installed on this machine.
[2020.11.10-11.47.32:719][  0]LogShaderCompilers: Display: Using Local Shader Compiler.
[2020.11.10-11.47.33:757][  0]LogDerivedDataCache: Display: Max Cache Size: 512 MB
[2020.11.10-11.47.33:947][  0]LogDerivedDataCache: Loaded boot cache 0.19s 75MB C:/Users/user_one/AppData/Local/UnrealEngine/4.25/DerivedDataCache/Boot.ddc.
[2020.11.10-11.47.33:947][  0]LogDerivedDataCache: Display: Loaded Boot cache: C:/Users/user_one/AppData/Local/UnrealEngine/4.25/DerivedDataCache/Boot.ddc
[2020.11.10-11.47.33:947][  0]LogDerivedDataCache: FDerivedDataBackendGraph:  Pak pak cache file ../../../../../../work/PerforceWorkspace/EnginerLocalPcLessons/XYZProject/ue4/XYZProject/DerivedDataCache/DDC.ddp not found, will not use a pak cache.
[2020.11.10-11.47.33:947][  0]LogDerivedDataCache: Unable to find inner node Pak for hierarchical cache Hierarchy.
[2020.11.10-11.47.33:947][  0]LogDerivedDataCache: FDerivedDataBackendGraph:  CompressedPak pak cache file ../../../../../../work/PerforceWorkspace/EnginerLocalPcLessons/XYZProject/ue4/XYZProject/DerivedDataCache/Compressed.ddp not found, will not use a pak cache.
[2020.11.10-11.47.33:947][  0]LogDerivedDataCache: Unable to find inner node CompressedPak for hierarchical cache Hierarchy.
[2020.11.10-11.47.33:960][  0]LogDerivedDataCache: Display: Pak cache opened for reading ../../../Engine/DerivedDataCache/Compressed.ddp.
[2020.11.10-11.47.33:961][  0]LogDerivedDataCache: FDerivedDataBackendGraph:  EnterprisePak pak cache file ../../../Enterprise/DerivedDataCache/Compressed.ddp not found, will not use a pak cache.
[2020.11.10-11.47.33:961][  0]LogDerivedDataCache: Unable to find inner node EnterprisePak for hierarchical cache Hierarchy.
[2020.11.10-11.47.33:963][  0]LogDerivedDataCache: Using Local data cache path C:/Users/user_one/AppData/Local/UnrealEngine/Common/DerivedDataCache: Writable
[2020.11.10-11.47.33:963][  0]LogDerivedDataCache: Shared data cache path not found in *engine.ini, will not use an Shared cache.
[2020.11.10-11.47.33:963][  0]LogDerivedDataCache: Unable to find inner node Shared for hierarchical cache Hierarchy.
[2020.11.10-11.47.34:020][  0]LogSlate: Using FreeType 2.10.0
[2020.11.10-11.47.34:022][  0]LogSlate: SlateFontServices - WITH_FREETYPE: 1, WITH_HARFBUZZ: 1
[2020.11.10-11.47.34:064][  0]LogAssetRegistry: FAssetRegistry took 0.0053 seconds to start up
[2020.11.10-11.47.34:402][  0]LogInit: Selected Device Profile: [Windows]
[2020.11.10-11.47.34:588][  0]LogMeshReduction: Using QuadricMeshReduction for automatic static mesh reduction
[2020.11.10-11.47.34:588][  0]LogMeshReduction: Using SimplygonMeshReduction for automatic skeletal mesh reduction
[2020.11.10-11.47.34:589][  0]LogMeshReduction: Using ProxyLODMeshReduction for automatic mesh merging
[2020.11.10-11.47.34:589][  0]LogMeshReduction: No distributed automatic mesh merging module available
[2020.11.10-11.47.34:590][  0]LogMeshMerging: No distributed automatic mesh merging module available
[2020.11.10-11.47.34:612][  0]LogNetVersion: XYZProject 1.0.0, NetCL: 13144385, EngineNetVer: 14, GameNetVer: 0 (Checksum: 1442504022)
[2020.11.10-11.47.35:241][  0]LogAISub: UAISubsystem::UAISubsystem AISubsystem (000001DA99495900), frame # 0
[2020.11.10-11.47.35:241][  0]LogAISub: UAISubsystem::UAISubsystem AIPerceptionSystem (000001DA994207C0), frame # 0
[2020.11.10-11.47.35:243][  0]LogAISub: UAISubsystem::UAISubsystem EnvQueryManager (000001DA9943DE00), frame # 0
[2020.11.10-11.47.35:300][  0]LogPackageLocalizationCache: Processed 20 localized package path(s) for 1 prioritized culture(s) in 0.041140 seconds
[2020.11.10-11.47.35:306][  0]LogUObjectArray: 15917 objects as part of root set at end of initial load.
[2020.11.10-11.47.35:306][  0]LogUObjectAllocator: 3965568 out of 0 bytes used by permanent object pool.
[2020.11.10-11.47.35:306][  0]LogUObjectArray: CloseDisregardForGC: 0/0 objects in disregard for GC pool
[2020.11.10-11.47.36:206][  0]LogTcpMessaging: Initializing TcpMessaging bridge
[2020.11.10-11.47.36:215][  0]LogUdpMessaging: Initializing bridge on interface 0.0.0.0:0 to multicast group 230.0.0.1:6666.
[2020.11.10-11.47.36:389][  0]SourceControl: Source control is disabled
[2020.11.10-11.47.36:389][  0]SourceControl: Source control is disabled
[2020.11.10-11.47.36:397][  0]SourceControl: Source control is disabled
[2020.11.10-11.47.36:404][  0]SourceControl: Source control is disabled
[2020.11.10-11.47.36:421][  0]SourceControl: Source control is disabled
[2020.11.10-11.47.36:979][  0]LogAndroidPermission: UAndroidPermissionCallbackProxy::GetInstance
[2020.11.10-11.47.37:022][  0]LogAudioCaptureCore: Display: No Audio Capture implementations found. Audio input will be silent.
[2020.11.10-11.47.37:023][  0]LogAudioCaptureCore: Display: No Audio Capture implementations found. Audio input will be silent.
[2020.11.10-11.47.37:108][  0]LogOcInput: OculusInput pre-init called
[2020.11.10-11.47.37:129][  0]LogWindows: Failed to load 'OVRPlugin.dll' (GetLastError=126)
[2020.11.10-11.47.37:129][  0]LogWindows: File 'OVRPlugin.dll' does not exist
[2020.11.10-11.47.37:244][  0]LogEngine: Initializing Engine...
[2020.11.10-11.47.37:247][  0]LogHMD: Failed to initialize OpenVR with code 110
[2020.11.10-11.47.37:247][  0]LogMagicLeap: Warning: VR disabled because ZI is not enabled.  To enable, in the editor, Edit -> Project Settings -> Plugins -> Magic Leap Plugin -> Enable Zero Iteration
[2020.11.10-11.47.37:248][  0]LogStats: UGameplayTagsManager::InitializeManager -  0.000 s
[2020.11.10-11.47.37:374][  0]LogInit: Initializing FReadOnlyCVARCache
[2020.11.10-11.47.37:389][  0]LogAIModule: Creating AISystem for world Untitled
[2020.11.10-11.47.37:389][  0]LogAISub: UAISubsystem::UAISubsystem EnvQueryManager (000001DA9F2D3C00), frame # 0
[2020.11.10-11.47.37:389][  0]LogAISub: UAISubsystem::UAISubsystem AIPerceptionSystem (000001DA9F2CFB00), frame # 0
[2020.11.10-11.47.37:399][  0]LogAudioMixer: Display: Audio Mixer Platform Settings:
[2020.11.10-11.47.37:400][  0]LogAudioMixer: Display: 	Sample Rate:						  48000
[2020.11.10-11.47.37:400][  0]LogAudioMixer: Display: 	Callback Buffer Frame Size Requested: 1024
[2020.11.10-11.47.37:400][  0]LogAudioMixer: Display: 	Callback Buffer Frame Size To Use:	  1024
[2020.11.10-11.47.37:400][  0]LogAudioMixer: Display: 	Number of buffers to queue:			  2
[2020.11.10-11.47.37:400][  0]LogAudioMixer: Display: 	Max Channels (voices):				  32
[2020.11.10-11.47.37:400][  0]LogAudioMixer: Display: 	Number of Async Source Workers:		  0
[2020.11.10-11.47.37:400][  0]LogAudio: Display: AudioDevice MaxSources: 32
[2020.11.10-11.47.37:400][  0]LogAudio: Display: Using built-in audio occlusion.
[2020.11.10-11.47.37:400][  0]LogAudioMixer: Display: Initializing audio mixer.
[2020.11.10-11.47.37:425][  0]LogAudioMixer: Display: 0: FrontLeft
[2020.11.10-11.47.37:425][  0]LogAudioMixer: Display: 1: FrontRight
[2020.11.10-11.47.37:490][  0]LogAudioMixer: Display: Using Audio Device Динамики (High Definition Audio Device)
[2020.11.10-11.47.37:493][  0]LogAudioMixer: Display: Initializing Sound Submixes...
[2020.11.10-11.47.37:497][  0]LogAudioMixer: Display: Creating Master Submix 'MasterSubmixDefault'
[2020.11.10-11.47.37:497][  0]LogAudioMixer: Display: Creating Master Submix 'MasterReverbSubmixDefault'
[2020.11.10-11.47.37:498][  0]LogAudioMixer: Display: Creating Master Submix 'MasterEQSubmixDefault'
[2020.11.10-11.47.37:501][  0]LogInit: FAudioDevice initialized.
[2020.11.10-11.47.37:501][  0]LogNetVersion: Set ProjectVersion to 1.0.0.0. Version Checksum will be recalculated on next use.
[2020.11.10-11.47.37:586][  0]LogDerivedDataCache: Saved boot cache 0.09s 75MB C:/Users/user_one/AppData/Local/UnrealEngine/4.25/DerivedDataCache/Boot.ddc.
[2020.11.10-11.47.37:591][  0]LogInit: Texture streaming: Enabled
[2020.11.10-11.47.37:626][  0]LogEngineSessionManager: EngineSessionManager initialized
[2020.11.10-11.47.37:626][  0]LogEditorSessionSummary: Verbose: Initializing EditorSessionSummaryWriter for editor session tracking
[2020.11.10-11.47.37:632][  0]LogEditorSessionSummary: EditorSessionSummaryWriter initialized
[2020.11.10-11.47.37:685][  0]LogInit: Transaction tracking system initialized
[2020.11.10-11.47.37:734][  0]BlueprintLog: New page: Editor Load
[2020.11.10-11.47.37:887][  0]LocalizationService: Localization service is disabled
[2020.11.10-11.47.38:154][  0]LogCook: Display: Max memory allowance for cook 16384mb min free memory 0mb
[2020.11.10-11.47.38:154][  0]LogCook: Display: Mobile HDR setting 1
[2020.11.10-11.47.38:424][  0]LogFileCache: Scanning file cache for directory 'C:/work/PerforceWorkspace/EnginerLocalPcLessons/XYZProject/ue4/XYZProject/Content/' took 0.00s
[2020.11.10-11.47.38:662][  0]SourceControl: Source control is disabled
[2020.11.10-11.47.38:662][  0]LogUnrealEdMisc: Loading editor; pre map load, took 10.616
[2020.11.10-11.47.38:662][  0]Cmd: MAP LOAD FILE="../../../../../../work/PerforceWorkspace/EnginerLocalPcLessons/XYZProject/ue4/XYZProject/Content/XYZProject/Maps/Gym_Default.umap" TEMPLATE=0 SHOWPROGRESS=1 FEATURELEVEL=3
[2020.11.10-11.47.38:663][  0]LightingResults: New page: Lighting Build
[2020.11.10-11.47.38:665][  0]LogWorld: UWorld::CleanupWorld for Untitled, bSessionEnded=true, bCleanupResources=true
[2020.11.10-11.47.38:665][  0]LogSlate: InvalidateAllWidgets triggered.  All widgets were invalidated
[2020.11.10-11.47.38:665][  0]MapCheck: New page: Map Check
[2020.11.10-11.47.38:665][  0]LightingResults: New page: Lighting Build
[2020.11.10-11.47.38:681][  0]LogAISub: UAISubsystem::~UAISubsystem EnvQueryManager (000001DA9F2D3C00), frame # 0
[2020.11.10-11.47.38:681][  0]LogAISub: UAISubsystem::~UAISubsystem AIPerceptionSystem (000001DA9F2CFB00), frame # 0
[2020.11.10-11.47.38:682][  0]LogUObjectHash: Compacting FUObjectHashTables data took   0.73ms
[2020.11.10-11.47.39:066][  0]LogAIModule: Creating AISystem for world Gym_Default
[2020.11.10-11.47.39:067][  0]LogAISub: UAISubsystem::UAISubsystem EnvQueryManager (000001DA8FB90800), frame # 0
[2020.11.10-11.47.39:067][  0]LogAISub: UAISubsystem::UAISubsystem AIPerceptionSystem (000001DAA7BE9BC0), frame # 0
[2020.11.10-11.47.39:241][  0]LogEditorServer: Finished looking for orphan Actors (0.000 secs)
[2020.11.10-11.47.39:261][  0]LogUObjectHash: Compacting FUObjectHashTables data took   0.88ms
[2020.11.10-11.47.39:262][  0]Cmd: MAP CHECKDEP NOCLEARLOG
[2020.11.10-11.47.39:263][  0]MapCheck: Map check complete: 0 Error(s), 0 Warning(s), took 0,258ms to complete.
[2020.11.10-11.47.39:263][  0]LogFileHelpers: Loading map 'Gym_Default' took 0.601
[2020.11.10-11.47.39:266][  0]LogUnrealEdMisc: Total Editor Startup Time, took 11.220
[2020.11.10-11.47.39:418][  0]LogSlate: Updating window title bar state: overlay mode, drag disabled, window buttons hidden, title bar hidden
[2020.11.10-11.47.39:425][  0]LogSlate: Updating window title bar state: overlay mode, drag disabled, window buttons hidden, title bar hidden
[2020.11.10-11.47.39:433][  0]LogSlate: Updating window title bar state: overlay mode, drag disabled, window buttons hidden, title bar hidden
[2020.11.10-11.47.39:440][  0]LogSlate: Updating window title bar state: overlay mode, drag disabled, window buttons hidden, title bar hidden
[2020.11.10-11.47.39:454][  0]LogCollectionManager: Loaded 0 collections in 0.002071 seconds
[2020.11.10-11.47.39:482][  0]LogFileCache: Scanning file cache for directory 'C:/work/PerforceWorkspace/EnginerLocalPcLessons/XYZProject/ue4/XYZProject/Saved/Collections/' took 0.00s
[2020.11.10-11.47.39:482][  0]LogFileCache: Scanning file cache for directory 'C:/work/PerforceWorkspace/EnginerLocalPcLessons/XYZProject/ue4/XYZProject/Content/Developers/userone/Collections/' took 0.00s
[2020.11.10-11.47.39:482][  0]LogFileCache: Scanning file cache for directory 'C:/work/PerforceWorkspace/EnginerLocalPcLessons/XYZProject/ue4/XYZProject/Content/Collections/' took 0.00s
[2020.11.10-11.47.39:482][  0]LogContentBrowser: Native class hierarchy populated in 0.0128 seconds. Added 3461 classes and 836 folders.
[2020.11.10-11.47.39:491][  0]LogContentBrowser: Native class hierarchy updated for 'WidgetCarousel' in 0.0006 seconds. Added 0 classes and 0 folders.
[2020.11.10-11.47.39:681][  0]LogContentBrowser: Native class hierarchy updated for 'AddContentDialog' in 0.0007 seconds. Added 0 classes and 0 folders.
[2020.11.10-11.47.39:687][  0]LogContentBrowser: Native class hierarchy updated for 'SceneOutliner' in 0.0006 seconds. Added 2 classes and 0 folders.
[2020.11.10-11.47.40:250][  0]LogSlate: Took 0.002745 seconds to synchronously load lazily loaded font '../../../Engine/Content/Slate/Fonts/Roboto-Regular.ttf' (155K)
[2020.11.10-11.47.40:253][  0]LogSlate: Took 0.001023 seconds to synchronously load lazily loaded font '../../../Engine/Content/Slate/Fonts/Roboto-Bold.ttf' (160K)
[2020.11.10-11.47.40:259][  0]LogSlate: Took 0.000751 seconds to synchronously load lazily loaded font '../../../Engine/Content/Editor/Slate/Fonts/FontAwesome.ttf' (139K)
[2020.11.10-11.47.40:329][  0]LogRenderer: Reallocating scene render targets to support 1208x580 Format 9 NumSamples 1 (Frame:1).
[2020.11.10-11.47.40:423][  0]LogContentBrowser: Native class hierarchy updated for 'HierarchicalLODOutliner' in 0.0006 seconds. Added 0 classes and 0 folders.
[2020.11.10-11.47.40:424][  0]LogLoad: (Engine Initialization) Total time: 12.38 seconds
[2020.11.10-11.47.40:424][  0]LogLoad: (Engine Initialization) Total Blueprint compile time: 0.00 seconds
[2020.11.10-11.47.40:523][  0]LogAssetRegistry: Asset discovery search completed in 6.4622 seconds
[2020.11.10-11.47.40:527][  0]LogAutoSizeComments: Loaded auto size comments cache: ../../../Engine/Plugins/Marketplace/AutoSizeComments/ASCCache/DB10E9B649441E60BC429DB70B8D5AC0.json
[2020.11.10-11.47.40:553][  0]LogCollectionManager: Fixed up redirectors for 0 collections in 0.000002 seconds (updated 0 objects)
[2020.11.10-11.47.40:564][  0]LogContentStreaming: Texture pool size now 800 MB
[2020.11.10-11.47.40:602][  0]LogSlate: Took 0.000982 seconds to synchronously load lazily loaded font '../../../Engine/Content/Slate/Fonts/Roboto-Light.ttf' (167K)
[2020.11.10-11.47.41:603][  3]LogMaterial: Display: Missing cached shader map for material Material_0, compiling. 
[2020.11.10-11.47.41:691][  4]LogShaderCompilers: Display: Worker (1/9): shaders left to compile 34
[2020.11.10-11.47.41:691][  4]LogShaderCompilers: Display: Worker (2/9): shaders left to compile 29
[2020.11.10-11.47.41:692][  4]LogShaderCompilers: Display: Worker (3/9): shaders left to compile 24
[2020.11.10-11.47.41:692][  4]LogShaderCompilers: Display: Worker (4/9): shaders left to compile 19
[2020.11.10-11.47.41:692][  4]LogShaderCompilers: Display: Worker (5/9): shaders left to compile 14
[2020.11.10-11.47.41:692][  4]LogShaderCompilers: Display: Worker (6/9): shaders left to compile 9
[2020.11.10-11.47.41:692][  4]LogShaderCompilers: Display: Worker (7/9): shaders left to compile 4
[2020.11.10-11.47.41:979][  4]LogMaterial: Display: Missing cached shader map for material Material_1, compiling. 
[2020.11.10-11.47.42:001][  4]LogShaderCompilers: Display: Worker (8/9): shaders left to compile 34
[2020.11.10-11.47.42:165][  5]LogMaterial: Display: Missing cached shader map for material Material_2, compiling. 
[2020.11.10-11.47.42:230][  6]LogMaterial: Display: Missing cached shader map for material Material_3, compiling. 
[2020.11.10-11.47.43:976][ 62]LogShaderCompilers: Display: Worker (6/9): shaders left to compile 97
[2020.11.10-11.47.44:092][ 69]LogShaderCompilers: Display: Worker (2/9): shaders left to compile 87
[2020.11.10-11.47.44:092][ 69]LogShaderCompilers: Display: Worker (7/9): shaders left to compile 77
[2020.11.10-11.47.44:398][ 89]LogShaderCompilers: Display: Worker (4/9): shaders left to compile 67
[2020.11.10-11.47.44:647][ 98]LogShaderCompilers: Display: Worker (1/9): shaders left to compile 58
[2020.11.10-11.47.44:684][ 99]LogShaderCompilers: Display: Worker (8/9): shaders left to compile 50
[2020.11.10-11.47.44:757][102]LogShaderCompilers: Display: Worker (5/9): shaders left to compile 43
[2020.11.10-11.47.45:030][111]LogShaderCompilers: Display: Worker (3/9): shaders left to compile 37
[2020.11.10-11.47.47:083][204]LogShaderCompilers: Display: Worker (3/9): shaders left to compile 32
[2020.11.10-11.47.47:311][215]LogShaderCompilers: Display: Worker (5/9): shaders left to compile 27
[2020.11.10-11.47.47:395][219]LogShaderCompilers: Display: Worker (4/9): shaders left to compile 23
[2020.11.10-11.47.47:927][246]LogShaderCompilers: Display: Worker (8/9): shaders left to compile 20
[2020.11.10-11.47.48:219][261]LogShaderCompilers: Display: Worker (6/9): shaders left to compile 17
[2020.11.10-11.47.48:436][272]LogShaderCompilers: Display: Worker (7/9): shaders left to compile 14
[2020.11.10-11.47.48:634][282]LogShaderCompilers: Display: Worker (1/9): shaders left to compile 12
[2020.11.10-11.47.48:723][287]LogShaderCompilers: Display: Worker (2/9): shaders left to compile 10
[2020.11.10-11.47.48:723][287]LogShaderCompilers: Display: Worker (3/9): shaders left to compile 8
[2020.11.10-11.47.48:925][297]LogShaderCompilers: Display: Worker (4/9): shaders left to compile 6
[2020.11.10-11.47.48:992][300]LogShaderCompilers: Display: Worker (5/9): shaders left to compile 5
[2020.11.10-11.47.49:296][316]LogShaderCompilers: Display: Worker (6/9): shaders left to compile 4
[2020.11.10-11.47.49:429][323]LogShaderCompilers: Display: Worker (4/9): shaders left to compile 3
[2020.11.10-11.47.49:452][324]LogShaderCompilers: Display: Worker (2/9): shaders left to compile 2
[2020.11.10-11.47.49:490][326]LogShaderCompilers: Display: Worker (5/9): shaders left to compile 1
[2020.11.10-11.47.50:927][397]LogTemp: Repeating last play command: Selected Viewport
[2020.11.10-11.47.50:942][397]LogPlayLevel: PlayLevel: No blueprints needed recompiling
[2020.11.10-11.47.50:944][397]PIE: New page: PIE session: Gym_Default (10 нояб. 2020 г., 17:47:50)
[2020.11.10-11.47.50:946][397]LogOnline: OSS: Creating online subsystem instance for: NULL
[2020.11.10-11.47.50:948][397]LogOnline: OSS: TryLoadSubsystemAndSetDefault: Loaded subsystem for module [NULL]
[2020.11.10-11.47.50:949][397]LogPlayLevel: Creating play world package: /Game/XYZProject/Maps/UEDPIE_0_Gym_Default
[2020.11.10-11.47.50:983][397]LogPlayLevel: PIE: StaticDuplicateObject took: (0.034318s)
[2020.11.10-11.47.50:984][397]LogAIModule: Creating AISystem for world Gym_Default
[2020.11.10-11.47.50:984][397]LogAISub: UAISubsystem::UAISubsystem EnvQueryManager (000001DA8FB90E00), frame # 397
[2020.11.10-11.47.50:984][397]LogAISub: UAISubsystem::UAISubsystem AIPerceptionSystem (000001DA9F535940), frame # 397
[2020.11.10-11.47.50:985][397]LogPlayLevel: PIE: World Init took: (0.001383s)
[2020.11.10-11.47.50:985][397]LogPlayLevel: PIE: Created PIE world by copying editor world from /Game/XYZProject/Maps/Gym_Default.Gym_Default to /Game/XYZProject/Maps/UEDPIE_0_Gym_Default.Gym_Default (0.036156s)
[2020.11.10-11.47.50:997][397]LogUObjectHash: Compacting FUObjectHashTables data took   0.66ms
[2020.11.10-11.47.50:999][397]LogAudioMixer: Display: Audio Mixer Platform Settings:
[2020.11.10-11.47.50:999][397]LogAudioMixer: Display: 	Sample Rate:						  48000
[2020.11.10-11.47.50:999][397]LogAudioMixer: Display: 	Callback Buffer Frame Size Requested: 1024
[2020.11.10-11.47.50:999][397]LogAudioMixer: Display: 	Callback Buffer Frame Size To Use:	  1024
[2020.11.10-11.47.50:999][397]LogAudioMixer: Display: 	Number of buffers to queue:			  2
[2020.11.10-11.47.50:999][397]LogAudioMixer: Display: 	Max Channels (voices):				  32
[2020.11.10-11.47.50:999][397]LogAudioMixer: Display: 	Number of Async Source Workers:		  0
[2020.11.10-11.47.50:999][397]LogAudio: Display: AudioDevice MaxSources: 32
[2020.11.10-11.47.51:000][397]LogAudio: Display: Using built-in audio occlusion.
[2020.11.10-11.47.51:000][397]LogAudioMixer: Display: Initializing audio mixer.
[2020.11.10-11.47.51:003][397]LogAudioMixer: Display: 0: FrontLeft
[2020.11.10-11.47.51:003][397]LogAudioMixer: Display: 1: FrontRight
[2020.11.10-11.47.51:037][397]LogAudioMixer: Display: Using Audio Device Динамики (High Definition Audio Device)
[2020.11.10-11.47.51:037][397]LogAudioMixer: Display: Initializing Sound Submixes...
[2020.11.10-11.47.51:038][397]LogAudioMixer: Display: Creating Master Submix 'MasterSubmixDefault'
[2020.11.10-11.47.51:038][397]LogAudioMixer: Display: Creating Master Submix 'MasterReverbSubmixDefault'
[2020.11.10-11.47.51:038][397]LogAudioMixer: Display: Creating Master Submix 'MasterEQSubmixDefault'
[2020.11.10-11.47.51:054][397]LogInit: FAudioDevice initialized.
[2020.11.10-11.47.51:068][397]LogLoad: Game class is 'BP_GameMode_ThirdPerson_C'
[2020.11.10-11.47.51:071][397]LogWorld: Bringing World /Game/XYZProject/Maps/UEDPIE_0_Gym_Default.Gym_Default up for play (max tick rate 0) at 2020.11.10-14.47.51
[2020.11.10-11.47.51:071][397]LogWorld: Bringing up level for play took: 0.002460
[2020.11.10-11.47.51:072][397]LogOnline: OSS: Creating online subsystem instance for: :Context_6
[2020.11.10-11.47.51:082][397]LogContentBrowser: Native class hierarchy updated for 'MovieSceneCapture' in 0.0007 seconds. Added 20 classes and 0 folders.
[2020.11.10-11.47.51:085][397]PIE: Server logged in
[2020.11.10-11.47.51:087][397]PIE: Play in editor total start time 0,147 seconds.
[2020.11.10-11.48.05:771][249]LogAssetEditorSubsystem: Opening Asset editor for Blueprint /Game/XYZProject/Core/Interactables/BP_OverlapPlatform.BP_OverlapPlatform
[2020.11.10-11.48.06:025][249]LogContentBrowser: Native class hierarchy updated for 'BlueprintGraph' in 0.0010 seconds. Added 125 classes and 0 folders.
[2020.11.10-11.48.07:018][249]LogSlate: Took 0.002428 seconds to synchronously load lazily loaded font '../../../Engine/Content/Slate/Fonts/Roboto-BoldCondensed.ttf' (158K)
[2020.11.10-11.48.07:077][250]LogSlate: Took 0.000979 seconds to synchronously load lazily loaded font '../../../Engine/Content/Slate/Fonts/Roboto-Italic.ttf' (157K)
[2020.11.10-11.49.00:197][ 49]LogTemp: Resetting audio stream to device id 
[2020.11.10-11.49.00:232][ 49]LogAudioMixer: Display: 0: FrontLeft
[2020.11.10-11.49.00:232][ 49]LogAudioMixer: Display: 1: FrontRight
[2020.11.10-11.49.00:264][ 49]LogTemp: Resetting audio stream to device id 
[2020.11.10-11.49.00:309][ 49]LogAudioMixer: Display: 0: FrontLeft
[2020.11.10-11.49.00:309][ 49]LogAudioMixer: Display: 1: FrontRight
[2020.11.10-11.49.05:016][ 53]LogTemp: Resetting audio stream to device id 
[2020.11.10-11.49.05:049][ 53]LogAudioMixer: Display: 0: FrontLeft
[2020.11.10-11.49.05:049][ 53]LogAudioMixer: Display: 1: FrontRight
[2020.11.10-11.50.09:382][357]LogSlate: Updating window title bar state: overlay mode, drag disabled, window buttons hidden, title bar hidden
[2020.11.10-11.50.09:383][357]LogWorld: BeginTearingDown for /Game/XYZProject/Maps/UEDPIE_0_Gym_Default
[2020.11.10-11.50.09:383][357]LogWorld: UWorld::CleanupWorld for Gym_Default, bSessionEnded=true, bCleanupResources=true
[2020.11.10-11.50.09:384][357]LogSlate: InvalidateAllWidgets triggered.  All widgets were invalidated
[2020.11.10-11.50.09:403][357]LogPlayLevel: Display: Shutting down PIE online subsystems
[2020.11.10-11.50.09:406][357]LogSlate: InvalidateAllWidgets triggered.  All widgets were invalidated
[2020.11.10-11.50.09:457][357]LogSlate: Updating window title bar state: overlay mode, drag disabled, window buttons hidden, title bar hidden
[2020.11.10-11.50.09:460][357]LogAISub: UAISubsystem::~UAISubsystem EnvQueryManager (000001DA8FB90E00), frame # 2357
[2020.11.10-11.50.09:460][357]LogAISub: UAISubsystem::~UAISubsystem AIPerceptionSystem (000001DA9F535940), frame # 2357
[2020.11.10-11.50.09:462][357]LogUObjectHash: Compacting FUObjectHashTables data took   2.13ms
[2020.11.10-11.50.09:507][358]LogPlayLevel: Display: Destroying online subsystem :Context_6
[2020.11.10-11.50.12:183][459]LogTemp: Repeating last play command: Selected Viewport
[2020.11.10-11.50.12:198][459]LogPlayLevel: PlayLevel: No blueprints needed recompiling
[2020.11.10-11.50.12:199][459]PIE: New page: PIE session: Gym_Default (10 нояб. 2020 г., 17:50:12)
[2020.11.10-11.50.12:199][459]LogPlayLevel: Creating play world package: /Game/XYZProject/Maps/UEDPIE_0_Gym_Default
[2020.11.10-11.50.12:234][459]LogPlayLevel: PIE: StaticDuplicateObject took: (0.035188s)
[2020.11.10-11.50.12:235][459]LogAIModule: Creating AISystem for world Gym_Default
[2020.11.10-11.50.12:235][459]LogAISub: UAISubsystem::UAISubsystem EnvQueryManager (000001DB27AA3E00), frame # 2459
[2020.11.10-11.50.12:236][459]LogAISub: UAISubsystem::UAISubsystem AIPerceptionSystem (000001DB27B45BC0), frame # 2459
[2020.11.10-11.50.12:236][459]LogPlayLevel: PIE: World Init took: (0.001707s)
[2020.11.10-11.50.12:236][459]LogPlayLevel: PIE: Created PIE world by copying editor world from /Game/XYZProject/Maps/Gym_Default.Gym_Default to /Game/XYZProject/Maps/UEDPIE_0_Gym_Default.Gym_Default (0.037294s)
[2020.11.10-11.50.12:257][459]LogUObjectHash: Compacting FUObjectHashTables data took   1.72ms
[2020.11.10-11.50.12:258][459]LogAudioMixer: Display: Audio Mixer Platform Settings:
[2020.11.10-11.50.12:258][459]LogAudioMixer: Display: 	Sample Rate:						  48000
[2020.11.10-11.50.12:258][459]LogAudioMixer: Display: 	Callback Buffer Frame Size Requested: 1024
[2020.11.10-11.50.12:258][459]LogAudioMixer: Display: 	Callback Buffer Frame Size To Use:	  1024
[2020.11.10-11.50.12:258][459]LogAudioMixer: Display: 	Number of buffers to queue:			  2
[2020.11.10-11.50.12:258][459]LogAudioMixer: Display: 	Max Channels (voices):				  32
[2020.11.10-11.50.12:258][459]LogAudioMixer: Display: 	Number of Async Source Workers:		  0
[2020.11.10-11.50.12:258][459]LogAudio: Display: AudioDevice MaxSources: 32
[2020.11.10-11.50.12:259][459]LogAudio: Display: Using built-in audio occlusion.
[2020.11.10-11.50.12:259][459]LogAudioMixer: Display: Initializing audio mixer.
[2020.11.10-11.50.12:262][459]LogAudioMixer: Display: 0: FrontLeft
[2020.11.10-11.50.12:262][459]LogAudioMixer: Display: 1: FrontRight
[2020.11.10-11.50.12:297][459]LogAudioMixer: Display: Using Audio Device Динамики (High Definition Audio Device)
[2020.11.10-11.50.12:297][459]LogAudioMixer: Display: Initializing Sound Submixes...
[2020.11.10-11.50.12:297][459]LogAudioMixer: Display: Creating Master Submix 'MasterSubmixDefault'
[2020.11.10-11.50.12:297][459]LogAudioMixer: Display: Creating Master Submix 'MasterReverbSubmixDefault'
[2020.11.10-11.50.12:298][459]LogAudioMixer: Display: Creating Master Submix 'MasterEQSubmixDefault'
[2020.11.10-11.50.12:313][459]LogInit: FAudioDevice initialized.
[2020.11.10-11.50.12:325][459]LogLoad: Game class is 'BP_GameMode_ThirdPerson_C'
[2020.11.10-11.50.12:328][459]LogWorld: Bringing World /Game/XYZProject/Maps/UEDPIE_0_Gym_Default.Gym_Default up for play (max tick rate 0) at 2020.11.10-14.50.12
[2020.11.10-11.50.12:328][459]LogWorld: Bringing up level for play took: 0.002408
[2020.11.10-11.50.12:329][459]LogOnline: OSS: Creating online subsystem instance for: :Context_10
