Log file open, 11/09/20 20:54:35
LogInit: Display: Running engine for game: XYZProject
LogPlatformFile: Not using cached read wrapper
LogTaskGraph: Started task graph with 5 named threads and 35 total threads with 3 sets of task threads.
LogStats: Stats thread started at 0.369921
LogD3D11RHI: Loaded GFSDK_Aftermath_Lib.x64.dll
LogICUInternationalization: ICU TimeZone Detection - Raw Offset: +3:00, Platform Override: ''
LogPluginManager: Mounting plugin Paper2D
LogPluginManager: Mounting plugin AISupport
LogPluginManager: Mounting plugin LightPropagationVolume
LogPluginManager: Mounting plugin CameraShakePreviewer
LogPluginManager: Mounting plugin ActorLayerUtilities
LogPluginManager: Mounting plugin AnimationSharing
LogPluginManager: Mounting plugin CLionSourceCodeAccess
LogPluginManager: Mounting plugin CodeLiteSourceCodeAccess
LogPluginManager: Mounting plugin GitSourceControl
LogPluginManager: Mounting plugin KDevelopSourceCodeAccess
LogPluginManager: Mounting plugin NullSourceCodeAccess
LogPluginManager: Mounting plugin PerforceSourceControl
LogPluginManager: Mounting plugin PlasticSourceControl
LogPluginManager: Mounting plugin RiderSourceCodeAccess
LogPluginManager: Mounting plugin SubversionSourceControl
LogPluginManager: Mounting plugin UObjectPlugin
LogPluginManager: Mounting plugin VisualStudioCodeSourceCodeAccess
LogPluginManager: Mounting plugin VisualStudioSourceCodeAccess
LogPluginManager: Mounting plugin XCodeSourceCodeAccess
LogPluginManager: Mounting plugin AssetManagerEditor
LogPluginManager: Mounting plugin CryptoKeys
LogPluginManager: Mounting plugin CurveEditorTools
LogPluginManager: Mounting plugin DataValidation
LogPluginManager: Mounting plugin EditorScriptingUtilities
LogPluginManager: Mounting plugin FacialAnimation
LogPluginManager: Mounting plugin GameplayTagsEditor
LogPluginManager: Mounting plugin GeometryMode
LogPluginManager: Mounting plugin MacGraphicsSwitching
LogPluginManager: Mounting plugin MaterialAnalyzer
LogPluginManager: Mounting plugin MobileLauncherProfileWizard
LogPluginManager: Mounting plugin PluginBrowser
LogPluginManager: Mounting plugin SpeedTreeImporter
LogPluginManager: Mounting plugin DatasmithContent
LogPluginManager: Mounting plugin VariantManagerContent
LogPluginManager: Mounting plugin AlembicImporter
LogPluginManager: Mounting plugin AutomationUtils
LogPluginManager: Mounting plugin BackChannel
LogPluginManager: Mounting plugin ChaosCloth
LogPluginManager: Mounting plugin ChaosClothEditor
LogPluginManager: Mounting plugin ChaosEditor
LogPluginManager: Mounting plugin ChaosNiagara
LogPluginManager: Mounting plugin ChaosSolverPlugin
LogPluginManager: Mounting plugin CharacterAI
LogPluginManager: Mounting plugin GeometryCache
LogPluginManager: Mounting plugin GeometryCollectionPlugin
LogPluginManager: Mounting plugin GeometryProcessing
LogPluginManager: Mounting plugin PlanarCut
LogPluginManager: Mounting plugin PlatformCrypto
LogPluginManager: Mounting plugin ProxyLODPlugin
LogPluginManager: Mounting plugin SkeletalReduction
LogPluginManager: Mounting plugin Niagara
LogPluginManager: Mounting plugin MagicLeap
LogPluginManager: Mounting plugin MagicLeapLightEstimation
LogPluginManager: Mounting plugin MagicLeapMedia
LogPluginManager: Mounting plugin MagicLeapPassableWorld
LogPluginManager: Mounting plugin MLSDK
LogPluginManager: Mounting plugin AutoSizeComments
LogPluginManager: Mounting plugin Linter
LogPluginManager: Mounting plugin AndroidMedia
LogPluginManager: Mounting plugin AvfMedia
LogPluginManager: Mounting plugin ImgMedia
LogPluginManager: Mounting plugin MediaCompositing
LogPluginManager: Mounting plugin MediaPlayerEditor
LogPluginManager: Mounting plugin WebMMedia
LogPluginManager: Mounting plugin WmfMedia
LogPluginManager: Mounting plugin MeshPainting
LogPluginManager: Mounting plugin TcpMessaging
LogPluginManager: Mounting plugin UdpMessaging
LogPluginManager: Mounting plugin ActorSequence
LogPluginManager: Mounting plugin LevelSequenceEditor
LogPluginManager: Mounting plugin MatineeToLevelSequence
LogPluginManager: Mounting plugin MovieRenderPipeline
LogPluginManager: Mounting plugin TemplateSequence
LogPluginManager: Mounting plugin NetcodeUnitTest
LogPluginManager: Mounting plugin NUTUnrealEngine4
LogPluginManager: Mounting plugin OnlineSubsystemGooglePlay
LogPluginManager: Mounting plugin OnlineSubsystemIOS
LogPluginManager: Mounting plugin OnlineSubsystem
LogPluginManager: Mounting plugin OnlineSubsystemNull
LogPluginManager: Mounting plugin OnlineSubsystemUtils
LogPluginManager: Mounting plugin LauncherChunkInstaller
LogPluginManager: Mounting plugin AndroidDeviceProfileSelector
LogPluginManager: Mounting plugin AndroidMoviePlayer
LogPluginManager: Mounting plugin AndroidPermission
LogPluginManager: Mounting plugin AppleImageUtils
LogPluginManager: Mounting plugin AppleMoviePlayer
LogPluginManager: Mounting plugin ArchVisCharacter
LogPluginManager: Mounting plugin AssetTags
LogPluginManager: Mounting plugin AudioCapture
LogPluginManager: Mounting plugin CableComponent
LogPluginManager: Mounting plugin CustomMeshComponent
LogPluginManager: Mounting plugin EditableMesh
LogPluginManager: Mounting plugin ExampleDeviceProfileSelector
LogPluginManager: Mounting plugin GoogleCloudMessaging
LogPluginManager: Mounting plugin GooglePAD
LogPluginManager: Mounting plugin IOSDeviceProfileSelector
LogPluginManager: Mounting plugin LinuxDeviceProfileSelector
LogPluginManager: Mounting plugin LocationServicesBPLibrary
LogPluginManager: Mounting plugin MobilePatchingUtils
LogPluginManager: Mounting plugin OculusVR
LogPluginManager: Mounting plugin PhysXVehicles
LogPluginManager: Mounting plugin PostSplashScreen
LogPluginManager: Mounting plugin ProceduralMeshComponent
LogPluginManager: Mounting plugin RuntimePhysXCooking
LogPluginManager: Mounting plugin SignificanceManager
LogPluginManager: Mounting plugin SoundFields
LogPluginManager: Mounting plugin SteamVR
LogPluginManager: Mounting plugin Synthesis
LogPluginManager: Mounting plugin WebMMoviePlayer
LogPluginManager: Mounting plugin WindowsMoviePlayer
LogPluginManager: Mounting plugin ScreenshotTools
LogInit: Using libcurl 7.55.1-DEV
LogInit:  - built for x86_64-pc-win32
LogInit:  - supports SSL with OpenSSL/1.1.1
LogInit:  - supports HTTP deflate (compression) using libz 1.2.8
LogInit:  - other features:
LogInit:      CURL_VERSION_SSL
LogInit:      CURL_VERSION_LIBZ
LogInit:      CURL_VERSION_IPV6
LogInit:      CURL_VERSION_ASYNCHDNS
LogInit:      CURL_VERSION_LARGEFILE
LogInit:      CURL_VERSION_IDN
LogInit:  CurlRequestOptions (configurable via config and command line):
LogInit:  - bVerifyPeer = true  - Libcurl will verify peer certificate
LogInit:  - bUseHttpProxy = false  - Libcurl will NOT use HTTP proxy
LogInit:  - bDontReuseConnections = false  - Libcurl will reuse connections
LogInit:  - MaxHostConnections = 16  - Libcurl will limit the number of connections to a host
LogInit:  - LocalHostAddr = Default
LogInit:  - BufferSize = 65536
LogOnline: OSS: Creating online subsystem instance for: NULL
LogInit: WinSock: version 1.1 (2.2), MaxSocks=32767, MaxUdp=65467
LogOnline: OSS: TryLoadSubsystemAndSetDefault: Loaded subsystem for module [NULL]
LogInit: Build: ++UE4+Release-4.25-CL-14469661
LogInit: Engine Version: 4.25.4-14469661+++UE4+Release-4.25
LogInit: Compatible Engine Version: 4.25.0-13144385+++UE4+Release-4.25
LogInit: Net CL: 13144385
LogInit: OS: Windows 10 (Release 1909) (), CPU: AMD Ryzen 5 1600X Six-Core Processor           , GPU: NVIDIA GeForce GTX 550 Ti
LogInit: Compiled (64-bit): Oct 11 2020 08:10:49
LogInit: Compiled with Visual C++: 19.24.28315.00
LogInit: Build Configuration: Development
LogInit: Branch Name: ++UE4+Release-4.25
LogInit: Command Line:  -skipcompile
LogInit: Base Directory: C:/Program Files/Epic Games/UE_4.25/Engine/Binaries/Win64/
LogInit: Allocator: TBB
LogInit: Installed Engine Build: 1
LogDevObjectVersion: Number of dev versions registered: 26
LogDevObjectVersion:   Dev-Blueprints (B0D832E4-1F89-4F0D-ACCF-7EB736FD4AA2): 10
LogDevObjectVersion:   Dev-Build (E1C64328-A22C-4D53-A36C-8E866417BD8C): 0
LogDevObjectVersion:   Dev-Core (375EC13C-06E4-48FB-B500-84F0262A717E): 4
LogDevObjectVersion:   Dev-Editor (E4B068ED-F494-42E9-A231-DA0B2E46BB41): 38
LogDevObjectVersion:   Dev-Framework (CFFC743F-43B0-4480-9391-14DF171D2073): 37
LogDevObjectVersion:   Dev-Mobile (B02B49B5-BB20-44E9-A304-32B752E40360): 2
LogDevObjectVersion:   Dev-Networking (A4E4105C-59A1-49B5-A7C5-40C4547EDFEE): 0
LogDevObjectVersion:   Dev-Online (39C831C9-5AE6-47DC-9A44-9C173E1C8E7C): 0
LogDevObjectVersion:   Dev-Physics (78F01B33-EBEA-4F98-B9B4-84EACCB95AA2): 4
LogDevObjectVersion:   Dev-Platform (6631380F-2D4D-43E0-8009-CF276956A95A): 0
LogDevObjectVersion:   Dev-Rendering (12F88B9F-8875-4AFC-A67C-D90C383ABD29): 43
LogDevObjectVersion:   Dev-Sequencer (7B5AE74C-D270-4C10-A958-57980B212A5A): 12
LogDevObjectVersion:   Dev-VR (D7296918-1DD6-4BDD-9DE2-64A83CC13884): 3
LogDevObjectVersion:   Dev-LoadTimes (C2A15278-BFE7-4AFE-6C17-90FF531DF755): 1
LogDevObjectVersion:   Private-Geometry (6EACA3D4-40EC-4CC1-B786-8BED09428FC5): 3
LogDevObjectVersion:   Dev-AnimPhys (29E575DD-E0A3-4627-9D10-D276232CDCEA): 17
LogDevObjectVersion:   Dev-Anim (AF43A65D-7FD3-4947-9873-3E8ED9C1BB05): 7
LogDevObjectVersion:   Dev-ReflectionCapture (6B266CEC-1EC7-4B8F-A30B-E4D90942FC07): 1
LogDevObjectVersion:   Dev-Automation (0DF73D61-A23F-47EA-B727-89E90C41499A): 1
LogDevObjectVersion:   FortniteMain (601D1886-AC64-4F84-AA16-D3DE0DEAC7D6): 31
LogDevObjectVersion:   Dev-Enterprise (9DFFBCD6-494F-0158-E221-12823C92A888): 10
LogDevObjectVersion:   Dev-Niagara (F2AED0AC-9AFE-416F-8664-AA7FFA26D6FC): 1
LogDevObjectVersion:   Dev-Destruction (174F1F0B-B4C6-45A5-B13F-2EE8D0FB917D): 10
LogDevObjectVersion:   Dev-Physics-Ext (35F94A83-E258-406C-A318-09F59610247C): 37
LogDevObjectVersion:   Dev-PhysicsMaterial-Chaos (B68FC16E-8B1B-42E2-B453-215C058844FE): 1
LogDevObjectVersion:   Dev-CineCamera (B2E18506-4273-CFC2-A54E-F4BB758BBA07): 1
LogInit: Presizing for max 25165824 objects, including 0 objects not considered by GC, pre-allocating 0 bytes for permanent pool.
LogConfig: Applying CVar settings from Section [/Script/Engine.StreamingSettings] File [C:/work/PerforceWorkspace/EnginerLocalPcLessons/XYZProject/ue4/XYZProject/Saved/Config/Windows/Engine.ini]
LogConfig: Setting CVar [[s.MinBulkDataSizeForAsyncLoading:131072]]
LogConfig: Setting CVar [[s.AsyncLoadingThreadEnabled:0]]
LogConfig: Setting CVar [[s.EventDrivenLoaderEnabled:1]]
LogConfig: Setting CVar [[s.WarnIfTimeLimitExceeded:0]]
LogConfig: Setting CVar [[s.TimeLimitExceededMultiplier:1.5]]
LogConfig: Setting CVar [[s.TimeLimitExceededMinTime:0.005]]
LogConfig: Setting CVar [[s.UseBackgroundLevelStreaming:1]]
LogConfig: Setting CVar [[s.PriorityAsyncLoadingExtraTime:15.0]]
LogConfig: Setting CVar [[s.LevelStreamingActorsUpdateTimeLimit:5.0]]
LogConfig: Setting CVar [[s.PriorityLevelStreamingActorsUpdateExtraTime:5.0]]
LogConfig: Setting CVar [[s.LevelStreamingComponentsRegistrationGranularity:10]]
LogConfig: Setting CVar [[s.UnregisterComponentsTimeLimit:1.0]]
LogConfig: Setting CVar [[s.LevelStreamingComponentsUnregistrationGranularity:5]]
LogConfig: Setting CVar [[s.FlushStreamingOnExit:1]]
LogInit: Object subsystem initialized
LogConfig: Setting CVar [[con.DebugEarlyDefault:1]]
LogConfig: Setting CVar [[r.setres:1280x720]]
[2020.11.09-17.54.35:811][  0]LogConfig: Setting CVar [[r.VSync:0]]
[2020.11.09-17.54.35:811][  0]LogConfig: Setting CVar [[r.RHICmdBypass:0]]
[2020.11.09-17.54.35:811][  0]LogConfig: Applying CVar settings from Section [/Script/Engine.RendererSettings] File [C:/work/PerforceWorkspace/EnginerLocalPcLessons/XYZProject/ue4/XYZProject/Saved/Config/Windows/Engine.ini]
[2020.11.09-17.54.35:811][  0]LogConfig: Setting CVar [[r.GPUCrashDebugging:0]]
[2020.11.09-17.54.35:811][  0]LogConfig: Applying CVar settings from Section [/Script/Engine.RendererOverrideSettings] File [C:/work/PerforceWorkspace/EnginerLocalPcLessons/XYZProject/ue4/XYZProject/Saved/Config/Windows/Engine.ini]
[2020.11.09-17.54.35:811][  0]LogConfig: Applying CVar settings from Section [/Script/Engine.StreamingSettings] File [C:/work/PerforceWorkspace/EnginerLocalPcLessons/XYZProject/ue4/XYZProject/Saved/Config/Windows/Engine.ini]
[2020.11.09-17.54.35:811][  0]LogConfig: Setting CVar [[s.MinBulkDataSizeForAsyncLoading:131072]]
[2020.11.09-17.54.35:811][  0]LogConfig: Setting CVar [[s.AsyncLoadingThreadEnabled:0]]
[2020.11.09-17.54.35:811][  0]LogConfig: Setting CVar [[s.EventDrivenLoaderEnabled:1]]
[2020.11.09-17.54.35:811][  0]LogConfig: Setting CVar [[s.WarnIfTimeLimitExceeded:0]]
[2020.11.09-17.54.35:811][  0]LogConfig: Setting CVar [[s.TimeLimitExceededMultiplier:1.5]]
[2020.11.09-17.54.35:811][  0]LogConfig: Setting CVar [[s.TimeLimitExceededMinTime:0.005]]
[2020.11.09-17.54.35:811][  0]LogConfig: Setting CVar [[s.UseBackgroundLevelStreaming:1]]
[2020.11.09-17.54.35:811][  0]LogConfig: Setting CVar [[s.PriorityAsyncLoadingExtraTime:15.0]]
[2020.11.09-17.54.35:811][  0]LogConfig: Setting CVar [[s.LevelStreamingActorsUpdateTimeLimit:5.0]]
[2020.11.09-17.54.35:812][  0]LogConfig: Setting CVar [[s.PriorityLevelStreamingActorsUpdateExtraTime:5.0]]
[2020.11.09-17.54.35:812][  0]LogConfig: Setting CVar [[s.LevelStreamingComponentsRegistrationGranularity:10]]
[2020.11.09-17.54.35:812][  0]LogConfig: Setting CVar [[s.UnregisterComponentsTimeLimit:1.0]]
[2020.11.09-17.54.35:812][  0]LogConfig: Setting CVar [[s.LevelStreamingComponentsUnregistrationGranularity:5]]
[2020.11.09-17.54.35:812][  0]LogConfig: Setting CVar [[s.FlushStreamingOnExit:1]]
[2020.11.09-17.54.35:812][  0]LogConfig: Applying CVar settings from Section [/Script/Engine.GarbageCollectionSettings] File [C:/work/PerforceWorkspace/EnginerLocalPcLessons/XYZProject/ue4/XYZProject/Saved/Config/Windows/Engine.ini]
[2020.11.09-17.54.35:812][  0]LogConfig: Setting CVar [[gc.MaxObjectsNotConsideredByGC:1]]
[2020.11.09-17.54.35:812][  0]LogConfig: Setting CVar [[gc.SizeOfPermanentObjectPool:0]]
[2020.11.09-17.54.35:812][  0]LogConfig: Setting CVar [[gc.FlushStreamingOnGC:0]]
[2020.11.09-17.54.35:812][  0]LogConfig: Setting CVar [[gc.NumRetriesBeforeForcingGC:10]]
[2020.11.09-17.54.35:812][  0]LogConfig: Setting CVar [[gc.AllowParallelGC:1]]
[2020.11.09-17.54.35:812][  0]LogConfig: Setting CVar [[gc.TimeBetweenPurgingPendingKillObjects:61.1]]
[2020.11.09-17.54.35:812][  0]LogConfig: Setting CVar [[gc.MaxObjectsInEditor:25165824]]
[2020.11.09-17.54.35:812][  0]LogConfig: Setting CVar [[gc.IncrementalBeginDestroyEnabled:1]]
[2020.11.09-17.54.35:812][  0]LogConfig: Setting CVar [[gc.CreateGCClusters:1]]
[2020.11.09-17.54.35:812][  0]LogConfig: Setting CVar [[gc.MinGCClusterSize:5]]
[2020.11.09-17.54.35:813][  0]LogConfig: Setting CVar [[gc.ActorClusteringEnabled:0]]
[2020.11.09-17.54.35:813][  0]LogConfig: Setting CVar [[gc.BlueprintClusteringEnabled:0]]
[2020.11.09-17.54.35:813][  0]LogConfig: Setting CVar [[gc.UseDisregardForGCOnDedicatedServers:0]]
[2020.11.09-17.54.35:813][  0]LogConfig: Applying CVar settings from Section [/Script/Engine.NetworkSettings] File [C:/work/PerforceWorkspace/EnginerLocalPcLessons/XYZProject/ue4/XYZProject/Saved/Config/Windows/Engine.ini]
[2020.11.09-17.54.35:813][  0]LogConfig: Applying CVar settings from Section [/Script/UnrealEd.CookerSettings] File [C:/work/PerforceWorkspace/EnginerLocalPcLessons/XYZProject/ue4/XYZProject/Saved/Config/Windows/Engine.ini]
[2020.11.09-17.54.35:819][  0]LogConfig: Applying CVar settings from Section [ViewDistanceQuality@3] File [C:/work/PerforceWorkspace/EnginerLocalPcLessons/XYZProject/ue4/XYZProject/Saved/Config/Windows/Scalability.ini]
[2020.11.09-17.54.35:819][  0]LogConfig: Setting CVar [[r.SkeletalMeshLODBias:0]]
[2020.11.09-17.54.35:819][  0]LogConfig: Setting CVar [[r.ViewDistanceScale:1.0]]
[2020.11.09-17.54.35:819][  0]LogConfig: Applying CVar settings from Section [AntiAliasingQuality@3] File [C:/work/PerforceWorkspace/EnginerLocalPcLessons/XYZProject/ue4/XYZProject/Saved/Config/Windows/Scalability.ini]
[2020.11.09-17.54.35:819][  0]LogConfig: Setting CVar [[r.PostProcessAAQuality:4]]
[2020.11.09-17.54.35:819][  0]LogConfig: Applying CVar settings from Section [ShadowQuality@3] File [C:/work/PerforceWorkspace/EnginerLocalPcLessons/XYZProject/ue4/XYZProject/Saved/Config/Windows/Scalability.ini]
[2020.11.09-17.54.35:819][  0]LogConfig: Setting CVar [[r.LightFunctionQuality:1]]
[2020.11.09-17.54.35:819][  0]LogConfig: Setting CVar [[r.ShadowQuality:5]]
[2020.11.09-17.54.35:819][  0]LogConfig: Setting CVar [[r.Shadow.CSM.MaxCascades:10]]
[2020.11.09-17.54.35:819][  0]LogConfig: Setting CVar [[r.Shadow.MaxResolution:2048]]
[2020.11.09-17.54.35:819][  0]LogConfig: Setting CVar [[r.Shadow.MaxCSMResolution:2048]]
[2020.11.09-17.54.35:819][  0]LogConfig: Setting CVar [[r.Shadow.RadiusThreshold:0.01]]
[2020.11.09-17.54.35:819][  0]LogConfig: Setting CVar [[r.Shadow.DistanceScale:1.0]]
[2020.11.09-17.54.35:820][  0]LogConfig: Setting CVar [[r.Shadow.CSM.TransitionScale:1.0]]
[2020.11.09-17.54.35:820][  0]LogConfig: Setting CVar [[r.Shadow.PreShadowResolutionFactor:1.0]]
[2020.11.09-17.54.35:820][  0]LogConfig: Setting CVar [[r.DistanceFieldShadowing:1]]
[2020.11.09-17.54.35:820][  0]LogConfig: Setting CVar [[r.DistanceFieldAO:1]]
[2020.11.09-17.54.35:820][  0]LogConfig: Setting CVar [[r.AOQuality:2]]
[2020.11.09-17.54.35:820][  0]LogConfig: Setting CVar [[r.VolumetricFog:1]]
[2020.11.09-17.54.35:820][  0]LogConfig: Setting CVar [[r.VolumetricFog.GridPixelSize:8]]
[2020.11.09-17.54.35:820][  0]LogConfig: Setting CVar [[r.VolumetricFog.GridSizeZ:128]]
[2020.11.09-17.54.35:820][  0]LogConfig: Setting CVar [[r.VolumetricFog.HistoryMissSupersampleCount:4]]
[2020.11.09-17.54.35:820][  0]LogConfig: Setting CVar [[r.LightMaxDrawDistanceScale:1]]
[2020.11.09-17.54.35:820][  0]LogConfig: Setting CVar [[r.CapsuleShadows:1]]
[2020.11.09-17.54.35:820][  0]LogConfig: Applying CVar settings from Section [PostProcessQuality@3] File [C:/work/PerforceWorkspace/EnginerLocalPcLessons/XYZProject/ue4/XYZProject/Saved/Config/Windows/Scalability.ini]
[2020.11.09-17.54.35:820][  0]LogConfig: Setting CVar [[r.MotionBlurQuality:4]]
[2020.11.09-17.54.35:820][  0]LogConfig: Setting CVar [[r.AmbientOcclusionMipLevelFactor:0.4]]
[2020.11.09-17.54.35:820][  0]LogConfig: Setting CVar [[r.AmbientOcclusionMaxQuality:100]]
[2020.11.09-17.54.35:820][  0]LogConfig: Setting CVar [[r.AmbientOcclusionLevels:-1]]
[2020.11.09-17.54.35:820][  0]LogConfig: Setting CVar [[r.AmbientOcclusionRadiusScale:1.0]]
[2020.11.09-17.54.35:820][  0]LogConfig: Setting CVar [[r.DepthOfFieldQuality:2]]
[2020.11.09-17.54.35:820][  0]LogConfig: Setting CVar [[r.RenderTargetPoolMin:400]]
[2020.11.09-17.54.35:820][  0]LogConfig: Setting CVar [[r.LensFlareQuality:2]]
[2020.11.09-17.54.35:821][  0]LogConfig: Setting CVar [[r.SceneColorFringeQuality:1]]
[2020.11.09-17.54.35:821][  0]LogConfig: Setting CVar [[r.EyeAdaptationQuality:2]]
[2020.11.09-17.54.35:821][  0]LogConfig: Setting CVar [[r.BloomQuality:5]]
[2020.11.09-17.54.35:821][  0]LogConfig: Setting CVar [[r.FastBlurThreshold:100]]
[2020.11.09-17.54.35:821][  0]LogConfig: Setting CVar [[r.Upscale.Quality:3]]
[2020.11.09-17.54.35:821][  0]LogConfig: Setting CVar [[r.Tonemapper.GrainQuantization:1]]
[2020.11.09-17.54.35:821][  0]LogConfig: Setting CVar [[r.LightShaftQuality:1]]
[2020.11.09-17.54.35:821][  0]LogConfig: Setting CVar [[r.Filter.SizeScale:1]]
[2020.11.09-17.54.35:821][  0]LogConfig: Setting CVar [[r.Tonemapper.Quality:5]]
[2020.11.09-17.54.35:821][  0]LogConfig: Setting CVar [[r.DOF.Gather.AccumulatorQuality:1        ; higher gathering accumulator quality]]
[2020.11.09-17.54.35:821][  0]LogConfig: Setting CVar [[r.DOF.Gather.PostfilterMethod:1          ; Median3x3 postfilering method]]
[2020.11.09-17.54.35:821][  0]LogConfig: Setting CVar [[r.DOF.Gather.EnableBokehSettings:0       ; no bokeh simulation when gathering]]
[2020.11.09-17.54.35:821][  0]LogConfig: Setting CVar [[r.DOF.Gather.RingCount:4                 ; medium number of samples when gathering]]
[2020.11.09-17.54.35:821][  0]LogConfig: Setting CVar [[r.DOF.Scatter.ForegroundCompositing:1    ; additive foreground scattering]]
[2020.11.09-17.54.35:821][  0]LogConfig: Setting CVar [[r.DOF.Scatter.BackgroundCompositing:2    ; additive background scattering]]
[2020.11.09-17.54.35:821][  0]LogConfig: Setting CVar [[r.DOF.Scatter.EnableBokehSettings:1      ; bokeh simulation when scattering]]
[2020.11.09-17.54.35:821][  0]LogConfig: Setting CVar [[r.DOF.Scatter.MaxSpriteRatio:0.1         ; only a maximum of 10% of scattered bokeh]]
[2020.11.09-17.54.35:821][  0]LogConfig: Setting CVar [[r.DOF.Recombine.Quality:1                ; cheap slight out of focus]]
[2020.11.09-17.54.35:821][  0]LogConfig: Setting CVar [[r.DOF.Recombine.EnableBokehSettings:0    ; no bokeh simulation on slight out of focus]]
[2020.11.09-17.54.35:821][  0]LogConfig: Setting CVar [[r.DOF.TemporalAAQuality:1                ; more stable temporal accumulation]]
[2020.11.09-17.54.35:821][  0]LogConfig: Setting CVar [[r.DOF.Kernel.MaxForegroundRadius:0.025]]
[2020.11.09-17.54.35:822][  0]LogConfig: Setting CVar [[r.DOF.Kernel.MaxBackgroundRadius:0.025]]
[2020.11.09-17.54.35:822][  0]LogConfig: Applying CVar settings from Section [TextureQuality@3] File [C:/work/PerforceWorkspace/EnginerLocalPcLessons/XYZProject/ue4/XYZProject/Saved/Config/Windows/Scalability.ini]
[2020.11.09-17.54.35:822][  0]LogConfig: Setting CVar [[r.Streaming.MipBias:0]]
[2020.11.09-17.54.35:822][  0]LogConfig: Setting CVar [[r.Streaming.AmortizeCPUToGPUCopy:0]]
[2020.11.09-17.54.35:822][  0]LogConfig: Setting CVar [[r.Streaming.MaxNumTexturesToStreamPerFrame:0]]
[2020.11.09-17.54.35:822][  0]LogConfig: Setting CVar [[r.Streaming.Boost:1]]
[2020.11.09-17.54.35:822][  0]LogConfig: Setting CVar [[r.MaxAnisotropy:8]]
[2020.11.09-17.54.35:822][  0]LogConfig: Setting CVar [[r.VT.MaxAnisotropy:8]]
[2020.11.09-17.54.35:822][  0]LogConfig: Setting CVar [[r.Streaming.LimitPoolSizeToVRAM:0]]
[2020.11.09-17.54.35:822][  0]LogConfig: Setting CVar [[r.Streaming.PoolSize:1000]]
[2020.11.09-17.54.35:822][  0]LogConfig: Setting CVar [[r.Streaming.MaxEffectiveScreenSize:0]]
[2020.11.09-17.54.35:822][  0]LogConfig: Applying CVar settings from Section [EffectsQuality@3] File [C:/work/PerforceWorkspace/EnginerLocalPcLessons/XYZProject/ue4/XYZProject/Saved/Config/Windows/Scalability.ini]
[2020.11.09-17.54.35:822][  0]LogConfig: Setting CVar [[r.TranslucencyLightingVolumeDim:64]]
[2020.11.09-17.54.35:822][  0]LogConfig: Setting CVar [[r.RefractionQuality:2]]
[2020.11.09-17.54.35:822][  0]LogConfig: Setting CVar [[r.SSR.Quality:3]]
[2020.11.09-17.54.35:822][  0]LogConfig: Setting CVar [[r.SSR.HalfResSceneColor:0]]
[2020.11.09-17.54.35:822][  0]LogConfig: Setting CVar [[r.SceneColorFormat:4]]
[2020.11.09-17.54.35:822][  0]LogConfig: Setting CVar [[r.DetailMode:2]]
[2020.11.09-17.54.35:823][  0]LogConfig: Setting CVar [[r.TranslucencyVolumeBlur:1]]
[2020.11.09-17.54.35:823][  0]LogConfig: Setting CVar [[r.MaterialQualityLevel:1 ; High quality]]
[2020.11.09-17.54.35:823][  0]LogConfig: Setting CVar [[r.SSS.Scale:1]]
[2020.11.09-17.54.35:823][  0]LogConfig: Setting CVar [[r.SSS.SampleSet:2]]
[2020.11.09-17.54.35:823][  0]LogConfig: Setting CVar [[r.SSS.Quality:1]]
[2020.11.09-17.54.35:823][  0]LogConfig: Setting CVar [[r.SSS.HalfRes:0]]
[2020.11.09-17.54.35:823][  0]LogConfig: Setting CVar [[r.SSGI.Quality:3]]
[2020.11.09-17.54.35:823][  0]LogConfig: Setting CVar [[r.EmitterSpawnRateScale:1.0]]
[2020.11.09-17.54.35:823][  0]LogConfig: Setting CVar [[r.ParticleLightQuality:2]]
[2020.11.09-17.54.35:823][  0]LogConfig: Setting CVar [[r.SkyAtmosphere.AerialPerspectiveLUT.FastApplyOnOpaque:1 ; Always have FastSkyLUT 1 in this case to avoid wrong sky]]
[2020.11.09-17.54.35:823][  0]LogConfig: Setting CVar [[r.SkyAtmosphere.AerialPerspectiveLUT.SampleCountPerSlice:1]]
[2020.11.09-17.54.35:823][  0]LogConfig: Setting CVar [[r.SkyAtmosphere.AerialPerspectiveLUT.DepthResolution:16.0]]
[2020.11.09-17.54.35:823][  0]LogConfig: Setting CVar [[r.SkyAtmosphere.FastSkyLUT:1]]
[2020.11.09-17.54.35:823][  0]LogConfig: Setting CVar [[r.SkyAtmosphere.FastSkyLUT.SampleCountMin:4.0]]
[2020.11.09-17.54.35:823][  0]LogConfig: Setting CVar [[r.SkyAtmosphere.FastSkyLUT.SampleCountMax:32.0]]
[2020.11.09-17.54.35:823][  0]LogConfig: Setting CVar [[r.SkyAtmosphere.SampleCountMin:4.0]]
[2020.11.09-17.54.35:823][  0]LogConfig: Setting CVar [[r.SkyAtmosphere.SampleCountMax:32.0]]
[2020.11.09-17.54.35:823][  0]LogConfig: Setting CVar [[r.SkyAtmosphere.TransmittanceLUT.UseSmallFormat:0]]
[2020.11.09-17.54.35:823][  0]LogConfig: Setting CVar [[r.SkyAtmosphere.TransmittanceLUT.SampleCount:10.0]]
[2020.11.09-17.54.35:823][  0]LogConfig: Setting CVar [[r.SkyAtmosphere.MultiScatteringLUT.SampleCount:15.0]]
[2020.11.09-17.54.35:823][  0]LogConfig: Applying CVar settings from Section [FoliageQuality@3] File [C:/work/PerforceWorkspace/EnginerLocalPcLessons/XYZProject/ue4/XYZProject/Saved/Config/Windows/Scalability.ini]
[2020.11.09-17.54.35:824][  0]LogConfig: Setting CVar [[foliage.DensityScale:1.0]]
[2020.11.09-17.54.35:824][  0]LogConfig: Setting CVar [[grass.DensityScale:1.0]]
[2020.11.09-17.54.35:824][  0]LogConfig: Applying CVar settings from Section [ShadingQuality@3] File [C:/work/PerforceWorkspace/EnginerLocalPcLessons/XYZProject/ue4/XYZProject/Saved/Config/Windows/Scalability.ini]
[2020.11.09-17.54.35:824][  0]LogConfig: Setting CVar [[r.HairStrands.SkyLighting.SampleCount:16]]
[2020.11.09-17.54.35:824][  0]LogConfig: Setting CVar [[r.HairStrands.SkyLighting.JitterIntegration:0]]
[2020.11.09-17.54.35:824][  0]LogConfig: Setting CVar [[r.HairStrands.SkyAO.SampleCount:16]]
[2020.11.09-17.54.35:824][  0]LogConfig: Setting CVar [[r.HairStrands.DeepShadow.SuperSampling:0]]
[2020.11.09-17.54.35:824][  0]LogConfig: Setting CVar [[r.HairStrands.VisibilityPPLL:0]]
[2020.11.09-17.54.35:824][  0]LogConfig: Setting CVar [[r.HairStrands.RasterizationScale:0.5]]
[2020.11.09-17.54.35:824][  0]LogConfig: Setting CVar [[r.HairStrands.VelocityRasterizationScale:1]]
[2020.11.09-17.54.35:824][  0]LogInit: Selected Device Profile: [Windows]
[2020.11.09-17.54.35:824][  0]LogInit: Applying CVar settings loaded from the selected device profile: [Windows]
[2020.11.09-17.54.35:824][  0]LogHAL: Display: Platform has ~ 16 GB [17130360832 / 17179869184 / 16], which maps to Larger [LargestMinGB=32, LargerMinGB=12, DefaultMinGB=8, SmallerMinGB=6, SmallestMinGB=0)
[2020.11.09-17.54.35:824][  0]LogInit: Going up to parent DeviceProfile []
[2020.11.09-17.54.35:824][  0]LogConfig: Applying CVar settings from Section [ViewDistanceQuality@2] File [C:/work/PerforceWorkspace/EnginerLocalPcLessons/XYZProject/ue4/XYZProject/Saved/Config/Windows/Scalability.ini]
[2020.11.09-17.54.35:824][  0]LogConfig: Setting CVar [[r.SkeletalMeshLODBias:0]]
[2020.11.09-17.54.35:824][  0]LogConfig: Setting CVar [[r.ViewDistanceScale:0.8]]
[2020.11.09-17.54.35:824][  0]LogConfig: Applying CVar settings from Section [AntiAliasingQuality@2] File [C:/work/PerforceWorkspace/EnginerLocalPcLessons/XYZProject/ue4/XYZProject/Saved/Config/Windows/Scalability.ini]
[2020.11.09-17.54.35:824][  0]LogConfig: Setting CVar [[r.PostProcessAAQuality:3]]
[2020.11.09-17.54.35:825][  0]LogConfig: Applying CVar settings from Section [ShadowQuality@2] File [C:/work/PerforceWorkspace/EnginerLocalPcLessons/XYZProject/ue4/XYZProject/Saved/Config/Windows/Scalability.ini]
[2020.11.09-17.54.35:825][  0]LogConfig: Setting CVar [[r.LightFunctionQuality:1]]
[2020.11.09-17.54.35:825][  0]LogConfig: Setting CVar [[r.ShadowQuality:5]]
[2020.11.09-17.54.35:825][  0]LogConfig: Setting CVar [[r.Shadow.CSM.MaxCascades:4]]
[2020.11.09-17.54.35:825][  0]LogConfig: Setting CVar [[r.Shadow.MaxResolution:1024]]
[2020.11.09-17.54.35:825][  0]LogConfig: Setting CVar [[r.Shadow.MaxCSMResolution:2048]]
[2020.11.09-17.54.35:825][  0]LogConfig: Setting CVar [[r.Shadow.RadiusThreshold:0.04]]
[2020.11.09-17.54.35:825][  0]LogConfig: Setting CVar [[r.Shadow.DistanceScale:0.85]]
[2020.11.09-17.54.35:825][  0]LogConfig: Setting CVar [[r.Shadow.CSM.TransitionScale:0.8]]
[2020.11.09-17.54.35:825][  0]LogConfig: Setting CVar [[r.Shadow.PreShadowResolutionFactor:0.5]]
[2020.11.09-17.54.35:825][  0]LogConfig: Setting CVar [[r.DistanceFieldShadowing:1]]
[2020.11.09-17.54.35:825][  0]LogConfig: Setting CVar [[r.DistanceFieldAO:1]]
[2020.11.09-17.54.35:825][  0]LogConfig: Setting CVar [[r.AOQuality:1]]
[2020.11.09-17.54.35:825][  0]LogConfig: Setting CVar [[r.VolumetricFog:1]]
[2020.11.09-17.54.35:825][  0]LogConfig: Setting CVar [[r.VolumetricFog.GridPixelSize:16]]
[2020.11.09-17.54.35:825][  0]LogConfig: Setting CVar [[r.VolumetricFog.GridSizeZ:64]]
[2020.11.09-17.54.35:825][  0]LogConfig: Setting CVar [[r.VolumetricFog.HistoryMissSupersampleCount:4]]
[2020.11.09-17.54.35:825][  0]LogConfig: Setting CVar [[r.LightMaxDrawDistanceScale:1]]
[2020.11.09-17.54.35:825][  0]LogConfig: Setting CVar [[r.CapsuleShadows:1]]
[2020.11.09-17.54.35:825][  0]LogConfig: Applying CVar settings from Section [PostProcessQuality@2] File [C:/work/PerforceWorkspace/EnginerLocalPcLessons/XYZProject/ue4/XYZProject/Saved/Config/Windows/Scalability.ini]
[2020.11.09-17.54.35:826][  0]LogConfig: Setting CVar [[r.MotionBlurQuality:3]]
[2020.11.09-17.54.35:826][  0]LogConfig: Setting CVar [[r.AmbientOcclusionMipLevelFactor:0.6]]
[2020.11.09-17.54.35:826][  0]LogConfig: Setting CVar [[r.AmbientOcclusionMaxQuality:100]]
[2020.11.09-17.54.35:826][  0]LogConfig: Setting CVar [[r.AmbientOcclusionLevels:-1]]
[2020.11.09-17.54.35:826][  0]LogConfig: Setting CVar [[r.AmbientOcclusionRadiusScale:1.5]]
[2020.11.09-17.54.35:826][  0]LogConfig: Setting CVar [[r.DepthOfFieldQuality:2]]
[2020.11.09-17.54.35:826][  0]LogConfig: Setting CVar [[r.RenderTargetPoolMin:400]]
[2020.11.09-17.54.35:826][  0]LogConfig: Setting CVar [[r.LensFlareQuality:2]]
[2020.11.09-17.54.35:826][  0]LogConfig: Setting CVar [[r.SceneColorFringeQuality:1]]
[2020.11.09-17.54.35:826][  0]LogConfig: Setting CVar [[r.EyeAdaptationQuality:2]]
[2020.11.09-17.54.35:826][  0]LogConfig: Setting CVar [[r.BloomQuality:5]]
[2020.11.09-17.54.35:826][  0]LogConfig: Setting CVar [[r.FastBlurThreshold:3]]
[2020.11.09-17.54.35:826][  0]LogConfig: Setting CVar [[r.Upscale.Quality:2]]
[2020.11.09-17.54.35:826][  0]LogConfig: Setting CVar [[r.Tonemapper.GrainQuantization:1]]
[2020.11.09-17.54.35:826][  0]LogConfig: Setting CVar [[r.LightShaftQuality:1]]
[2020.11.09-17.54.35:826][  0]LogConfig: Setting CVar [[r.Filter.SizeScale:0.8]]
[2020.11.09-17.54.35:826][  0]LogConfig: Setting CVar [[r.Tonemapper.Quality:5]]
[2020.11.09-17.54.35:826][  0]LogConfig: Setting CVar [[r.DOF.Gather.AccumulatorQuality:0        ; lower gathering accumulator quality]]
[2020.11.09-17.54.35:826][  0]LogConfig: Setting CVar [[r.DOF.Gather.PostfilterMethod:2          ; Max3x3 postfilering method]]
[2020.11.09-17.54.35:826][  0]LogConfig: Setting CVar [[r.DOF.Gather.EnableBokehSettings:0       ; no bokeh simulation when gathering]]
[2020.11.09-17.54.35:826][  0]LogConfig: Setting CVar [[r.DOF.Gather.RingCount:4                 ; medium number of samples when gathering]]
[2020.11.09-17.54.35:827][  0]LogConfig: Setting CVar [[r.DOF.Scatter.ForegroundCompositing:1    ; additive foreground scattering]]
[2020.11.09-17.54.35:827][  0]LogConfig: Setting CVar [[r.DOF.Scatter.BackgroundCompositing:1    ; no background occlusion]]
[2020.11.09-17.54.35:827][  0]LogConfig: Setting CVar [[r.DOF.Scatter.EnableBokehSettings:0      ; no bokeh simulation when scattering]]
[2020.11.09-17.54.35:827][  0]LogConfig: Setting CVar [[r.DOF.Scatter.MaxSpriteRatio:0.04        ; only a maximum of 4% of scattered bokeh]]
[2020.11.09-17.54.35:827][  0]LogConfig: Setting CVar [[r.DOF.Recombine.Quality:0                ; no slight out of focus]]
[2020.11.09-17.54.35:827][  0]LogConfig: Setting CVar [[r.DOF.TemporalAAQuality:0                ; faster temporal accumulation]]
[2020.11.09-17.54.35:827][  0]LogConfig: Setting CVar [[r.DOF.Kernel.MaxForegroundRadius:0.012   ; required because of AccumulatorQuality=0]]
[2020.11.09-17.54.35:827][  0]LogConfig: Setting CVar [[r.DOF.Kernel.MaxBackgroundRadius:0.012   ; required because of AccumulatorQuality=0]]
[2020.11.09-17.54.35:827][  0]LogConfig: Applying CVar settings from Section [TextureQuality@2] File [C:/work/PerforceWorkspace/EnginerLocalPcLessons/XYZProject/ue4/XYZProject/Saved/Config/Windows/Scalability.ini]
[2020.11.09-17.54.35:827][  0]LogConfig: Setting CVar [[r.Streaming.MipBias:0]]
[2020.11.09-17.54.35:827][  0]LogConfig: Setting CVar [[r.Streaming.AmortizeCPUToGPUCopy:0]]
[2020.11.09-17.54.35:827][  0]LogConfig: Setting CVar [[r.Streaming.MaxNumTexturesToStreamPerFrame:0]]
[2020.11.09-17.54.35:827][  0]LogConfig: Setting CVar [[r.Streaming.Boost:1]]
[2020.11.09-17.54.35:827][  0]LogConfig: Setting CVar [[r.MaxAnisotropy:4]]
[2020.11.09-17.54.35:827][  0]LogConfig: Setting CVar [[r.VT.MaxAnisotropy:8]]
[2020.11.09-17.54.35:827][  0]LogConfig: Setting CVar [[r.Streaming.LimitPoolSizeToVRAM:1]]
[2020.11.09-17.54.35:827][  0]LogConfig: Setting CVar [[r.Streaming.PoolSize:800]]
[2020.11.09-17.54.35:827][  0]LogConfig: Setting CVar [[r.Streaming.MaxEffectiveScreenSize:0]]
[2020.11.09-17.54.35:828][  0]LogConfig: Applying CVar settings from Section [EffectsQuality@2] File [C:/work/PerforceWorkspace/EnginerLocalPcLessons/XYZProject/ue4/XYZProject/Saved/Config/Windows/Scalability.ini]
[2020.11.09-17.54.35:828][  0]LogConfig: Setting CVar [[r.TranslucencyLightingVolumeDim:48]]
[2020.11.09-17.54.35:828][  0]LogConfig: Setting CVar [[r.RefractionQuality:2]]
[2020.11.09-17.54.35:828][  0]LogConfig: Setting CVar [[r.SSR.Quality:2]]
[2020.11.09-17.54.35:828][  0]LogConfig: Setting CVar [[r.SSR.HalfResSceneColor:1]]
[2020.11.09-17.54.35:828][  0]LogConfig: Setting CVar [[r.SceneColorFormat:3]]
[2020.11.09-17.54.35:828][  0]LogConfig: Setting CVar [[r.DetailMode:1]]
[2020.11.09-17.54.35:828][  0]LogConfig: Setting CVar [[r.TranslucencyVolumeBlur:1]]
[2020.11.09-17.54.35:828][  0]LogConfig: Setting CVar [[r.MaterialQualityLevel:1 ; High quality]]
[2020.11.09-17.54.35:828][  0]LogConfig: Setting CVar [[r.SSS.Scale:1]]
[2020.11.09-17.54.35:828][  0]LogConfig: Setting CVar [[r.SSS.SampleSet:1]]
[2020.11.09-17.54.35:828][  0]LogConfig: Setting CVar [[r.SSS.Quality:-1]]
[2020.11.09-17.54.35:828][  0]LogConfig: Setting CVar [[r.SSS.HalfRes:1]]
[2020.11.09-17.54.35:828][  0]LogConfig: Setting CVar [[r.SSGI.Quality:2]]
[2020.11.09-17.54.35:828][  0]LogConfig: Setting CVar [[r.EmitterSpawnRateScale:0.5]]
[2020.11.09-17.54.35:828][  0]LogConfig: Setting CVar [[r.ParticleLightQuality:1]]
[2020.11.09-17.54.35:828][  0]LogConfig: Setting CVar [[r.SkyAtmosphere.AerialPerspectiveLUT.FastApplyOnOpaque:1 ; Always have FastSkyLUT 1 in this case to avoid wrong sky]]
[2020.11.09-17.54.35:828][  0]LogConfig: Setting CVar [[r.SkyAtmosphere.AerialPerspectiveLUT.SampleCountPerSlice:1]]
[2020.11.09-17.54.35:828][  0]LogConfig: Setting CVar [[r.SkyAtmosphere.AerialPerspectiveLUT.DepthResolution:16.0]]
[2020.11.09-17.54.35:828][  0]LogConfig: Setting CVar [[r.SkyAtmosphere.FastSkyLUT:1]]
[2020.11.09-17.54.35:828][  0]LogConfig: Setting CVar [[r.SkyAtmosphere.FastSkyLUT.SampleCountMin:4.0]]
[2020.11.09-17.54.35:829][  0]LogConfig: Setting CVar [[r.SkyAtmosphere.FastSkyLUT.SampleCountMax:32.0]]
[2020.11.09-17.54.35:829][  0]LogConfig: Setting CVar [[r.SkyAtmosphere.SampleCountMin:4.0]]
[2020.11.09-17.54.35:829][  0]LogConfig: Setting CVar [[r.SkyAtmosphere.SampleCountMax:32.0]]
[2020.11.09-17.54.35:829][  0]LogConfig: Setting CVar [[r.SkyAtmosphere.TransmittanceLUT.UseSmallFormat:0]]
[2020.11.09-17.54.35:829][  0]LogConfig: Setting CVar [[r.SkyAtmosphere.TransmittanceLUT.SampleCount:10.0]]
[2020.11.09-17.54.35:829][  0]LogConfig: Setting CVar [[r.SkyAtmosphere.MultiScatteringLUT.SampleCount:15.0]]
[2020.11.09-17.54.35:829][  0]LogConfig: Applying CVar settings from Section [FoliageQuality@2] File [C:/work/PerforceWorkspace/EnginerLocalPcLessons/XYZProject/ue4/XYZProject/Saved/Config/Windows/Scalability.ini]
[2020.11.09-17.54.35:829][  0]LogConfig: Setting CVar [[foliage.DensityScale:0.8]]
[2020.11.09-17.54.35:829][  0]LogConfig: Setting CVar [[grass.DensityScale:0.8]]
[2020.11.09-17.54.35:829][  0]LogConfig: Applying CVar settings from Section [ShadingQuality@2] File [C:/work/PerforceWorkspace/EnginerLocalPcLessons/XYZProject/ue4/XYZProject/Saved/Config/Windows/Scalability.ini]
[2020.11.09-17.54.35:829][  0]LogConfig: Setting CVar [[r.HairStrands.SkyLighting.SampleCount:16]]
[2020.11.09-17.54.35:829][  0]LogConfig: Setting CVar [[r.HairStrands.SkyLighting.JitterIntegration:0]]
[2020.11.09-17.54.35:829][  0]LogConfig: Setting CVar [[r.HairStrands.SkyAO.SampleCount:16]]
[2020.11.09-17.54.35:829][  0]LogConfig: Setting CVar [[r.HairStrands.DeepShadow.SuperSampling:0]]
[2020.11.09-17.54.35:829][  0]LogConfig: Setting CVar [[r.HairStrands.VisibilityPPLL:0]]
[2020.11.09-17.54.35:829][  0]LogConfig: Setting CVar [[r.HairStrands.RasterizationScale:0.5]]
[2020.11.09-17.54.35:829][  0]LogConfig: Setting CVar [[r.HairStrands.VelocityRasterizationScale:1]]
[2020.11.09-17.54.35:829][  0]LogConfig: Applying CVar settings from Section [Startup] File [../../../Engine/Config/ConsoleVariables.ini]
[2020.11.09-17.54.35:830][  0]LogConfig: Setting CVar [[net.UseAdaptiveNetUpdateFrequency:0]]
[2020.11.09-17.54.35:830][  0]LogConfig: Setting CVar [[p.chaos.AllowCreatePhysxBodies:1]]
[2020.11.09-17.54.35:830][  0]LogConfig: Setting CVar [[fx.SkipVectorVMBackendOptimizations:1]]
[2020.11.09-17.54.35:830][  0]LogConfig: Applying CVar settings from Section [ConsoleVariables] File [C:/work/PerforceWorkspace/EnginerLocalPcLessons/XYZProject/ue4/XYZProject/Saved/Config/Windows/Engine.ini]
[2020.11.09-17.54.35:830][  0]LogInit: Computer: DESKTOP-MG3UB52
[2020.11.09-17.54.35:830][  0]LogInit: User: userone
[2020.11.09-17.54.35:830][  0]LogInit: CPU Page size=4096, Cores=6
[2020.11.09-17.54.35:830][  0]LogInit: High frequency timer resolution =10.000000 MHz
[2020.11.09-17.54.35:830][  0]LogMemory: Memory total: Physical=16.0GB (16GB approx)
[2020.11.09-17.54.35:830][  0]LogMemory: Platform Memory Stats for Windows
[2020.11.09-17.54.35:831][  0]LogMemory: Process Physical Memory: 116.00 MB used, 116.00 MB peak
[2020.11.09-17.54.35:831][  0]LogMemory: Process Virtual Memory: 97.96 MB used, 97.96 MB peak
[2020.11.09-17.54.35:831][  0]LogMemory: Physical Memory: 10944.26 MB used,  5392.52 MB free, 16336.79 MB total
[2020.11.09-17.54.35:831][  0]LogMemory: Virtual Memory: 5131.50 MB used,  134212600.00 MB free, 134217728.00 MB total
[2020.11.09-17.54.35:844][  0]LogWindows: WindowsPlatformFeatures enabled
[2020.11.09-17.54.36:133][  0]LogInit: Physics initialised using underlying interface: PhysX
[2020.11.09-17.54.36:135][  0]LogInit: Using OS detected language (ru-RU).
[2020.11.09-17.54.36:135][  0]LogInit: Using OS detected locale (ru-RU).
[2020.11.09-17.54.36:146][  0]LogTextLocalizationManager: No specific localization for 'ru-RU' exists, so the 'ru' localization will be used.
[2020.11.09-17.54.36:146][  0]LogTextLocalizationResource: LocRes '../../../Engine/Content/Localization/Editor/ru/Editor.locres' could not be opened for reading!
[2020.11.09-17.54.36:147][  0]LogTextLocalizationResource: LocRes '../../../Engine/Content/Localization/EditorTutorials/ru/EditorTutorials.locres' could not be opened for reading!
[2020.11.09-17.54.36:147][  0]LogTextLocalizationResource: LocRes '../../../Engine/Content/Localization/Keywords/ru/Keywords.locres' could not be opened for reading!
[2020.11.09-17.54.36:147][  0]LogTextLocalizationResource: LocRes '../../../Engine/Content/Localization/Category/ru/Category.locres' could not be opened for reading!
[2020.11.09-17.54.36:148][  0]LogTextLocalizationResource: LocRes '../../../Engine/Content/Localization/ToolTips/ru/ToolTips.locres' could not be opened for reading!
[2020.11.09-17.54.36:148][  0]LogTextLocalizationResource: LocRes '../../../Engine/Content/Localization/PropertyNames/ru/PropertyNames.locres' could not be opened for reading!
[2020.11.09-17.54.36:148][  0]LogTextLocalizationResource: LocRes '../../../Engine/Content/Localization/Engine/ru/Engine.locres' could not be opened for reading!
[2020.11.09-17.54.36:150][  0]LogInit: Setting process to per monitor DPI aware
[2020.11.09-17.54.36:209][  0]LogSlate: New Slate User Created.  User Index 0, Is Virtual User: 0
[2020.11.09-17.54.36:209][  0]LogSlate: Slate User Registered.  User Index 0, Is Virtual User: 0
[2020.11.09-17.54.36:557][  0]LogHMD: Failed to initialize OpenVR with code 110
[2020.11.09-17.54.36:557][  0]LogD3D11RHI: D3D11 min allowed feature level: 11_0
[2020.11.09-17.54.36:557][  0]LogD3D11RHI: D3D11 max allowed feature level: 11_0
[2020.11.09-17.54.36:557][  0]LogD3D11RHI: D3D11 adapters:
[2020.11.09-17.54.36:640][  0]LogD3D11RHI:    0. 'NVIDIA GeForce GTX 550 Ti' (Feature Level 11_0)
[2020.11.09-17.54.36:640][  0]LogD3D11RHI:       959/0/8168 MB DedicatedVideo/DedicatedSystem/SharedSystem, Outputs:2, VendorId:0x10de
[2020.11.09-17.54.36:649][  0]LogD3D11RHI:    1. 'Microsoft Basic Render Driver' (Feature Level 11_0)
[2020.11.09-17.54.36:649][  0]LogD3D11RHI:       0/0/8168 MB DedicatedVideo/DedicatedSystem/SharedSystem, Outputs:0, VendorId:0x1414
[2020.11.09-17.54.36:649][  0]LogD3D11RHI: Chosen D3D11 Adapter: 0
[2020.11.09-17.54.36:663][  0]LogD3D11RHI: Creating new Direct3DDevice
[2020.11.09-17.54.36:663][  0]LogD3D11RHI:     GPU DeviceId: 0x1244 (for the marketing name, search the web for "GPU Device Id")
[2020.11.09-17.54.36:663][  0]LogWindows: EnumDisplayDevices:
[2020.11.09-17.54.36:664][  0]LogWindows:    0. 'NVIDIA GeForce GTX 550 Ti' (P:1 D:1)
[2020.11.09-17.54.36:664][  0]LogWindows:    1. 'NVIDIA GeForce GTX 550 Ti' (P:0 D:1)
[2020.11.09-17.54.36:664][  0]LogWindows: DebugString: FoundDriverCount:2 
[2020.11.09-17.54.36:664][  0]LogD3D11RHI:     Adapter Name: NVIDIA GeForce GTX 550 Ti
[2020.11.09-17.54.36:664][  0]LogD3D11RHI:   Driver Version: 391.35 (internal:23.21.13.9135, unified:391.35)
[2020.11.09-17.54.36:664][  0]LogD3D11RHI:      Driver Date: 3-23-2018
[2020.11.09-17.54.36:664][  0]LogRHI: Texture pool is 671 MB (70% of 959 MB)
[2020.11.09-17.54.36:719][  0]LogD3D11RHI: Display: Timestamp queries are currently disabled on this hardware due to instability. Realtime GPU stats will not be available. You can override this behaviour by setting r.NVIDIATimestampWorkaround to 0
[2020.11.09-17.54.36:720][  0]LogD3D11RHI: RHI does not have support for 64 bit atomics
[2020.11.09-17.54.36:720][  0]LogD3D11RHI: Async texture creation enabled
[2020.11.09-17.54.36:789][  0]LogD3D11RHI: GPU Timing Frequency: 1000.000000 (Debug: 2 2)
[2020.11.09-17.54.37:170][  0]LogTargetPlatformManager: Display: Loaded TargetPlatform 'AllDesktop'
[2020.11.09-17.54.37:200][  0]LogTargetPlatformManager: Display: Loaded TargetPlatform 'Android'
[2020.11.09-17.54.37:200][  0]LogTargetPlatformManager: Display: Loaded TargetPlatform 'Android_ASTC'
[2020.11.09-17.54.37:200][  0]LogTargetPlatformManager: Display: Loaded TargetPlatform 'Android_DXT'
[2020.11.09-17.54.37:200][  0]LogTargetPlatformManager: Display: Loaded TargetPlatform 'Android_ETC2'
[2020.11.09-17.54.37:200][  0]LogTargetPlatformManager: Display: Loaded TargetPlatform 'AndroidClient'
[2020.11.09-17.54.37:200][  0]LogTargetPlatformManager: Display: Loaded TargetPlatform 'Android_ASTCClient'
[2020.11.09-17.54.37:200][  0]LogTargetPlatformManager: Display: Loaded TargetPlatform 'Android_DXTClient'
[2020.11.09-17.54.37:200][  0]LogTargetPlatformManager: Display: Loaded TargetPlatform 'Android_ETC2Client'
[2020.11.09-17.54.37:200][  0]LogTargetPlatformManager: Display: Loaded TargetPlatform 'Android_Multi'
[2020.11.09-17.54.37:200][  0]LogTargetPlatformManager: Display: Loaded TargetPlatform 'Android_MultiClient'
[2020.11.09-17.54.37:244][  0]LogTargetPlatformManager: Display: Loaded TargetPlatform 'IOSClient'
[2020.11.09-17.54.37:244][  0]LogTargetPlatformManager: Display: Loaded TargetPlatform 'IOS'
[2020.11.09-17.54.37:262][  0]LogTargetPlatformManager: Display: Loaded TargetPlatform 'Linux'
[2020.11.09-17.54.37:277][  0]LogTargetPlatformManager: Display: Loaded TargetPlatform 'LinuxNoEditor'
[2020.11.09-17.54.37:292][  0]LogTargetPlatformManager: Display: Loaded TargetPlatform 'LinuxClient'
[2020.11.09-17.54.37:309][  0]LogTargetPlatformManager: Display: Loaded TargetPlatform 'LinuxServer'
[2020.11.09-17.54.37:326][  0]LogTargetPlatformManager: Display: Loaded TargetPlatform 'LinuxAArch64NoEditor'
[2020.11.09-17.54.37:341][  0]LogTargetPlatformManager: Display: Loaded TargetPlatform 'LinuxAArch64Client'
[2020.11.09-17.54.37:355][  0]LogTargetPlatformManager: Display: Loaded TargetPlatform 'LinuxAArch64Server'
[2020.11.09-17.54.37:392][  0]LogTargetPlatformManager: Display: Loaded TargetPlatform 'Lumin'
[2020.11.09-17.54.37:392][  0]LogTargetPlatformManager: Display: Loaded TargetPlatform 'LuminClient'
[2020.11.09-17.54.37:417][  0]LogTargetPlatformManager: Display: Loaded TargetPlatform 'TVOSClient'
[2020.11.09-17.54.37:417][  0]LogTargetPlatformManager: Display: Loaded TargetPlatform 'TVOS'
[2020.11.09-17.54.37:432][  0]LogTargetPlatformManager: Display: Loaded TargetPlatform 'WindowsNoEditor'
[2020.11.09-17.54.37:448][  0]LogTargetPlatformManager: Display: Loaded TargetPlatform 'Windows'
[2020.11.09-17.54.37:463][  0]LogTargetPlatformManager: Display: Loaded TargetPlatform 'WindowsClient'
[2020.11.09-17.54.37:479][  0]LogTargetPlatformManager: Display: Loaded TargetPlatform 'WindowsServer'
[2020.11.09-17.54.37:479][  0]LogTargetPlatformManager: Display: Building Assets For Windows
[2020.11.09-17.54.37:505][  0]LogAudioDebug: Display: Lib vorbis DLL was dynamically loaded.
[2020.11.09-17.54.37:649][  0]LogShaderCompilers: Guid format shader working directory is -39 characters bigger than the processId version (../../../../../../work/PerforceWorkspace/EnginerLocalPcLessons/XYZProject/ue4/XYZProject/Intermediate/Shaders/WorkingDirectory/6916/).
[2020.11.09-17.54.37:649][  0]LogShaderCompilers: Cleaned the shader compiler working directory 'C:/Users/user_one/AppData/Local/Temp/UnrealShaderWorkingDir/29467D584DDD914DF82D63A58553198B/'.
[2020.11.09-17.54.37:650][  0]LogXGEController: Cannot use XGE Controller as Incredibuild is not installed on this machine.
[2020.11.09-17.54.37:650][  0]LogShaderCompilers: Cannot use XGE Shader Compiler as Incredibuild is not installed on this machine.
[2020.11.09-17.54.37:650][  0]LogShaderCompilers: Display: Using Local Shader Compiler.
[2020.11.09-17.54.38:655][  0]LogDerivedDataCache: Display: Max Cache Size: 512 MB
[2020.11.09-17.54.38:848][  0]LogDerivedDataCache: Loaded boot cache 0.19s 75MB C:/Users/user_one/AppData/Local/UnrealEngine/4.25/DerivedDataCache/Boot.ddc.
[2020.11.09-17.54.38:848][  0]LogDerivedDataCache: Display: Loaded Boot cache: C:/Users/user_one/AppData/Local/UnrealEngine/4.25/DerivedDataCache/Boot.ddc
[2020.11.09-17.54.38:849][  0]LogDerivedDataCache: FDerivedDataBackendGraph:  Pak pak cache file ../../../../../../work/PerforceWorkspace/EnginerLocalPcLessons/XYZProject/ue4/XYZProject/DerivedDataCache/DDC.ddp not found, will not use a pak cache.
[2020.11.09-17.54.38:849][  0]LogDerivedDataCache: Unable to find inner node Pak for hierarchical cache Hierarchy.
[2020.11.09-17.54.38:849][  0]LogDerivedDataCache: FDerivedDataBackendGraph:  CompressedPak pak cache file ../../../../../../work/PerforceWorkspace/EnginerLocalPcLessons/XYZProject/ue4/XYZProject/DerivedDataCache/Compressed.ddp not found, will not use a pak cache.
[2020.11.09-17.54.38:849][  0]LogDerivedDataCache: Unable to find inner node CompressedPak for hierarchical cache Hierarchy.
[2020.11.09-17.54.38:862][  0]LogDerivedDataCache: Display: Pak cache opened for reading ../../../Engine/DerivedDataCache/Compressed.ddp.
[2020.11.09-17.54.38:862][  0]LogDerivedDataCache: FDerivedDataBackendGraph:  EnterprisePak pak cache file ../../../Enterprise/DerivedDataCache/Compressed.ddp not found, will not use a pak cache.
[2020.11.09-17.54.38:862][  0]LogDerivedDataCache: Unable to find inner node EnterprisePak for hierarchical cache Hierarchy.
[2020.11.09-17.54.38:865][  0]LogDerivedDataCache: Using Local data cache path C:/Users/user_one/AppData/Local/UnrealEngine/Common/DerivedDataCache: Writable
[2020.11.09-17.54.38:865][  0]LogDerivedDataCache: Shared data cache path not found in *engine.ini, will not use an Shared cache.
[2020.11.09-17.54.38:865][  0]LogDerivedDataCache: Unable to find inner node Shared for hierarchical cache Hierarchy.
[2020.11.09-17.54.38:925][  0]LogSlate: Using FreeType 2.10.0
[2020.11.09-17.54.38:928][  0]LogSlate: SlateFontServices - WITH_FREETYPE: 1, WITH_HARFBUZZ: 1
[2020.11.09-17.54.38:964][  0]LogAssetRegistry: FAssetRegistry took 0.0048 seconds to start up
[2020.11.09-17.54.39:240][  0]LogInit: Selected Device Profile: [Windows]
[2020.11.09-17.54.39:415][  0]LogMeshReduction: Using QuadricMeshReduction for automatic static mesh reduction
[2020.11.09-17.54.39:415][  0]LogMeshReduction: Using SimplygonMeshReduction for automatic skeletal mesh reduction
[2020.11.09-17.54.39:415][  0]LogMeshReduction: Using ProxyLODMeshReduction for automatic mesh merging
[2020.11.09-17.54.39:415][  0]LogMeshReduction: No distributed automatic mesh merging module available
[2020.11.09-17.54.39:416][  0]LogMeshMerging: No distributed automatic mesh merging module available
[2020.11.09-17.54.39:437][  0]LogNetVersion: XYZProject 1.0.0, NetCL: 13144385, EngineNetVer: 14, GameNetVer: 0 (Checksum: 1442504022)
[2020.11.09-17.54.39:977][  0]LogAISub: UAISubsystem::UAISubsystem AISubsystem (0000025B72765840), frame # 0
[2020.11.09-17.54.39:977][  0]LogAISub: UAISubsystem::UAISubsystem AIPerceptionSystem (0000025B726F07C0), frame # 0
[2020.11.09-17.54.39:979][  0]LogAISub: UAISubsystem::UAISubsystem EnvQueryManager (0000025B7270DE00), frame # 0
[2020.11.09-17.54.40:032][  0]LogPackageLocalizationCache: Processed 20 localized package path(s) for 1 prioritized culture(s) in 0.046263 seconds
[2020.11.09-17.54.40:038][  0]LogUObjectArray: 15917 objects as part of root set at end of initial load.
[2020.11.09-17.54.40:038][  0]LogUObjectAllocator: 3965568 out of 0 bytes used by permanent object pool.
[2020.11.09-17.54.40:038][  0]LogUObjectArray: CloseDisregardForGC: 0/0 objects in disregard for GC pool
[2020.11.09-17.54.41:184][  0]LogTcpMessaging: Initializing TcpMessaging bridge
[2020.11.09-17.54.41:194][  0]LogUdpMessaging: Initializing bridge on interface 0.0.0.0:0 to multicast group 230.0.0.1:6666.
[2020.11.09-17.54.41:385][  0]SourceControl: Source control is disabled
[2020.11.09-17.54.41:385][  0]SourceControl: Source control is disabled
[2020.11.09-17.54.41:392][  0]SourceControl: Source control is disabled
[2020.11.09-17.54.41:400][  0]SourceControl: Source control is disabled
[2020.11.09-17.54.41:415][  0]SourceControl: Source control is disabled
[2020.11.09-17.54.41:959][  0]LogAndroidPermission: UAndroidPermissionCallbackProxy::GetInstance
[2020.11.09-17.54.42:004][  0]LogAudioCaptureCore: Display: No Audio Capture implementations found. Audio input will be silent.
[2020.11.09-17.54.42:004][  0]LogAudioCaptureCore: Display: No Audio Capture implementations found. Audio input will be silent.
[2020.11.09-17.54.42:093][  0]LogOcInput: OculusInput pre-init called
[2020.11.09-17.54.42:112][  0]LogWindows: Failed to load 'OVRPlugin.dll' (GetLastError=126)
[2020.11.09-17.54.42:113][  0]LogWindows: File 'OVRPlugin.dll' does not exist
[2020.11.09-17.54.42:215][  0]LogEngine: Initializing Engine...
[2020.11.09-17.54.42:216][  0]LogHMD: Failed to initialize OpenVR with code 110
[2020.11.09-17.54.42:216][  0]LogMagicLeap: Warning: VR disabled because ZI is not enabled.  To enable, in the editor, Edit -> Project Settings -> Plugins -> Magic Leap Plugin -> Enable Zero Iteration
[2020.11.09-17.54.42:217][  0]LogStats: UGameplayTagsManager::InitializeManager -  0.000 s
[2020.11.09-17.54.42:347][  0]LogInit: Initializing FReadOnlyCVARCache
[2020.11.09-17.54.42:360][  0]LogAIModule: Creating AISystem for world Untitled
[2020.11.09-17.54.42:360][  0]LogAISub: UAISubsystem::UAISubsystem EnvQueryManager (0000025B7601BC00), frame # 0
[2020.11.09-17.54.42:360][  0]LogAISub: UAISubsystem::UAISubsystem AIPerceptionSystem (0000025B76017B00), frame # 0
[2020.11.09-17.54.42:380][  0]LogAudioMixer: Display: Audio Mixer Platform Settings:
[2020.11.09-17.54.42:380][  0]LogAudioMixer: Display: 	Sample Rate:						  48000
[2020.11.09-17.54.42:380][  0]LogAudioMixer: Display: 	Callback Buffer Frame Size Requested: 1024
[2020.11.09-17.54.42:381][  0]LogAudioMixer: Display: 	Callback Buffer Frame Size To Use:	  1024
[2020.11.09-17.54.42:381][  0]LogAudioMixer: Display: 	Number of buffers to queue:			  2
[2020.11.09-17.54.42:381][  0]LogAudioMixer: Display: 	Max Channels (voices):				  32
[2020.11.09-17.54.42:381][  0]LogAudioMixer: Display: 	Number of Async Source Workers:		  0
[2020.11.09-17.54.42:381][  0]LogAudio: Display: AudioDevice MaxSources: 32
[2020.11.09-17.54.42:381][  0]LogAudio: Display: Using built-in audio occlusion.
[2020.11.09-17.54.42:381][  0]LogAudioMixer: Display: Initializing audio mixer.
[2020.11.09-17.54.42:404][  0]LogAudioMixer: Display: 0: FrontLeft
[2020.11.09-17.54.42:404][  0]LogAudioMixer: Display: 1: FrontRight
[2020.11.09-17.54.42:463][  0]LogAudioMixer: Display: Using Audio Device Динамики (High Definition Audio Device)
[2020.11.09-17.54.42:466][  0]LogAudioMixer: Display: Initializing Sound Submixes...
[2020.11.09-17.54.42:469][  0]LogAudioMixer: Display: Creating Master Submix 'MasterSubmixDefault'
[2020.11.09-17.54.42:469][  0]LogAudioMixer: Display: Creating Master Submix 'MasterReverbSubmixDefault'
[2020.11.09-17.54.42:470][  0]LogAudioMixer: Display: Creating Master Submix 'MasterEQSubmixDefault'
[2020.11.09-17.54.42:472][  0]LogInit: FAudioDevice initialized.
[2020.11.09-17.54.42:473][  0]LogNetVersion: Set ProjectVersion to 1.0.0.0. Version Checksum will be recalculated on next use.
[2020.11.09-17.54.42:566][  0]LogDerivedDataCache: Saved boot cache 0.09s 75MB C:/Users/user_one/AppData/Local/UnrealEngine/4.25/DerivedDataCache/Boot.ddc.
[2020.11.09-17.54.42:571][  0]LogInit: Texture streaming: Enabled
[2020.11.09-17.54.42:604][  0]LogEngineSessionManager: EngineSessionManager initialized
[2020.11.09-17.54.42:604][  0]LogEditorSessionSummary: Verbose: Initializing EditorSessionSummaryWriter for editor session tracking
[2020.11.09-17.54.42:609][  0]LogEditorSessionSummary: EditorSessionSummaryWriter initialized
[2020.11.09-17.54.42:664][  0]LogInit: Transaction tracking system initialized
[2020.11.09-17.54.42:714][  0]BlueprintLog: New page: Editor Load
[2020.11.09-17.54.42:877][  0]LocalizationService: Localization service is disabled
[2020.11.09-17.54.43:138][  0]LogCook: Display: Max memory allowance for cook 16384mb min free memory 0mb
[2020.11.09-17.54.43:138][  0]LogCook: Display: Mobile HDR setting 1
[2020.11.09-17.54.43:444][  0]LogFileCache: Scanning file cache for directory 'C:/work/PerforceWorkspace/EnginerLocalPcLessons/XYZProject/ue4/XYZProject/Content/' took 0.00s
[2020.11.09-17.54.43:673][  0]SourceControl: Source control is disabled
[2020.11.09-17.54.43:673][  0]LogUnrealEdMisc: Loading editor; pre map load, took 10.506
[2020.11.09-17.54.43:673][  0]Cmd: MAP LOAD FILE="../../../../../../work/PerforceWorkspace/EnginerLocalPcLessons/XYZProject/ue4/XYZProject/Content/XYZProject/Maps/Gym_Default.umap" TEMPLATE=0 SHOWPROGRESS=1 FEATURELEVEL=3
[2020.11.09-17.54.43:674][  0]LightingResults: New page: Lighting Build
[2020.11.09-17.54.43:676][  0]LogWorld: UWorld::CleanupWorld for Untitled, bSessionEnded=true, bCleanupResources=true
[2020.11.09-17.54.43:676][  0]LogSlate: InvalidateAllWidgets triggered.  All widgets were invalidated
[2020.11.09-17.54.43:676][  0]MapCheck: New page: Map Check
[2020.11.09-17.54.43:676][  0]LightingResults: New page: Lighting Build
[2020.11.09-17.54.43:689][  0]LogAISub: UAISubsystem::~UAISubsystem EnvQueryManager (0000025B7601BC00), frame # 0
[2020.11.09-17.54.43:689][  0]LogAISub: UAISubsystem::~UAISubsystem AIPerceptionSystem (0000025B76017B00), frame # 0
[2020.11.09-17.54.43:689][  0]LogUObjectHash: Compacting FUObjectHashTables data took   0.72ms
[2020.11.09-17.54.43:821][  0]LogBlueprint: Warning: [Compiler BP_Player] InputAction Event references unknown Action 'ResetVR' for  InputAction ResetVR
[2020.11.09-17.54.43:822][  0]LogBlueprint: Warning: [Compiler BP_Player] Input Axis Event references unknown Axis 'LookUpRate' for  InputAxis LookUpRate
[2020.11.09-17.54.43:822][  0]LogBlueprint: Warning: [Compiler BP_Player] Input Axis Event references unknown Axis 'TurnRate' for  InputAxis TurnRate
[2020.11.09-17.54.43:990][  0]LogMaterial: Display: Missing cached shader map for material M_UE4Man_Body, compiling. 
[2020.11.09-17.54.44:093][  0]LogMaterial: Display: Missing cached shader map for material M_UE4Man_Body, compiling. 
[2020.11.09-17.54.44:138][  0]LogShaderCompilers: Display: Worker (1/9): shaders left to compile 98
[2020.11.09-17.54.44:138][  0]LogShaderCompilers: Display: Worker (2/9): shaders left to compile 88
[2020.11.09-17.54.44:138][  0]LogShaderCompilers: Display: Worker (3/9): shaders left to compile 78
[2020.11.09-17.54.44:139][  0]LogShaderCompilers: Display: Worker (4/9): shaders left to compile 68
[2020.11.09-17.54.44:139][  0]LogShaderCompilers: Display: Worker (5/9): shaders left to compile 58
[2020.11.09-17.54.44:139][  0]LogShaderCompilers: Display: Worker (6/9): shaders left to compile 48
[2020.11.09-17.54.44:139][  0]LogShaderCompilers: Display: Worker (7/9): shaders left to compile 38
[2020.11.09-17.54.44:139][  0]LogShaderCompilers: Display: Worker (8/9): shaders left to compile 28
[2020.11.09-17.54.44:139][  0]LogShaderCompilers: Display: Worker (9/9): shaders left to compile 18
[2020.11.09-17.54.44:139][  0]LogSkeletalMesh: Building Skeletal Mesh SK_Player...
[2020.11.09-17.54.44:298][  0]LogSkeletalMesh: Built Skeletal Mesh [0.16s] /Game/XYZProject/Characters/Player/SK_Player.SK_Player
[2020.11.09-17.54.44:304][  0]LogAIModule: Creating AISystem for world Gym_Default
[2020.11.09-17.54.44:305][  0]LogAISub: UAISubsystem::UAISubsystem EnvQueryManager (0000025B0D141E00), frame # 0
[2020.11.09-17.54.44:305][  0]LogAISub: UAISubsystem::UAISubsystem AIPerceptionSystem (0000025B0D147100), frame # 0
[2020.11.09-17.54.44:422][  0]LogEditorServer: Finished looking for orphan Actors (0.000 secs)
[2020.11.09-17.54.44:449][  0]LogUObjectHash: Compacting FUObjectHashTables data took   1.28ms
[2020.11.09-17.54.44:449][  0]Cmd: MAP CHECKDEP NOCLEARLOG
[2020.11.09-17.54.44:450][  0]MapCheck: Map check complete: 0 Error(s), 0 Warning(s), took 0,24ms to complete.
[2020.11.09-17.54.44:450][  0]LogFileHelpers: Loading map 'Gym_Default' took 0.776
[2020.11.09-17.54.44:453][  0]LogUnrealEdMisc: Total Editor Startup Time, took 11.286
[2020.11.09-17.54.44:648][  0]LogSlate: Updating window title bar state: overlay mode, drag disabled, window buttons hidden, title bar hidden
[2020.11.09-17.54.44:659][  0]LogSlate: Updating window title bar state: overlay mode, drag disabled, window buttons hidden, title bar hidden
[2020.11.09-17.54.44:671][  0]LogSlate: Updating window title bar state: overlay mode, drag disabled, window buttons hidden, title bar hidden
[2020.11.09-17.54.44:683][  0]LogSlate: Updating window title bar state: overlay mode, drag disabled, window buttons hidden, title bar hidden
[2020.11.09-17.54.44:700][  0]LogCollectionManager: Loaded 0 collections in 0.002984 seconds
[2020.11.09-17.54.44:730][  0]LogFileCache: Scanning file cache for directory 'C:/work/PerforceWorkspace/EnginerLocalPcLessons/XYZProject/ue4/XYZProject/Saved/Collections/' took 0.00s
[2020.11.09-17.54.44:731][  0]LogFileCache: Scanning file cache for directory 'C:/work/PerforceWorkspace/EnginerLocalPcLessons/XYZProject/ue4/XYZProject/Content/Developers/userone/Collections/' took 0.00s
[2020.11.09-17.54.44:731][  0]LogFileCache: Scanning file cache for directory 'C:/work/PerforceWorkspace/EnginerLocalPcLessons/XYZProject/ue4/XYZProject/Content/Collections/' took 0.00s
[2020.11.09-17.54.44:731][  0]LogContentBrowser: Native class hierarchy populated in 0.0161 seconds. Added 3461 classes and 836 folders.
[2020.11.09-17.54.44:740][  0]LogContentBrowser: Native class hierarchy updated for 'WidgetCarousel' in 0.0008 seconds. Added 0 classes and 0 folders.
[2020.11.09-17.54.44:959][  0]LogContentBrowser: Native class hierarchy updated for 'AddContentDialog' in 0.0009 seconds. Added 0 classes and 0 folders.
[2020.11.09-17.54.44:971][  0]LogContentBrowser: Native class hierarchy updated for 'SceneOutliner' in 0.0010 seconds. Added 2 classes and 0 folders.
[2020.11.09-17.54.45:979][  0]LogSlate: Took 0.001500 seconds to synchronously load lazily loaded font '../../../Engine/Content/Slate/Fonts/Roboto-Regular.ttf' (155K)
[2020.11.09-17.54.45:984][  0]LogSlate: Took 0.001067 seconds to synchronously load lazily loaded font '../../../Engine/Content/Slate/Fonts/Roboto-Bold.ttf' (160K)
[2020.11.09-17.54.45:994][  0]LogSlate: Took 0.001042 seconds to synchronously load lazily loaded font '../../../Engine/Content/Editor/Slate/Fonts/FontAwesome.ttf' (139K)
[2020.11.09-17.54.46:101][  0]LogRenderer: Reallocating scene render targets to support 1208x580 Format 9 NumSamples 1 (Frame:1).
[2020.11.09-17.54.46:381][  0]LogContentBrowser: Native class hierarchy updated for 'HierarchicalLODOutliner' in 0.0009 seconds. Added 0 classes and 0 folders.
[2020.11.09-17.54.46:382][  0]LogLoad: (Engine Initialization) Total time: 13.21 seconds
[2020.11.09-17.54.46:382][  0]LogLoad: (Engine Initialization) Total Blueprint compile time: 0.00 seconds
[2020.11.09-17.54.46:473][  0]LogContentStreaming: Texture pool size now 800 MB
[2020.11.09-17.54.46:557][  0]LogSlate: Took 0.001013 seconds to synchronously load lazily loaded font '../../../Engine/Content/Slate/Fonts/Roboto-Light.ttf' (167K)
[2020.11.09-17.54.46:616][  1]LogAssetRegistry: Asset discovery search completed in 7.6561 seconds
[2020.11.09-17.54.46:626][  1]LogAutoSizeComments: Loaded auto size comments cache: ../../../Engine/Plugins/Marketplace/AutoSizeComments/ASCCache/DB10E9B649441E60BC429DB70B8D5AC0.json
[2020.11.09-17.54.46:667][  1]LogCollectionManager: Fixed up redirectors for 0 collections in 0.000004 seconds (updated 0 objects)
[2020.11.09-17.54.47:674][  4]LogShaderCompilers: Display: Worker (4/9): shaders left to compile 106
[2020.11.09-17.54.47:900][  4]LogShaderCompilers: Display: Worker (1/9): shaders left to compile 96
[2020.11.09-17.54.48:391][ 27]LogShaderCompilers: Display: Worker (5/9): shaders left to compile 86
[2020.11.09-17.54.48:643][ 47]LogShaderCompilers: Display: Worker (7/9): shaders left to compile 76
[2020.11.09-17.54.48:656][ 47]LogShaderCompilers: Display: Worker (6/9): shaders left to compile 66
[2020.11.09-17.54.48:662][ 47]LogMaterial: Display: Missing cached shader map for material Material_0, compiling. 
[2020.11.09-17.54.48:757][ 48]LogShaderCompilers: Display: Worker (2/9): shaders left to compile 91
[2020.11.09-17.54.48:772][ 48]LogMaterial: Display: Missing cached shader map for material Material_1, compiling. 
[2020.11.09-17.54.49:033][ 49]LogShaderCompilers: Display: Worker (8/9): shaders left to compile 115
[2020.11.09-17.54.49:060][ 49]LogShaderCompilers: Display: Worker (3/9): shaders left to compile 105
[2020.11.09-17.54.49:103][ 49]LogMaterial: Display: Missing cached shader map for material Material_2, compiling. 
[2020.11.09-17.54.49:166][ 50]LogMaterial: Display: Missing cached shader map for material Material_3, compiling. 
[2020.11.09-17.54.51:218][156]LogShaderCompilers: Display: Worker (6/9): shaders left to compile 163
[2020.11.09-17.54.51:233][157]LogShaderCompilers: Display: Worker (1/9): shaders left to compile 153
[2020.11.09-17.54.51:810][188]LogShaderCompilers: Display: Worker (5/9): shaders left to compile 143
[2020.11.09-17.54.52:345][220]LogShaderCompilers: Display: Worker (4/9): shaders left to compile 133
[2020.11.09-17.54.52:579][233]LogShaderCompilers: Display: Worker (2/9): shaders left to compile 123
[2020.11.09-17.54.52:707][242]LogShaderCompilers: Display: Worker (3/9): shaders left to compile 113
[2020.11.09-17.54.52:847][252]LogShaderCompilers: Display: Worker (8/9): shaders left to compile 103
[2020.11.09-17.54.53:392][281]LogShaderCompilers: Display: Worker (7/9): shaders left to compile 93
[2020.11.09-17.54.55:015][355]LogShaderCompilers: Display: Worker (1/9): shaders left to compile 83
[2020.11.09-17.54.55:710][386]LogShaderCompilers: Display: Worker (6/9): shaders left to compile 73
[2020.11.09-17.54.56:152][406]LogShaderCompilers: Display: Worker (4/9): shaders left to compile 63
[2020.11.09-17.54.56:529][422]LogShaderCompilers: Display: Worker (8/9): shaders left to compile 55
[2020.11.09-17.54.56:690][429]LogShaderCompilers: Display: Worker (5/9): shaders left to compile 48
[2020.11.09-17.54.56:958][438]LogShaderCompilers: Display: Worker (2/9): shaders left to compile 41
[2020.11.09-17.54.57:109][444]LogShaderCompilers: Display: Worker (3/9): shaders left to compile 35
[2020.11.09-17.54.57:399][454]LogShaderCompilers: Display: Worker (7/9): shaders left to compile 30
[2020.11.09-17.54.58:716][507]LogShaderCompilers: Display: Worker (7/9): shaders left to compile 26
[2020.11.09-17.54.59:222][519]LogShaderCompilers: Display: Worker (3/9): shaders left to compile 22
[2020.11.09-17.54.59:273][521]LogShaderCompilers: Display: Worker (4/9): shaders left to compile 19
[2020.11.09-17.54.59:365][525]LogShaderCompilers: Display: Worker (1/9): shaders left to compile 16
[2020.11.09-17.54.59:610][535]LogShaderCompilers: Display: Worker (5/9): shaders left to compile 13
[2020.11.09-17.54.59:653][537]LogShaderCompilers: Display: Worker (8/9): shaders left to compile 11
[2020.11.09-17.54.59:693][539]LogShaderCompilers: Display: Worker (2/9): shaders left to compile 9
[2020.11.09-17.54.59:940][550]LogShaderCompilers: Display: Worker (6/9): shaders left to compile 7
[2020.11.09-17.55.00:175][558]LogShaderCompilers: Display: Worker (5/9): shaders left to compile 6
[2020.11.09-17.55.00:221][560]LogShaderCompilers: Display: Worker (2/9): shaders left to compile 5
[2020.11.09-17.55.00:399][569]LogShaderCompilers: Display: Worker (7/9): shaders left to compile 4
[2020.11.09-17.55.00:425][570]LogShaderCompilers: Display: Worker (6/9): shaders left to compile 3
[2020.11.09-17.55.00:677][580]LogShaderCompilers: Display: Worker (4/9): shaders left to compile 2
[2020.11.09-17.55.00:677][580]LogShaderCompilers: Display: Worker (5/9): shaders left to compile 1
[2020.11.09-18.03.39:225][745]LogSlate: Took 0.000241 seconds to synchronously load lazily loaded font '../../../Engine/Content/Slate/Fonts/Roboto-Light.ttf' (167K)
[2020.11.09-18.03.39:262][745]Candidate modules for hot reload:
[2020.11.09-18.03.39:262][745]  XYZProject
[2020.11.09-18.03.39:262][745]Launching UnrealBuildTool... [C:/Program Files/Epic Games/UE_4.25/Engine/Binaries/DotNET/UnrealBuildTool.exe  -ModuleWithSuffix=XYZProject,1676 XYZProjectEditor Win64 Development -Project="C:/work/PerforceWorkspace/EnginerLocalPcLessons/XYZProject/ue4/XYZProject/XYZProject.uproject" "C:/work/PerforceWorkspace/EnginerLocalPcLessons/XYZProject/ue4/XYZProject/XYZProject.uproject"  -IgnoreJunk]
[2020.11.09-18.03.47:294][745]CompilerResultsLog: New page: Compilation - 10 нояб. 2020 г., 00:03:47
[2020.11.09-18.03.47:294][745]CompilerResultsLog: Parsing headers for XYZProjectEditor
[2020.11.09-18.03.47:294][745]CompilerResultsLog:   Running UnrealHeaderTool "C:\work\PerforceWorkspace\EnginerLocalPcLessons\XYZProject\ue4\XYZProject\XYZProject.uproject" "C:\work\PerforceWorkspace\EnginerLocalPcLessons\XYZProject\ue4\XYZProject\Intermediate\Build\Win64\XYZProjectEditor\Development\XYZProjectEditor.uhtmanifest" -LogCmds="loginit warning, logexit warning, logdatabase error" -Unattended -WarningsAsErrors -abslog="C:\Users\user_one\AppData\Local\UnrealBuildTool\Log_UHT.txt" -installed
[2020.11.09-18.03.47:294][745]CompilerResultsLog: Reflection code generated for XYZProjectEditor in 6.4000609 seconds
[2020.11.09-18.03.47:294][745]CompilerResultsLog: Building XYZProjectEditor...
[2020.11.09-18.03.47:294][745]CompilerResultsLog: Using Visual Studio 2019 14.27.29112 toolchain (C:\Program Files (x86)\Microsoft Visual Studio\2019\Community\VC\Tools\MSVC\14.27.29110) and Windows 10.0.18362.0 SDK (C:\Program Files (x86)\Windows Kits\10).
[2020.11.09-18.03.47:294][745]CompilerResultsLog: Building 6 actions with 12 processes...
[2020.11.09-18.03.47:294][745]CompilerResultsLog:   [1/6] BasePlatform.cpp
[2020.11.09-18.03.47:295][745]CompilerResultsLog:    C:\work\PerforceWorkspace\EnginerLocalPcLessons\XYZProject\ue4\XYZProject\Source\XYZProject\Core\Interactables\BasePlatform.cpp(14) : error C2065: 'UstaticMeshComponent': undeclared identifier
[2020.11.09-18.03.47:295][745]CompilerResultsLog:    C:\work\PerforceWorkspace\EnginerLocalPcLessons\XYZProject\ue4\XYZProject\Source\XYZProject\Core\Interactables\BasePlatform.cpp(14) : error C2672: 'UObject::CreateDefaultSubobject': no matching overloaded function found
[2020.11.09-18.03.47:295][745]CompilerResultsLog:    C:\work\PerforceWorkspace\EnginerLocalPcLessons\XYZProject\ue4\XYZProject\Source\XYZProject\Core\Interactables\BasePlatform.cpp(14) : error C2974: 'UObject::CreateDefaultSubobject': invalid template argument for 'TReturnType', type expected
[2020.11.09-18.03.47:295][745]CompilerResultsLog:   C:\Program Files\Epic Games\UE_4.25\Engine\Source\Runtime\CoreUObject\Public\UObject/Object.h(119): note: see declaration of 'UObject::CreateDefaultSubobject'
[2020.11.09-18.03.47:295][745]CompilerResultsLog:   [2/6] XYZProject.init.gen.cpp
[2020.11.09-18.03.47:295][745]CompilerResultsLog:   [3/6] BasePlatform.gen.cpp
[2020.11.09-18.03.47:295][745]LogMainFrame: MainFrame: Module compiling took 8.036 seconds
[2020.11.09-18.03.47:295][745]Warning: HotReload failed, recompile failed
[2020.11.09-18.03.47:295][745]Warning: RebindPackages failed because compilation failed.
[2020.11.09-18.03.50:081][874]LogSlate: Took 0.000802 seconds to synchronously load lazily loaded font '../../../Engine/Content/Slate/Fonts/DroidSansMono.ttf' (77K)
[2020.11.09-18.04.04:174][ 85]Candidate modules for hot reload:
[2020.11.09-18.04.04:174][ 85]  XYZProject
[2020.11.09-18.04.04:175][ 85]Launching UnrealBuildTool... [C:/Program Files/Epic Games/UE_4.25/Engine/Binaries/DotNET/UnrealBuildTool.exe  -ModuleWithSuffix=XYZProject,9575 XYZProjectEditor Win64 Development -Project="C:/work/PerforceWorkspace/EnginerLocalPcLessons/XYZProject/ue4/XYZProject/XYZProject.uproject" "C:/work/PerforceWorkspace/EnginerLocalPcLessons/XYZProject/ue4/XYZProject/XYZProject.uproject"  -IgnoreJunk]
[2020.11.09-18.04.06:698][ 85]CompilerResultsLog: New page: Compilation - 10 нояб. 2020 г., 00:04:06
[2020.11.09-18.04.06:698][ 85]CompilerResultsLog: Building XYZProjectEditor...
[2020.11.09-18.04.06:698][ 85]CompilerResultsLog: Using Visual Studio 2019 14.27.29112 toolchain (C:\Program Files (x86)\Microsoft Visual Studio\2019\Community\VC\Tools\MSVC\14.27.29110) and Windows 10.0.18362.0 SDK (C:\Program Files (x86)\Windows Kits\10).
[2020.11.09-18.04.06:699][ 85]CompilerResultsLog: Building 4 actions with 12 processes...
[2020.11.09-18.04.06:699][ 85]CompilerResultsLog:   [1/4] BasePlatform.cpp
[2020.11.09-18.04.06:699][ 85]CompilerResultsLog:   [2/4] UE4Editor-XYZProject-9575.lib
[2020.11.09-18.04.06:699][ 85]CompilerResultsLog:      Creating library C:\work\PerforceWorkspace\EnginerLocalPcLessons\XYZProject\ue4\XYZProject\Intermediate\Build\Win64\UE4Editor\Development\XYZProject\UE4Editor-XYZProject-9575.lib and object C:\work\PerforceWorkspace\EnginerLocalPcLessons\XYZProject\ue4\XYZProject\Intermediate\Build\Win64\UE4Editor\Development\XYZProject\UE4Editor-XYZProject-9575.exp
[2020.11.09-18.04.06:699][ 85]CompilerResultsLog:   [3/4] UE4Editor-XYZProject-9575.dll
[2020.11.09-18.04.06:699][ 85]CompilerResultsLog:      Creating library C:\work\PerforceWorkspace\EnginerLocalPcLessons\XYZProject\ue4\XYZProject\Intermediate\Build\Win64\UE4Editor\Development\XYZProject\UE4Editor-XYZProject-9575.suppressed.lib and object C:\work\PerforceWorkspace\EnginerLocalPcLessons\XYZProject\ue4\XYZProject\Intermediate\Build\Win64\UE4Editor\Development\XYZProject\UE4Editor-XYZProject-9575.suppressed.exp
[2020.11.09-18.04.06:699][ 85]CompilerResultsLog:   [4/4] XYZProjectEditor.target
[2020.11.09-18.04.06:699][ 85]CompilerResultsLog: Total time in Parallel executor: 1.73 seconds
[2020.11.09-18.04.06:699][ 85]CompilerResultsLog: Total execution time: 2.42 seconds
[2020.11.09-18.04.06:699][ 85]LogMainFrame: MainFrame: Module compiling took 2.528 seconds
[2020.11.09-18.04.06:728][ 85]LogClass: Could not find existing class BasePlatform in package /Script/XYZProject for HotReload, assuming new class
[2020.11.09-18.04.06:734][ 85]LogHotReload: Re-instancing BasePlatform after hot-reload.
[2020.11.09-18.04.06:741][ 85]LogContentBrowser: Native class hierarchy updated for 'XYZProject' in 0.0007 seconds. Added 2 classes and 4 folders.
[2020.11.09-18.04.06:742][ 85]Display: HotReload successful (0 functions remapped  0 scriptstructs remapped)
[2020.11.09-18.04.06:820][ 85]LogContentBrowser: Native class hierarchy populated in 0.0171 seconds. Added 3461 classes and 836 folders.
[2020.11.09-18.04.06:820][ 85]Display: HotReload took  2.7s.
[2020.11.09-18.04.06:821][ 85]Warning: HotReload operation took  2.7s.
[2020.11.09-18.04.06:855][ 85]LogHotReload: New module detected: UE4Editor-XYZProject-9575.dll
[2020.11.09-18.04.06:931][ 86]LogHotReload: Starting Hot-Reload from IDE
[2020.11.09-18.04.06:959][ 86]LogContentBrowser: Native class hierarchy updated for 'XYZProject' in 0.0008 seconds. Added 2 classes and 4 folders.
[2020.11.09-18.04.06:961][ 86]Display: HotReload successful (0 functions remapped  0 scriptstructs remapped)
[2020.11.09-18.04.06:978][ 86]LogContentBrowser: Native class hierarchy populated in 0.0112 seconds. Added 3461 classes and 836 folders.
[2020.11.09-18.04.06:982][ 86]Display: HotReload took  0.1s.
[2020.11.09-18.04.36:760][497]LogSlate: Window 'Message Log' being destroyed
[2020.11.09-18.04.36:765][497]LogSlate: Window 'Message Log' being destroyed
[2020.11.09-18.11.08:830][708]Candidate modules for hot reload:
[2020.11.09-18.11.08:830][708]  XYZProject
[2020.11.09-18.11.08:830][708]Launching UnrealBuildTool... [C:/Program Files/Epic Games/UE_4.25/Engine/Binaries/DotNET/UnrealBuildTool.exe  -ModuleWithSuffix=XYZProject,3621 XYZProjectEditor Win64 Development -Project="C:/work/PerforceWorkspace/EnginerLocalPcLessons/XYZProject/ue4/XYZProject/XYZProject.uproject" "C:/work/PerforceWorkspace/EnginerLocalPcLessons/XYZProject/ue4/XYZProject/XYZProject.uproject"  -IgnoreJunk]
[2020.11.09-18.11.15:848][708]CompilerResultsLog: New page: Compilation - 10 нояб. 2020 г., 00:11:15
[2020.11.09-18.11.15:848][708]CompilerResultsLog: Parsing headers for XYZProjectEditor
[2020.11.09-18.11.15:848][708]CompilerResultsLog:   Running UnrealHeaderTool "C:\work\PerforceWorkspace\EnginerLocalPcLessons\XYZProject\ue4\XYZProject\XYZProject.uproject" "C:\work\PerforceWorkspace\EnginerLocalPcLessons\XYZProject\ue4\XYZProject\Intermediate\Build\Win64\XYZProjectEditor\Development\XYZProjectEditor.uhtmanifest" -LogCmds="loginit warning, logexit warning, logdatabase error" -Unattended -WarningsAsErrors -abslog="C:\Users\user_one\AppData\Local\UnrealBuildTool\Log_UHT.txt" -installed
[2020.11.09-18.11.15:848][708]CompilerResultsLog: Error: C:/work/PerforceWorkspace/EnginerLocalPcLessons/XYZProject/ue4/XYZProject/Source/XYZProject/Core/Interactables/BasePlatform.h(42)  : LogCompile: Error: Unknown variable specifier 'EditEnywhere'
[2020.11.09-18.11.15:848][708]CompilerResultsLog: Error: C:/work/PerforceWorkspace/EnginerLocalPcLessons/XYZProject/ue4/XYZProject/Source/XYZProject/Core/Interactables/BasePlatform.h(43)  : Error: Unrecognized type 'EPlatformBehavior' - type must be a UCLASS, USTRUCT or UENUM
[2020.11.09-18.11.15:848][708]LogMainFrame: MainFrame: Module compiling took 7.021 seconds
[2020.11.09-18.11.15:848][708]Warning: HotReload failed, recompile failed
[2020.11.09-18.11.15:848][708]Warning: RebindPackages failed because compilation failed.
[2020.11.09-18.12.17:571][667]Candidate modules for hot reload:
[2020.11.09-18.12.17:571][667]  XYZProject
[2020.11.09-18.12.17:571][667]Launching UnrealBuildTool... [C:/Program Files/Epic Games/UE_4.25/Engine/Binaries/DotNET/UnrealBuildTool.exe  -ModuleWithSuffix=XYZProject,1722 XYZProjectEditor Win64 Development -Project="C:/work/PerforceWorkspace/EnginerLocalPcLessons/XYZProject/ue4/XYZProject/XYZProject.uproject" "C:/work/PerforceWorkspace/EnginerLocalPcLessons/XYZProject/ue4/XYZProject/XYZProject.uproject"  -IgnoreJunk]
[2020.11.09-18.12.24:926][667]CompilerResultsLog: New page: Compilation - 10 нояб. 2020 г., 00:12:24
[2020.11.09-18.12.24:926][667]CompilerResultsLog: Parsing headers for XYZProjectEditor
[2020.11.09-18.12.24:926][667]CompilerResultsLog:   Running UnrealHeaderTool "C:\work\PerforceWorkspace\EnginerLocalPcLessons\XYZProject\ue4\XYZProject\XYZProject.uproject" "C:\work\PerforceWorkspace\EnginerLocalPcLessons\XYZProject\ue4\XYZProject\Intermediate\Build\Win64\XYZProjectEditor\Development\XYZProjectEditor.uhtmanifest" -LogCmds="loginit warning, logexit warning, logdatabase error" -Unattended -WarningsAsErrors -abslog="C:\Users\user_one\AppData\Local\UnrealBuildTool\Log_UHT.txt" -installed
[2020.11.09-18.12.24:926][667]CompilerResultsLog: Error: C:/work/PerforceWorkspace/EnginerLocalPcLessons/XYZProject/ue4/XYZProject/Source/XYZProject/Core/Interactables/BasePlatform.h(43)  : Error: Unrecognized type 'EPlatformBehavior' - type must be a UCLASS, USTRUCT or UENUM
[2020.11.09-18.12.24:926][667]LogMainFrame: MainFrame: Module compiling took 7.358 seconds
[2020.11.09-18.12.24:926][667]Warning: HotReload failed, recompile failed
[2020.11.09-18.12.24:927][667]Warning: RebindPackages failed because compilation failed.
[2020.11.09-18.20.01:361][687]Candidate modules for hot reload:
[2020.11.09-18.20.01:361][687]  XYZProject
[2020.11.09-18.20.01:362][687]Launching UnrealBuildTool... [C:/Program Files/Epic Games/UE_4.25/Engine/Binaries/DotNET/UnrealBuildTool.exe  -ModuleWithSuffix=XYZProject,9812 XYZProjectEditor Win64 Development -Project="C:/work/PerforceWorkspace/EnginerLocalPcLessons/XYZProject/ue4/XYZProject/XYZProject.uproject" "C:/work/PerforceWorkspace/EnginerLocalPcLessons/XYZProject/ue4/XYZProject/XYZProject.uproject"  -IgnoreJunk]
[2020.11.09-18.20.10:478][687]CompilerResultsLog: New page: Compilation - 10 нояб. 2020 г., 00:20:10
[2020.11.09-18.20.10:478][687]CompilerResultsLog: Parsing headers for XYZProjectEditor
[2020.11.09-18.20.10:478][687]CompilerResultsLog:   Running UnrealHeaderTool "C:\work\PerforceWorkspace\EnginerLocalPcLessons\XYZProject\ue4\XYZProject\XYZProject.uproject" "C:\work\PerforceWorkspace\EnginerLocalPcLessons\XYZProject\ue4\XYZProject\Intermediate\Build\Win64\XYZProjectEditor\Development\XYZProjectEditor.uhtmanifest" -LogCmds="loginit warning, logexit warning, logdatabase error" -Unattended -WarningsAsErrors -abslog="C:\Users\user_one\AppData\Local\UnrealBuildTool\Log_UHT.txt" -installed
[2020.11.09-18.20.10:478][687]CompilerResultsLog: Reflection code generated for XYZProjectEditor in 6.7147142 seconds
[2020.11.09-18.20.10:478][687]CompilerResultsLog: Building XYZProjectEditor...
[2020.11.09-18.20.10:478][687]CompilerResultsLog: Using Visual Studio 2019 14.27.29112 toolchain (C:\Program Files (x86)\Microsoft Visual Studio\2019\Community\VC\Tools\MSVC\14.27.29110) and Windows 10.0.18362.0 SDK (C:\Program Files (x86)\Windows Kits\10).
[2020.11.09-18.20.10:479][687]CompilerResultsLog: Building 6 actions with 12 processes...
[2020.11.09-18.20.10:479][687]CompilerResultsLog:   [1/6] XYZProject.init.gen.cpp
[2020.11.09-18.20.10:479][687]CompilerResultsLog:   [2/6] BasePlatform.cpp
[2020.11.09-18.20.10:479][687]CompilerResultsLog:   [3/6] BasePlatform.gen.cpp
[2020.11.09-18.20.10:479][687]CompilerResultsLog:   [4/6] UE4Editor-XYZProject-9812.lib
[2020.11.09-18.20.10:479][687]CompilerResultsLog:      Creating library C:\work\PerforceWorkspace\EnginerLocalPcLessons\XYZProject\ue4\XYZProject\Intermediate\Build\Win64\UE4Editor\Development\XYZProject\UE4Editor-XYZProject-9812.lib and object C:\work\PerforceWorkspace\EnginerLocalPcLessons\XYZProject\ue4\XYZProject\Intermediate\Build\Win64\UE4Editor\Development\XYZProject\UE4Editor-XYZProject-9812.exp
[2020.11.09-18.20.10:479][687]CompilerResultsLog:   [5/6] UE4Editor-XYZProject-9812.dll
[2020.11.09-18.20.10:479][687]CompilerResultsLog:      Creating library C:\work\PerforceWorkspace\EnginerLocalPcLessons\XYZProject\ue4\XYZProject\Intermediate\Build\Win64\UE4Editor\Development\XYZProject\UE4Editor-XYZProject-9812.suppressed.lib and object C:\work\PerforceWorkspace\EnginerLocalPcLessons\XYZProject\ue4\XYZProject\Intermediate\Build\Win64\UE4Editor\Development\XYZProject\UE4Editor-XYZProject-9812.suppressed.exp
[2020.11.09-18.20.10:479][687]CompilerResultsLog:   [6/6] XYZProjectEditor.target
[2020.11.09-18.20.10:479][687]CompilerResultsLog: Total time in Parallel executor: 1.56 seconds
[2020.11.09-18.20.10:479][687]CompilerResultsLog: Total execution time: 8.99 seconds
[2020.11.09-18.20.10:479][687]LogMainFrame: MainFrame: Module compiling took 9.121 seconds
[2020.11.09-18.20.10:507][687]LogClass: Could not find existing class BasePlatform in package /Script/XYZProject for HotReload, assuming new class
[2020.11.09-18.20.10:508][687]LogClass: Could not find existing type EPlatformBehavior for HotReload. Assuming new
[2020.11.09-18.20.10:512][687]LogHotReload: Re-instancing BasePlatform after hot-reload.
[2020.11.09-18.20.10:518][687]LogContentBrowser: Native class hierarchy updated for 'XYZProject' in 0.0007 seconds. Added 2 classes and 4 folders.
[2020.11.09-18.20.10:519][687]Display: HotReload successful (0 functions remapped  0 scriptstructs remapped)
[2020.11.09-18.20.10:570][687]LogContentBrowser: Native class hierarchy populated in 0.0108 seconds. Added 3461 classes and 836 folders.
[2020.11.09-18.20.10:570][687]Display: HotReload took  9.2s.
[2020.11.09-18.20.10:580][687]Warning: HotReload operation took  9.2s.
[2020.11.09-18.20.10:606][687]LogHotReload: New module detected: UE4Editor-XYZProject-9812.dll
[2020.11.09-18.20.10:662][688]LogHotReload: Starting Hot-Reload from IDE
[2020.11.09-18.20.10:691][688]LogContentBrowser: Native class hierarchy updated for 'XYZProject' in 0.0006 seconds. Added 2 classes and 4 folders.
[2020.11.09-18.20.10:692][688]Display: HotReload successful (0 functions remapped  0 scriptstructs remapped)
[2020.11.09-18.20.10:709][688]LogContentBrowser: Native class hierarchy populated in 0.0110 seconds. Added 3461 classes and 836 folders.
[2020.11.09-18.20.10:712][688]Display: HotReload took  0.0s.
[2020.11.09-18.20.21:483][287]LogAssetEditorSubsystem: Opening Asset editor for Class /Script/XYZProject.BasePlatform
[2020.11.09-18.35.12:337][ 27]LogSlate: Window 'Message Log' being destroyed
[2020.11.09-18.35.12:343][ 27]LogSlate: Window 'Message Log' being destroyed
[2020.11.09-18.49.41:520][915]Candidate modules for hot reload:
[2020.11.09-18.49.41:521][915]  XYZProject
[2020.11.09-18.49.41:521][915]Launching UnrealBuildTool... [C:/Program Files/Epic Games/UE_4.25/Engine/Binaries/DotNET/UnrealBuildTool.exe  -ModuleWithSuffix=XYZProject,8209 XYZProjectEditor Win64 Development -Project="C:/work/PerforceWorkspace/EnginerLocalPcLessons/XYZProject/ue4/XYZProject/XYZProject.uproject" "C:/work/PerforceWorkspace/EnginerLocalPcLessons/XYZProject/ue4/XYZProject/XYZProject.uproject"  -IgnoreJunk]
[2020.11.09-18.49.57:667][915]CompilerResultsLog: New page: Compilation - 10 нояб. 2020 г., 00:49:57
[2020.11.09-18.49.57:667][915]CompilerResultsLog: Parsing headers for XYZProjectEditor
[2020.11.09-18.49.57:667][915]CompilerResultsLog:   Running UnrealHeaderTool "C:\work\PerforceWorkspace\EnginerLocalPcLessons\XYZProject\ue4\XYZProject\XYZProject.uproject" "C:\work\PerforceWorkspace\EnginerLocalPcLessons\XYZProject\ue4\XYZProject\Intermediate\Build\Win64\XYZProjectEditor\Development\XYZProjectEditor.uhtmanifest" -LogCmds="loginit warning, logexit warning, logdatabase error" -Unattended -WarningsAsErrors -abslog="C:\Users\user_one\AppData\Local\UnrealBuildTool\Log_UHT.txt" -installed
[2020.11.09-18.49.57:667][915]CompilerResultsLog: Reflection code generated for XYZProjectEditor in 8.331803 seconds
[2020.11.09-18.49.57:667][915]CompilerResultsLog: Building XYZProjectEditor...
[2020.11.09-18.49.57:667][915]CompilerResultsLog: Using Visual Studio 2019 14.27.29112 toolchain (C:\Program Files (x86)\Microsoft Visual Studio\2019\Community\VC\Tools\MSVC\14.27.29110) and Windows 10.0.18362.0 SDK (C:\Program Files (x86)\Windows Kits\10).
[2020.11.09-18.49.57:667][915]CompilerResultsLog: Building 6 actions with 12 processes...
[2020.11.09-18.49.57:668][915]CompilerResultsLog:   [1/6] BasePlatform.cpp
[2020.11.09-18.49.57:668][915]CompilerResultsLog:    C:\work\PerforceWorkspace\EnginerLocalPcLessons\XYZProject\ue4\XYZProject\Source\XYZProject\Core\Interactables\BasePlatform.h(34) : error C2144: syntax error: 'void' should be preceded by ';'
[2020.11.09-18.49.57:668][915]CompilerResultsLog:    C:\work\PerforceWorkspace\EnginerLocalPcLessons\XYZProject\ue4\XYZProject\Source\XYZProject\Core\Interactables\BasePlatform.h(34) : error C4430: missing type specifier - int assumed. Note: C++ does not support default-int
[2020.11.09-18.49.57:668][915]CompilerResultsLog:    C:\work\PerforceWorkspace\EnginerLocalPcLessons\XYZProject\ue4\XYZProject\Source\XYZProject\Core\Interactables\BasePlatform.h(34) : error C4183: 'FUNCTION': missing return type; assumed to be a member function returning 'int'
[2020.11.09-18.49.57:668][915]CompilerResultsLog:   [2/6] BasePlatform.gen.cpp
[2020.11.09-18.49.57:668][915]CompilerResultsLog:    C:\work\PerforceWorkspace\EnginerLocalPcLessons\XYZProject\ue4\XYZProject\Source\XYZProject/Core/Interactables/BasePlatform.h(34) : error C2144: syntax error: 'void' should be preceded by ';'
[2020.11.09-18.49.57:668][915]CompilerResultsLog:    C:\work\PerforceWorkspace\EnginerLocalPcLessons\XYZProject\ue4\XYZProject\Source\XYZProject/Core/Interactables/BasePlatform.h(34) : error C4430: missing type specifier - int assumed. Note: C++ does not support default-int
[2020.11.09-18.49.57:668][915]CompilerResultsLog:    C:\work\PerforceWorkspace\EnginerLocalPcLessons\XYZProject\ue4\XYZProject\Source\XYZProject/Core/Interactables/BasePlatform.h(34) : error C4183: 'FUNCTION': missing return type; assumed to be a member function returning 'int'
[2020.11.09-18.49.57:668][915]CompilerResultsLog:   [3/6] XYZProject.init.gen.cpp
[2020.11.09-18.49.57:668][915]LogMainFrame: MainFrame: Module compiling took 16.153 seconds
[2020.11.09-18.49.57:668][915]Warning: HotReload failed, recompile failed
[2020.11.09-18.49.57:668][915]Warning: RebindPackages failed because compilation failed.
[2020.11.09-19.19.34:627][147]LogD3D11RHI: Timed out while waiting for GPU to catch up. (0.5 s) (ErrorCode 00000001)
