Log file open, 11/10/20 09:05:00
LogInit: Display: Running engine for game: XYZProject
LogPlatformFile: Not using cached read wrapper
LogTaskGraph: Started task graph with 5 named threads and 35 total threads with 3 sets of task threads.
LogStats: Stats thread started at 0.873669
LogD3D11RHI: Loaded GFSDK_Aftermath_Lib.x64.dll
LogICUInternationalization: ICU TimeZone Detection - Raw Offset: +3:00, Platform Override: ''
LogPluginManager: Mounting plugin Paper2D
LogPluginManager: Mounting plugin AISupport
LogPluginManager: Mounting plugin LightPropagationVolume
LogPluginManager: Mounting plugin CameraShakePreviewer
LogPluginManager: Mounting plugin ActorLayerUtilities
LogPluginManager: Mounting plugin AnimationSharing
LogPluginManager: Mounting plugin CLionSourceCodeAccess
LogPluginManager: Mounting plugin CodeLiteSourceCodeAccess
LogPluginManager: Mounting plugin GitSourceControl
LogPluginManager: Mounting plugin KDevelopSourceCodeAccess
LogPluginManager: Mounting plugin NullSourceCodeAccess
LogPluginManager: Mounting plugin PerforceSourceControl
LogPluginManager: Mounting plugin PlasticSourceControl
LogPluginManager: Mounting plugin RiderSourceCodeAccess
LogPluginManager: Mounting plugin SubversionSourceControl
LogPluginManager: Mounting plugin UObjectPlugin
LogPluginManager: Mounting plugin VisualStudioCodeSourceCodeAccess
LogPluginManager: Mounting plugin VisualStudioSourceCodeAccess
LogPluginManager: Mounting plugin XCodeSourceCodeAccess
LogPluginManager: Mounting plugin AssetManagerEditor
LogPluginManager: Mounting plugin CryptoKeys
LogPluginManager: Mounting plugin CurveEditorTools
LogPluginManager: Mounting plugin DataValidation
LogPluginManager: Mounting plugin EditorScriptingUtilities
LogPluginManager: Mounting plugin FacialAnimation
LogPluginManager: Mounting plugin GameplayTagsEditor
LogPluginManager: Mounting plugin GeometryMode
LogPluginManager: Mounting plugin MacGraphicsSwitching
LogPluginManager: Mounting plugin MaterialAnalyzer
LogPluginManager: Mounting plugin MobileLauncherProfileWizard
LogPluginManager: Mounting plugin PluginBrowser
LogPluginManager: Mounting plugin SpeedTreeImporter
LogPluginManager: Mounting plugin DatasmithContent
LogPluginManager: Mounting plugin VariantManagerContent
LogPluginManager: Mounting plugin AlembicImporter
LogPluginManager: Mounting plugin AutomationUtils
LogPluginManager: Mounting plugin BackChannel
LogPluginManager: Mounting plugin ChaosCloth
LogPluginManager: Mounting plugin ChaosClothEditor
LogPluginManager: Mounting plugin ChaosEditor
LogPluginManager: Mounting plugin ChaosNiagara
LogPluginManager: Mounting plugin ChaosSolverPlugin
LogPluginManager: Mounting plugin CharacterAI
LogPluginManager: Mounting plugin GeometryCache
LogPluginManager: Mounting plugin GeometryCollectionPlugin
LogPluginManager: Mounting plugin GeometryProcessing
LogPluginManager: Mounting plugin PlanarCut
LogPluginManager: Mounting plugin PlatformCrypto
LogPluginManager: Mounting plugin ProxyLODPlugin
LogPluginManager: Mounting plugin SkeletalReduction
LogPluginManager: Mounting plugin Niagara
LogPluginManager: Mounting plugin MagicLeap
LogPluginManager: Mounting plugin MagicLeapLightEstimation
LogPluginManager: Mounting plugin MagicLeapMedia
LogPluginManager: Mounting plugin MagicLeapPassableWorld
LogPluginManager: Mounting plugin MLSDK
LogPluginManager: Mounting plugin AutoSizeComments
LogPluginManager: Mounting plugin Linter
LogPluginManager: Mounting plugin AndroidMedia
LogPluginManager: Mounting plugin AvfMedia
LogPluginManager: Mounting plugin ImgMedia
LogPluginManager: Mounting plugin MediaCompositing
LogPluginManager: Mounting plugin MediaPlayerEditor
LogPluginManager: Mounting plugin WebMMedia
LogPluginManager: Mounting plugin WmfMedia
LogPluginManager: Mounting plugin MeshPainting
LogPluginManager: Mounting plugin TcpMessaging
LogPluginManager: Mounting plugin UdpMessaging
LogPluginManager: Mounting plugin ActorSequence
LogPluginManager: Mounting plugin LevelSequenceEditor
LogPluginManager: Mounting plugin MatineeToLevelSequence
LogPluginManager: Mounting plugin MovieRenderPipeline
LogPluginManager: Mounting plugin TemplateSequence
LogPluginManager: Mounting plugin NetcodeUnitTest
LogPluginManager: Mounting plugin NUTUnrealEngine4
LogPluginManager: Mounting plugin OnlineSubsystemGooglePlay
LogPluginManager: Mounting plugin OnlineSubsystemIOS
LogPluginManager: Mounting plugin OnlineSubsystem
LogPluginManager: Mounting plugin OnlineSubsystemNull
LogPluginManager: Mounting plugin OnlineSubsystemUtils
LogPluginManager: Mounting plugin LauncherChunkInstaller
LogPluginManager: Mounting plugin AndroidDeviceProfileSelector
LogPluginManager: Mounting plugin AndroidMoviePlayer
LogPluginManager: Mounting plugin AndroidPermission
LogPluginManager: Mounting plugin AppleImageUtils
LogPluginManager: Mounting plugin AppleMoviePlayer
LogPluginManager: Mounting plugin ArchVisCharacter
LogPluginManager: Mounting plugin AssetTags
LogPluginManager: Mounting plugin AudioCapture
LogPluginManager: Mounting plugin CableComponent
LogPluginManager: Mounting plugin CustomMeshComponent
LogPluginManager: Mounting plugin EditableMesh
LogPluginManager: Mounting plugin ExampleDeviceProfileSelector
LogPluginManager: Mounting plugin GoogleCloudMessaging
LogPluginManager: Mounting plugin GooglePAD
LogPluginManager: Mounting plugin IOSDeviceProfileSelector
LogPluginManager: Mounting plugin LinuxDeviceProfileSelector
LogPluginManager: Mounting plugin LocationServicesBPLibrary
LogPluginManager: Mounting plugin MobilePatchingUtils
LogPluginManager: Mounting plugin OculusVR
LogPluginManager: Mounting plugin PhysXVehicles
LogPluginManager: Mounting plugin PostSplashScreen
LogPluginManager: Mounting plugin ProceduralMeshComponent
LogPluginManager: Mounting plugin RuntimePhysXCooking
LogPluginManager: Mounting plugin SignificanceManager
LogPluginManager: Mounting plugin SoundFields
LogPluginManager: Mounting plugin SteamVR
LogPluginManager: Mounting plugin Synthesis
LogPluginManager: Mounting plugin WebMMoviePlayer
LogPluginManager: Mounting plugin WindowsMoviePlayer
LogPluginManager: Mounting plugin ScreenshotTools
LogInit: Using libcurl 7.55.1-DEV
LogInit:  - built for x86_64-pc-win32
LogInit:  - supports SSL with OpenSSL/1.1.1
LogInit:  - supports HTTP deflate (compression) using libz 1.2.8
LogInit:  - other features:
LogInit:      CURL_VERSION_SSL
LogInit:      CURL_VERSION_LIBZ
LogInit:      CURL_VERSION_IPV6
LogInit:      CURL_VERSION_ASYNCHDNS
LogInit:      CURL_VERSION_LARGEFILE
LogInit:      CURL_VERSION_IDN
LogInit:  CurlRequestOptions (configurable via config and command line):
LogInit:  - bVerifyPeer = true  - Libcurl will verify peer certificate
LogInit:  - bUseHttpProxy = false  - Libcurl will NOT use HTTP proxy
LogInit:  - bDontReuseConnections = false  - Libcurl will reuse connections
LogInit:  - MaxHostConnections = 16  - Libcurl will limit the number of connections to a host
LogInit:  - LocalHostAddr = Default
LogInit:  - BufferSize = 65536
LogOnline: OSS: Creating online subsystem instance for: NULL
LogInit: WinSock: version 1.1 (2.2), MaxSocks=32767, MaxUdp=65467
LogOnline: OSS: TryLoadSubsystemAndSetDefault: Loaded subsystem for module [NULL]
LogInit: Build: ++UE4+Release-4.25-CL-14469661
LogInit: Engine Version: 4.25.4-14469661+++UE4+Release-4.25
LogInit: Compatible Engine Version: 4.25.0-13144385+++UE4+Release-4.25
LogInit: Net CL: 13144385
LogInit: OS: Windows 10 (Release 1909) (), CPU: AMD Ryzen 5 1600X Six-Core Processor           , GPU: NVIDIA GeForce GTX 550 Ti
LogInit: Compiled (64-bit): Oct 11 2020 08:10:49
LogInit: Compiled with Visual C++: 19.24.28315.00
LogInit: Build Configuration: Development
LogInit: Branch Name: ++UE4+Release-4.25
LogInit: Command Line:  -skipcompile
LogInit: Base Directory: C:/Program Files/Epic Games/UE_4.25/Engine/Binaries/Win64/
LogInit: Allocator: TBB
LogInit: Installed Engine Build: 1
LogDevObjectVersion: Number of dev versions registered: 26
LogDevObjectVersion:   Dev-Blueprints (B0D832E4-1F89-4F0D-ACCF-7EB736FD4AA2): 10
LogDevObjectVersion:   Dev-Build (E1C64328-A22C-4D53-A36C-8E866417BD8C): 0
LogDevObjectVersion:   Dev-Core (375EC13C-06E4-48FB-B500-84F0262A717E): 4
LogDevObjectVersion:   Dev-Editor (E4B068ED-F494-42E9-A231-DA0B2E46BB41): 38
LogDevObjectVersion:   Dev-Framework (CFFC743F-43B0-4480-9391-14DF171D2073): 37
LogDevObjectVersion:   Dev-Mobile (B02B49B5-BB20-44E9-A304-32B752E40360): 2
LogDevObjectVersion:   Dev-Networking (A4E4105C-59A1-49B5-A7C5-40C4547EDFEE): 0
LogDevObjectVersion:   Dev-Online (39C831C9-5AE6-47DC-9A44-9C173E1C8E7C): 0
LogDevObjectVersion:   Dev-Physics (78F01B33-EBEA-4F98-B9B4-84EACCB95AA2): 4
LogDevObjectVersion:   Dev-Platform (6631380F-2D4D-43E0-8009-CF276956A95A): 0
LogDevObjectVersion:   Dev-Rendering (12F88B9F-8875-4AFC-A67C-D90C383ABD29): 43
LogDevObjectVersion:   Dev-Sequencer (7B5AE74C-D270-4C10-A958-57980B212A5A): 12
LogDevObjectVersion:   Dev-VR (D7296918-1DD6-4BDD-9DE2-64A83CC13884): 3
LogDevObjectVersion:   Dev-LoadTimes (C2A15278-BFE7-4AFE-6C17-90FF531DF755): 1
LogDevObjectVersion:   Private-Geometry (6EACA3D4-40EC-4CC1-B786-8BED09428FC5): 3
LogDevObjectVersion:   Dev-AnimPhys (29E575DD-E0A3-4627-9D10-D276232CDCEA): 17
LogDevObjectVersion:   Dev-Anim (AF43A65D-7FD3-4947-9873-3E8ED9C1BB05): 7
LogDevObjectVersion:   Dev-ReflectionCapture (6B266CEC-1EC7-4B8F-A30B-E4D90942FC07): 1
LogDevObjectVersion:   Dev-Automation (0DF73D61-A23F-47EA-B727-89E90C41499A): 1
LogDevObjectVersion:   FortniteMain (601D1886-AC64-4F84-AA16-D3DE0DEAC7D6): 31
LogDevObjectVersion:   Dev-Enterprise (9DFFBCD6-494F-0158-E221-12823C92A888): 10
LogDevObjectVersion:   Dev-Niagara (F2AED0AC-9AFE-416F-8664-AA7FFA26D6FC): 1
LogDevObjectVersion:   Dev-Destruction (174F1F0B-B4C6-45A5-B13F-2EE8D0FB917D): 10
LogDevObjectVersion:   Dev-Physics-Ext (35F94A83-E258-406C-A318-09F59610247C): 37
LogDevObjectVersion:   Dev-PhysicsMaterial-Chaos (B68FC16E-8B1B-42E2-B453-215C058844FE): 1
LogDevObjectVersion:   Dev-CineCamera (B2E18506-4273-CFC2-A54E-F4BB758BBA07): 1
LogInit: Presizing for max 25165824 objects, including 0 objects not considered by GC, pre-allocating 0 bytes for permanent pool.
LogConfig: Applying CVar settings from Section [/Script/Engine.StreamingSettings] File [C:/work/PerforceWorkspace/EnginerLocalPcLessons/XYZProject/ue4/XYZProject/Saved/Config/Windows/Engine.ini]
LogConfig: Setting CVar [[s.MinBulkDataSizeForAsyncLoading:131072]]
LogConfig: Setting CVar [[s.AsyncLoadingThreadEnabled:0]]
LogConfig: Setting CVar [[s.EventDrivenLoaderEnabled:1]]
LogConfig: Setting CVar [[s.WarnIfTimeLimitExceeded:0]]
LogConfig: Setting CVar [[s.TimeLimitExceededMultiplier:1.5]]
LogConfig: Setting CVar [[s.TimeLimitExceededMinTime:0.005]]
LogConfig: Setting CVar [[s.UseBackgroundLevelStreaming:1]]
LogConfig: Setting CVar [[s.PriorityAsyncLoadingExtraTime:15.0]]
LogConfig: Setting CVar [[s.LevelStreamingActorsUpdateTimeLimit:5.0]]
LogConfig: Setting CVar [[s.PriorityLevelStreamingActorsUpdateExtraTime:5.0]]
LogConfig: Setting CVar [[s.LevelStreamingComponentsRegistrationGranularity:10]]
LogConfig: Setting CVar [[s.UnregisterComponentsTimeLimit:1.0]]
LogConfig: Setting CVar [[s.LevelStreamingComponentsUnregistrationGranularity:5]]
LogConfig: Setting CVar [[s.FlushStreamingOnExit:1]]
LogInit: Object subsystem initialized
LogConfig: Setting CVar [[con.DebugEarlyDefault:1]]
LogConfig: Setting CVar [[r.setres:1280x720]]
[2020.11.10-06.05.01:641][  0]LogConfig: Setting CVar [[r.VSync:0]]
[2020.11.10-06.05.01:641][  0]LogConfig: Setting CVar [[r.RHICmdBypass:0]]
[2020.11.10-06.05.01:641][  0]LogConfig: Applying CVar settings from Section [/Script/Engine.RendererSettings] File [C:/work/PerforceWorkspace/EnginerLocalPcLessons/XYZProject/ue4/XYZProject/Saved/Config/Windows/Engine.ini]
[2020.11.10-06.05.01:641][  0]LogConfig: Setting CVar [[r.GPUCrashDebugging:0]]
[2020.11.10-06.05.01:642][  0]LogConfig: Applying CVar settings from Section [/Script/Engine.RendererOverrideSettings] File [C:/work/PerforceWorkspace/EnginerLocalPcLessons/XYZProject/ue4/XYZProject/Saved/Config/Windows/Engine.ini]
[2020.11.10-06.05.01:642][  0]LogConfig: Applying CVar settings from Section [/Script/Engine.StreamingSettings] File [C:/work/PerforceWorkspace/EnginerLocalPcLessons/XYZProject/ue4/XYZProject/Saved/Config/Windows/Engine.ini]
[2020.11.10-06.05.01:642][  0]LogConfig: Setting CVar [[s.MinBulkDataSizeForAsyncLoading:131072]]
[2020.11.10-06.05.01:642][  0]LogConfig: Setting CVar [[s.AsyncLoadingThreadEnabled:0]]
[2020.11.10-06.05.01:642][  0]LogConfig: Setting CVar [[s.EventDrivenLoaderEnabled:1]]
[2020.11.10-06.05.01:642][  0]LogConfig: Setting CVar [[s.WarnIfTimeLimitExceeded:0]]
[2020.11.10-06.05.01:642][  0]LogConfig: Setting CVar [[s.TimeLimitExceededMultiplier:1.5]]
[2020.11.10-06.05.01:642][  0]LogConfig: Setting CVar [[s.TimeLimitExceededMinTime:0.005]]
[2020.11.10-06.05.01:642][  0]LogConfig: Setting CVar [[s.UseBackgroundLevelStreaming:1]]
[2020.11.10-06.05.01:642][  0]LogConfig: Setting CVar [[s.PriorityAsyncLoadingExtraTime:15.0]]
[2020.11.10-06.05.01:642][  0]LogConfig: Setting CVar [[s.LevelStreamingActorsUpdateTimeLimit:5.0]]
[2020.11.10-06.05.01:642][  0]LogConfig: Setting CVar [[s.PriorityLevelStreamingActorsUpdateExtraTime:5.0]]
[2020.11.10-06.05.01:642][  0]LogConfig: Setting CVar [[s.LevelStreamingComponentsRegistrationGranularity:10]]
[2020.11.10-06.05.01:642][  0]LogConfig: Setting CVar [[s.UnregisterComponentsTimeLimit:1.0]]
[2020.11.10-06.05.01:642][  0]LogConfig: Setting CVar [[s.LevelStreamingComponentsUnregistrationGranularity:5]]
[2020.11.10-06.05.01:642][  0]LogConfig: Setting CVar [[s.FlushStreamingOnExit:1]]
[2020.11.10-06.05.01:642][  0]LogConfig: Applying CVar settings from Section [/Script/Engine.GarbageCollectionSettings] File [C:/work/PerforceWorkspace/EnginerLocalPcLessons/XYZProject/ue4/XYZProject/Saved/Config/Windows/Engine.ini]
[2020.11.10-06.05.01:642][  0]LogConfig: Setting CVar [[gc.MaxObjectsNotConsideredByGC:1]]
[2020.11.10-06.05.01:642][  0]LogConfig: Setting CVar [[gc.SizeOfPermanentObjectPool:0]]
[2020.11.10-06.05.01:642][  0]LogConfig: Setting CVar [[gc.FlushStreamingOnGC:0]]
[2020.11.10-06.05.01:642][  0]LogConfig: Setting CVar [[gc.NumRetriesBeforeForcingGC:10]]
[2020.11.10-06.05.01:642][  0]LogConfig: Setting CVar [[gc.AllowParallelGC:1]]
[2020.11.10-06.05.01:643][  0]LogConfig: Setting CVar [[gc.TimeBetweenPurgingPendingKillObjects:61.1]]
[2020.11.10-06.05.01:643][  0]LogConfig: Setting CVar [[gc.MaxObjectsInEditor:25165824]]
[2020.11.10-06.05.01:643][  0]LogConfig: Setting CVar [[gc.IncrementalBeginDestroyEnabled:1]]
[2020.11.10-06.05.01:643][  0]LogConfig: Setting CVar [[gc.CreateGCClusters:1]]
[2020.11.10-06.05.01:643][  0]LogConfig: Setting CVar [[gc.MinGCClusterSize:5]]
[2020.11.10-06.05.01:643][  0]LogConfig: Setting CVar [[gc.ActorClusteringEnabled:0]]
[2020.11.10-06.05.01:643][  0]LogConfig: Setting CVar [[gc.BlueprintClusteringEnabled:0]]
[2020.11.10-06.05.01:643][  0]LogConfig: Setting CVar [[gc.UseDisregardForGCOnDedicatedServers:0]]
[2020.11.10-06.05.01:643][  0]LogConfig: Applying CVar settings from Section [/Script/Engine.NetworkSettings] File [C:/work/PerforceWorkspace/EnginerLocalPcLessons/XYZProject/ue4/XYZProject/Saved/Config/Windows/Engine.ini]
[2020.11.10-06.05.01:643][  0]LogConfig: Applying CVar settings from Section [/Script/UnrealEd.CookerSettings] File [C:/work/PerforceWorkspace/EnginerLocalPcLessons/XYZProject/ue4/XYZProject/Saved/Config/Windows/Engine.ini]
[2020.11.10-06.05.01:651][  0]LogConfig: Applying CVar settings from Section [ViewDistanceQuality@3] File [C:/work/PerforceWorkspace/EnginerLocalPcLessons/XYZProject/ue4/XYZProject/Saved/Config/Windows/Scalability.ini]
[2020.11.10-06.05.01:651][  0]LogConfig: Setting CVar [[r.SkeletalMeshLODBias:0]]
[2020.11.10-06.05.01:651][  0]LogConfig: Setting CVar [[r.ViewDistanceScale:1.0]]
[2020.11.10-06.05.01:651][  0]LogConfig: Applying CVar settings from Section [AntiAliasingQuality@3] File [C:/work/PerforceWorkspace/EnginerLocalPcLessons/XYZProject/ue4/XYZProject/Saved/Config/Windows/Scalability.ini]
[2020.11.10-06.05.01:651][  0]LogConfig: Setting CVar [[r.PostProcessAAQuality:4]]
[2020.11.10-06.05.01:651][  0]LogConfig: Applying CVar settings from Section [ShadowQuality@3] File [C:/work/PerforceWorkspace/EnginerLocalPcLessons/XYZProject/ue4/XYZProject/Saved/Config/Windows/Scalability.ini]
[2020.11.10-06.05.01:651][  0]LogConfig: Setting CVar [[r.LightFunctionQuality:1]]
[2020.11.10-06.05.01:651][  0]LogConfig: Setting CVar [[r.ShadowQuality:5]]
[2020.11.10-06.05.01:651][  0]LogConfig: Setting CVar [[r.Shadow.CSM.MaxCascades:10]]
[2020.11.10-06.05.01:651][  0]LogConfig: Setting CVar [[r.Shadow.MaxResolution:2048]]
[2020.11.10-06.05.01:652][  0]LogConfig: Setting CVar [[r.Shadow.MaxCSMResolution:2048]]
[2020.11.10-06.05.01:652][  0]LogConfig: Setting CVar [[r.Shadow.RadiusThreshold:0.01]]
[2020.11.10-06.05.01:652][  0]LogConfig: Setting CVar [[r.Shadow.DistanceScale:1.0]]
[2020.11.10-06.05.01:652][  0]LogConfig: Setting CVar [[r.Shadow.CSM.TransitionScale:1.0]]
[2020.11.10-06.05.01:652][  0]LogConfig: Setting CVar [[r.Shadow.PreShadowResolutionFactor:1.0]]
[2020.11.10-06.05.01:652][  0]LogConfig: Setting CVar [[r.DistanceFieldShadowing:1]]
[2020.11.10-06.05.01:652][  0]LogConfig: Setting CVar [[r.DistanceFieldAO:1]]
[2020.11.10-06.05.01:652][  0]LogConfig: Setting CVar [[r.AOQuality:2]]
[2020.11.10-06.05.01:652][  0]LogConfig: Setting CVar [[r.VolumetricFog:1]]
[2020.11.10-06.05.01:652][  0]LogConfig: Setting CVar [[r.VolumetricFog.GridPixelSize:8]]
[2020.11.10-06.05.01:652][  0]LogConfig: Setting CVar [[r.VolumetricFog.GridSizeZ:128]]
[2020.11.10-06.05.01:652][  0]LogConfig: Setting CVar [[r.VolumetricFog.HistoryMissSupersampleCount:4]]
[2020.11.10-06.05.01:652][  0]LogConfig: Setting CVar [[r.LightMaxDrawDistanceScale:1]]
[2020.11.10-06.05.01:652][  0]LogConfig: Setting CVar [[r.CapsuleShadows:1]]
[2020.11.10-06.05.01:652][  0]LogConfig: Applying CVar settings from Section [PostProcessQuality@3] File [C:/work/PerforceWorkspace/EnginerLocalPcLessons/XYZProject/ue4/XYZProject/Saved/Config/Windows/Scalability.ini]
[2020.11.10-06.05.01:652][  0]LogConfig: Setting CVar [[r.MotionBlurQuality:4]]
[2020.11.10-06.05.01:652][  0]LogConfig: Setting CVar [[r.AmbientOcclusionMipLevelFactor:0.4]]
[2020.11.10-06.05.01:652][  0]LogConfig: Setting CVar [[r.AmbientOcclusionMaxQuality:100]]
[2020.11.10-06.05.01:653][  0]LogConfig: Setting CVar [[r.AmbientOcclusionLevels:-1]]
[2020.11.10-06.05.01:653][  0]LogConfig: Setting CVar [[r.AmbientOcclusionRadiusScale:1.0]]
[2020.11.10-06.05.01:653][  0]LogConfig: Setting CVar [[r.DepthOfFieldQuality:2]]
[2020.11.10-06.05.01:653][  0]LogConfig: Setting CVar [[r.RenderTargetPoolMin:400]]
[2020.11.10-06.05.01:653][  0]LogConfig: Setting CVar [[r.LensFlareQuality:2]]
[2020.11.10-06.05.01:653][  0]LogConfig: Setting CVar [[r.SceneColorFringeQuality:1]]
[2020.11.10-06.05.01:653][  0]LogConfig: Setting CVar [[r.EyeAdaptationQuality:2]]
[2020.11.10-06.05.01:653][  0]LogConfig: Setting CVar [[r.BloomQuality:5]]
[2020.11.10-06.05.01:653][  0]LogConfig: Setting CVar [[r.FastBlurThreshold:100]]
[2020.11.10-06.05.01:653][  0]LogConfig: Setting CVar [[r.Upscale.Quality:3]]
[2020.11.10-06.05.01:653][  0]LogConfig: Setting CVar [[r.Tonemapper.GrainQuantization:1]]
[2020.11.10-06.05.01:653][  0]LogConfig: Setting CVar [[r.LightShaftQuality:1]]
[2020.11.10-06.05.01:653][  0]LogConfig: Setting CVar [[r.Filter.SizeScale:1]]
[2020.11.10-06.05.01:653][  0]LogConfig: Setting CVar [[r.Tonemapper.Quality:5]]
[2020.11.10-06.05.01:653][  0]LogConfig: Setting CVar [[r.DOF.Gather.AccumulatorQuality:1        ; higher gathering accumulator quality]]
[2020.11.10-06.05.01:653][  0]LogConfig: Setting CVar [[r.DOF.Gather.PostfilterMethod:1          ; Median3x3 postfilering method]]
[2020.11.10-06.05.01:654][  0]LogConfig: Setting CVar [[r.DOF.Gather.EnableBokehSettings:0       ; no bokeh simulation when gathering]]
[2020.11.10-06.05.01:654][  0]LogConfig: Setting CVar [[r.DOF.Gather.RingCount:4                 ; medium number of samples when gathering]]
[2020.11.10-06.05.01:654][  0]LogConfig: Setting CVar [[r.DOF.Scatter.ForegroundCompositing:1    ; additive foreground scattering]]
[2020.11.10-06.05.01:654][  0]LogConfig: Setting CVar [[r.DOF.Scatter.BackgroundCompositing:2    ; additive background scattering]]
[2020.11.10-06.05.01:654][  0]LogConfig: Setting CVar [[r.DOF.Scatter.EnableBokehSettings:1      ; bokeh simulation when scattering]]
[2020.11.10-06.05.01:654][  0]LogConfig: Setting CVar [[r.DOF.Scatter.MaxSpriteRatio:0.1         ; only a maximum of 10% of scattered bokeh]]
[2020.11.10-06.05.01:654][  0]LogConfig: Setting CVar [[r.DOF.Recombine.Quality:1                ; cheap slight out of focus]]
[2020.11.10-06.05.01:654][  0]LogConfig: Setting CVar [[r.DOF.Recombine.EnableBokehSettings:0    ; no bokeh simulation on slight out of focus]]
[2020.11.10-06.05.01:654][  0]LogConfig: Setting CVar [[r.DOF.TemporalAAQuality:1                ; more stable temporal accumulation]]
[2020.11.10-06.05.01:654][  0]LogConfig: Setting CVar [[r.DOF.Kernel.MaxForegroundRadius:0.025]]
[2020.11.10-06.05.01:654][  0]LogConfig: Setting CVar [[r.DOF.Kernel.MaxBackgroundRadius:0.025]]
[2020.11.10-06.05.01:654][  0]LogConfig: Applying CVar settings from Section [TextureQuality@3] File [C:/work/PerforceWorkspace/EnginerLocalPcLessons/XYZProject/ue4/XYZProject/Saved/Config/Windows/Scalability.ini]
[2020.11.10-06.05.01:654][  0]LogConfig: Setting CVar [[r.Streaming.MipBias:0]]
[2020.11.10-06.05.01:654][  0]LogConfig: Setting CVar [[r.Streaming.AmortizeCPUToGPUCopy:0]]
[2020.11.10-06.05.01:655][  0]LogConfig: Setting CVar [[r.Streaming.MaxNumTexturesToStreamPerFrame:0]]
[2020.11.10-06.05.01:655][  0]LogConfig: Setting CVar [[r.Streaming.Boost:1]]
[2020.11.10-06.05.01:655][  0]LogConfig: Setting CVar [[r.MaxAnisotropy:8]]
[2020.11.10-06.05.01:655][  0]LogConfig: Setting CVar [[r.VT.MaxAnisotropy:8]]
[2020.11.10-06.05.01:655][  0]LogConfig: Setting CVar [[r.Streaming.LimitPoolSizeToVRAM:0]]
[2020.11.10-06.05.01:655][  0]LogConfig: Setting CVar [[r.Streaming.PoolSize:1000]]
[2020.11.10-06.05.01:655][  0]LogConfig: Setting CVar [[r.Streaming.MaxEffectiveScreenSize:0]]
[2020.11.10-06.05.01:655][  0]LogConfig: Applying CVar settings from Section [EffectsQuality@3] File [C:/work/PerforceWorkspace/EnginerLocalPcLessons/XYZProject/ue4/XYZProject/Saved/Config/Windows/Scalability.ini]
[2020.11.10-06.05.01:655][  0]LogConfig: Setting CVar [[r.TranslucencyLightingVolumeDim:64]]
[2020.11.10-06.05.01:655][  0]LogConfig: Setting CVar [[r.RefractionQuality:2]]
[2020.11.10-06.05.01:655][  0]LogConfig: Setting CVar [[r.SSR.Quality:3]]
[2020.11.10-06.05.01:655][  0]LogConfig: Setting CVar [[r.SSR.HalfResSceneColor:0]]
[2020.11.10-06.05.01:655][  0]LogConfig: Setting CVar [[r.SceneColorFormat:4]]
[2020.11.10-06.05.01:655][  0]LogConfig: Setting CVar [[r.DetailMode:2]]
[2020.11.10-06.05.01:655][  0]LogConfig: Setting CVar [[r.TranslucencyVolumeBlur:1]]
[2020.11.10-06.05.01:655][  0]LogConfig: Setting CVar [[r.MaterialQualityLevel:1 ; High quality]]
[2020.11.10-06.05.01:655][  0]LogConfig: Setting CVar [[r.SSS.Scale:1]]
[2020.11.10-06.05.01:655][  0]LogConfig: Setting CVar [[r.SSS.SampleSet:2]]
[2020.11.10-06.05.01:655][  0]LogConfig: Setting CVar [[r.SSS.Quality:1]]
[2020.11.10-06.05.01:656][  0]LogConfig: Setting CVar [[r.SSS.HalfRes:0]]
[2020.11.10-06.05.01:656][  0]LogConfig: Setting CVar [[r.SSGI.Quality:3]]
[2020.11.10-06.05.01:656][  0]LogConfig: Setting CVar [[r.EmitterSpawnRateScale:1.0]]
[2020.11.10-06.05.01:656][  0]LogConfig: Setting CVar [[r.ParticleLightQuality:2]]
[2020.11.10-06.05.01:656][  0]LogConfig: Setting CVar [[r.SkyAtmosphere.AerialPerspectiveLUT.FastApplyOnOpaque:1 ; Always have FastSkyLUT 1 in this case to avoid wrong sky]]
[2020.11.10-06.05.01:656][  0]LogConfig: Setting CVar [[r.SkyAtmosphere.AerialPerspectiveLUT.SampleCountPerSlice:1]]
[2020.11.10-06.05.01:656][  0]LogConfig: Setting CVar [[r.SkyAtmosphere.AerialPerspectiveLUT.DepthResolution:16.0]]
[2020.11.10-06.05.01:656][  0]LogConfig: Setting CVar [[r.SkyAtmosphere.FastSkyLUT:1]]
[2020.11.10-06.05.01:656][  0]LogConfig: Setting CVar [[r.SkyAtmosphere.FastSkyLUT.SampleCountMin:4.0]]
[2020.11.10-06.05.01:656][  0]LogConfig: Setting CVar [[r.SkyAtmosphere.FastSkyLUT.SampleCountMax:32.0]]
[2020.11.10-06.05.01:656][  0]LogConfig: Setting CVar [[r.SkyAtmosphere.SampleCountMin:4.0]]
[2020.11.10-06.05.01:656][  0]LogConfig: Setting CVar [[r.SkyAtmosphere.SampleCountMax:32.0]]
[2020.11.10-06.05.01:656][  0]LogConfig: Setting CVar [[r.SkyAtmosphere.TransmittanceLUT.UseSmallFormat:0]]
[2020.11.10-06.05.01:656][  0]LogConfig: Setting CVar [[r.SkyAtmosphere.TransmittanceLUT.SampleCount:10.0]]
[2020.11.10-06.05.01:656][  0]LogConfig: Setting CVar [[r.SkyAtmosphere.MultiScatteringLUT.SampleCount:15.0]]
[2020.11.10-06.05.01:656][  0]LogConfig: Applying CVar settings from Section [FoliageQuality@3] File [C:/work/PerforceWorkspace/EnginerLocalPcLessons/XYZProject/ue4/XYZProject/Saved/Config/Windows/Scalability.ini]
[2020.11.10-06.05.01:656][  0]LogConfig: Setting CVar [[foliage.DensityScale:1.0]]
[2020.11.10-06.05.01:656][  0]LogConfig: Setting CVar [[grass.DensityScale:1.0]]
[2020.11.10-06.05.01:656][  0]LogConfig: Applying CVar settings from Section [ShadingQuality@3] File [C:/work/PerforceWorkspace/EnginerLocalPcLessons/XYZProject/ue4/XYZProject/Saved/Config/Windows/Scalability.ini]
[2020.11.10-06.05.01:657][  0]LogConfig: Setting CVar [[r.HairStrands.SkyLighting.SampleCount:16]]
[2020.11.10-06.05.01:657][  0]LogConfig: Setting CVar [[r.HairStrands.SkyLighting.JitterIntegration:0]]
[2020.11.10-06.05.01:657][  0]LogConfig: Setting CVar [[r.HairStrands.SkyAO.SampleCount:16]]
[2020.11.10-06.05.01:657][  0]LogConfig: Setting CVar [[r.HairStrands.DeepShadow.SuperSampling:0]]
[2020.11.10-06.05.01:657][  0]LogConfig: Setting CVar [[r.HairStrands.VisibilityPPLL:0]]
[2020.11.10-06.05.01:657][  0]LogConfig: Setting CVar [[r.HairStrands.RasterizationScale:0.5]]
[2020.11.10-06.05.01:657][  0]LogConfig: Setting CVar [[r.HairStrands.VelocityRasterizationScale:1]]
[2020.11.10-06.05.01:658][  0]LogInit: Selected Device Profile: [Windows]
[2020.11.10-06.05.01:658][  0]LogInit: Applying CVar settings loaded from the selected device profile: [Windows]
[2020.11.10-06.05.01:659][  0]LogHAL: Display: Platform has ~ 16 GB [17130360832 / 17179869184 / 16], which maps to Larger [LargestMinGB=32, LargerMinGB=12, DefaultMinGB=8, SmallerMinGB=6, SmallestMinGB=0)
[2020.11.10-06.05.01:659][  0]LogInit: Going up to parent DeviceProfile []
[2020.11.10-06.05.01:659][  0]LogConfig: Applying CVar settings from Section [ViewDistanceQuality@2] File [C:/work/PerforceWorkspace/EnginerLocalPcLessons/XYZProject/ue4/XYZProject/Saved/Config/Windows/Scalability.ini]
[2020.11.10-06.05.01:659][  0]LogConfig: Setting CVar [[r.SkeletalMeshLODBias:0]]
[2020.11.10-06.05.01:659][  0]LogConfig: Setting CVar [[r.ViewDistanceScale:0.8]]
[2020.11.10-06.05.01:659][  0]LogConfig: Applying CVar settings from Section [AntiAliasingQuality@2] File [C:/work/PerforceWorkspace/EnginerLocalPcLessons/XYZProject/ue4/XYZProject/Saved/Config/Windows/Scalability.ini]
[2020.11.10-06.05.01:659][  0]LogConfig: Setting CVar [[r.PostProcessAAQuality:3]]
[2020.11.10-06.05.01:660][  0]LogConfig: Applying CVar settings from Section [ShadowQuality@2] File [C:/work/PerforceWorkspace/EnginerLocalPcLessons/XYZProject/ue4/XYZProject/Saved/Config/Windows/Scalability.ini]
[2020.11.10-06.05.01:660][  0]LogConfig: Setting CVar [[r.LightFunctionQuality:1]]
[2020.11.10-06.05.01:660][  0]LogConfig: Setting CVar [[r.ShadowQuality:5]]
[2020.11.10-06.05.01:660][  0]LogConfig: Setting CVar [[r.Shadow.CSM.MaxCascades:4]]
[2020.11.10-06.05.01:660][  0]LogConfig: Setting CVar [[r.Shadow.MaxResolution:1024]]
[2020.11.10-06.05.01:660][  0]LogConfig: Setting CVar [[r.Shadow.MaxCSMResolution:2048]]
[2020.11.10-06.05.01:660][  0]LogConfig: Setting CVar [[r.Shadow.RadiusThreshold:0.04]]
[2020.11.10-06.05.01:660][  0]LogConfig: Setting CVar [[r.Shadow.DistanceScale:0.85]]
[2020.11.10-06.05.01:660][  0]LogConfig: Setting CVar [[r.Shadow.CSM.TransitionScale:0.8]]
[2020.11.10-06.05.01:660][  0]LogConfig: Setting CVar [[r.Shadow.PreShadowResolutionFactor:0.5]]
[2020.11.10-06.05.01:660][  0]LogConfig: Setting CVar [[r.DistanceFieldShadowing:1]]
[2020.11.10-06.05.01:660][  0]LogConfig: Setting CVar [[r.DistanceFieldAO:1]]
[2020.11.10-06.05.01:660][  0]LogConfig: Setting CVar [[r.AOQuality:1]]
[2020.11.10-06.05.01:660][  0]LogConfig: Setting CVar [[r.VolumetricFog:1]]
[2020.11.10-06.05.01:660][  0]LogConfig: Setting CVar [[r.VolumetricFog.GridPixelSize:16]]
[2020.11.10-06.05.01:660][  0]LogConfig: Setting CVar [[r.VolumetricFog.GridSizeZ:64]]
[2020.11.10-06.05.01:660][  0]LogConfig: Setting CVar [[r.VolumetricFog.HistoryMissSupersampleCount:4]]
[2020.11.10-06.05.01:660][  0]LogConfig: Setting CVar [[r.LightMaxDrawDistanceScale:1]]
[2020.11.10-06.05.01:660][  0]LogConfig: Setting CVar [[r.CapsuleShadows:1]]
[2020.11.10-06.05.01:660][  0]LogConfig: Applying CVar settings from Section [PostProcessQuality@2] File [C:/work/PerforceWorkspace/EnginerLocalPcLessons/XYZProject/ue4/XYZProject/Saved/Config/Windows/Scalability.ini]
[2020.11.10-06.05.01:660][  0]LogConfig: Setting CVar [[r.MotionBlurQuality:3]]
[2020.11.10-06.05.01:661][  0]LogConfig: Setting CVar [[r.AmbientOcclusionMipLevelFactor:0.6]]
[2020.11.10-06.05.01:661][  0]LogConfig: Setting CVar [[r.AmbientOcclusionMaxQuality:100]]
[2020.11.10-06.05.01:661][  0]LogConfig: Setting CVar [[r.AmbientOcclusionLevels:-1]]
[2020.11.10-06.05.01:661][  0]LogConfig: Setting CVar [[r.AmbientOcclusionRadiusScale:1.5]]
[2020.11.10-06.05.01:661][  0]LogConfig: Setting CVar [[r.DepthOfFieldQuality:2]]
[2020.11.10-06.05.01:661][  0]LogConfig: Setting CVar [[r.RenderTargetPoolMin:400]]
[2020.11.10-06.05.01:661][  0]LogConfig: Setting CVar [[r.LensFlareQuality:2]]
[2020.11.10-06.05.01:661][  0]LogConfig: Setting CVar [[r.SceneColorFringeQuality:1]]
[2020.11.10-06.05.01:661][  0]LogConfig: Setting CVar [[r.EyeAdaptationQuality:2]]
[2020.11.10-06.05.01:661][  0]LogConfig: Setting CVar [[r.BloomQuality:5]]
[2020.11.10-06.05.01:661][  0]LogConfig: Setting CVar [[r.FastBlurThreshold:3]]
[2020.11.10-06.05.01:661][  0]LogConfig: Setting CVar [[r.Upscale.Quality:2]]
[2020.11.10-06.05.01:661][  0]LogConfig: Setting CVar [[r.Tonemapper.GrainQuantization:1]]
[2020.11.10-06.05.01:661][  0]LogConfig: Setting CVar [[r.LightShaftQuality:1]]
[2020.11.10-06.05.01:661][  0]LogConfig: Setting CVar [[r.Filter.SizeScale:0.8]]
[2020.11.10-06.05.01:661][  0]LogConfig: Setting CVar [[r.Tonemapper.Quality:5]]
[2020.11.10-06.05.01:661][  0]LogConfig: Setting CVar [[r.DOF.Gather.AccumulatorQuality:0        ; lower gathering accumulator quality]]
[2020.11.10-06.05.01:661][  0]LogConfig: Setting CVar [[r.DOF.Gather.PostfilterMethod:2          ; Max3x3 postfilering method]]
[2020.11.10-06.05.01:661][  0]LogConfig: Setting CVar [[r.DOF.Gather.EnableBokehSettings:0       ; no bokeh simulation when gathering]]
[2020.11.10-06.05.01:661][  0]LogConfig: Setting CVar [[r.DOF.Gather.RingCount:4                 ; medium number of samples when gathering]]
[2020.11.10-06.05.01:662][  0]LogConfig: Setting CVar [[r.DOF.Scatter.ForegroundCompositing:1    ; additive foreground scattering]]
[2020.11.10-06.05.01:662][  0]LogConfig: Setting CVar [[r.DOF.Scatter.BackgroundCompositing:1    ; no background occlusion]]
[2020.11.10-06.05.01:662][  0]LogConfig: Setting CVar [[r.DOF.Scatter.EnableBokehSettings:0      ; no bokeh simulation when scattering]]
[2020.11.10-06.05.01:662][  0]LogConfig: Setting CVar [[r.DOF.Scatter.MaxSpriteRatio:0.04        ; only a maximum of 4% of scattered bokeh]]
[2020.11.10-06.05.01:662][  0]LogConfig: Setting CVar [[r.DOF.Recombine.Quality:0                ; no slight out of focus]]
[2020.11.10-06.05.01:662][  0]LogConfig: Setting CVar [[r.DOF.TemporalAAQuality:0                ; faster temporal accumulation]]
[2020.11.10-06.05.01:662][  0]LogConfig: Setting CVar [[r.DOF.Kernel.MaxForegroundRadius:0.012   ; required because of AccumulatorQuality=0]]
[2020.11.10-06.05.01:662][  0]LogConfig: Setting CVar [[r.DOF.Kernel.MaxBackgroundRadius:0.012   ; required because of AccumulatorQuality=0]]
[2020.11.10-06.05.01:662][  0]LogConfig: Applying CVar settings from Section [TextureQuality@2] File [C:/work/PerforceWorkspace/EnginerLocalPcLessons/XYZProject/ue4/XYZProject/Saved/Config/Windows/Scalability.ini]
[2020.11.10-06.05.01:662][  0]LogConfig: Setting CVar [[r.Streaming.MipBias:0]]
[2020.11.10-06.05.01:662][  0]LogConfig: Setting CVar [[r.Streaming.AmortizeCPUToGPUCopy:0]]
[2020.11.10-06.05.01:662][  0]LogConfig: Setting CVar [[r.Streaming.MaxNumTexturesToStreamPerFrame:0]]
[2020.11.10-06.05.01:662][  0]LogConfig: Setting CVar [[r.Streaming.Boost:1]]
[2020.11.10-06.05.01:662][  0]LogConfig: Setting CVar [[r.MaxAnisotropy:4]]
[2020.11.10-06.05.01:662][  0]LogConfig: Setting CVar [[r.VT.MaxAnisotropy:8]]
[2020.11.10-06.05.01:662][  0]LogConfig: Setting CVar [[r.Streaming.LimitPoolSizeToVRAM:1]]
[2020.11.10-06.05.01:662][  0]LogConfig: Setting CVar [[r.Streaming.PoolSize:800]]
[2020.11.10-06.05.01:662][  0]LogConfig: Setting CVar [[r.Streaming.MaxEffectiveScreenSize:0]]
[2020.11.10-06.05.01:662][  0]LogConfig: Applying CVar settings from Section [EffectsQuality@2] File [C:/work/PerforceWorkspace/EnginerLocalPcLessons/XYZProject/ue4/XYZProject/Saved/Config/Windows/Scalability.ini]
[2020.11.10-06.05.01:662][  0]LogConfig: Setting CVar [[r.TranslucencyLightingVolumeDim:48]]
[2020.11.10-06.05.01:662][  0]LogConfig: Setting CVar [[r.RefractionQuality:2]]
[2020.11.10-06.05.01:662][  0]LogConfig: Setting CVar [[r.SSR.Quality:2]]
[2020.11.10-06.05.01:663][  0]LogConfig: Setting CVar [[r.SSR.HalfResSceneColor:1]]
[2020.11.10-06.05.01:663][  0]LogConfig: Setting CVar [[r.SceneColorFormat:3]]
[2020.11.10-06.05.01:663][  0]LogConfig: Setting CVar [[r.DetailMode:1]]
[2020.11.10-06.05.01:663][  0]LogConfig: Setting CVar [[r.TranslucencyVolumeBlur:1]]
[2020.11.10-06.05.01:663][  0]LogConfig: Setting CVar [[r.MaterialQualityLevel:1 ; High quality]]
[2020.11.10-06.05.01:663][  0]LogConfig: Setting CVar [[r.SSS.Scale:1]]
[2020.11.10-06.05.01:663][  0]LogConfig: Setting CVar [[r.SSS.SampleSet:1]]
[2020.11.10-06.05.01:663][  0]LogConfig: Setting CVar [[r.SSS.Quality:-1]]
[2020.11.10-06.05.01:663][  0]LogConfig: Setting CVar [[r.SSS.HalfRes:1]]
[2020.11.10-06.05.01:663][  0]LogConfig: Setting CVar [[r.SSGI.Quality:2]]
[2020.11.10-06.05.01:663][  0]LogConfig: Setting CVar [[r.EmitterSpawnRateScale:0.5]]
[2020.11.10-06.05.01:663][  0]LogConfig: Setting CVar [[r.ParticleLightQuality:1]]
[2020.11.10-06.05.01:663][  0]LogConfig: Setting CVar [[r.SkyAtmosphere.AerialPerspectiveLUT.FastApplyOnOpaque:1 ; Always have FastSkyLUT 1 in this case to avoid wrong sky]]
[2020.11.10-06.05.01:663][  0]LogConfig: Setting CVar [[r.SkyAtmosphere.AerialPerspectiveLUT.SampleCountPerSlice:1]]
[2020.11.10-06.05.01:663][  0]LogConfig: Setting CVar [[r.SkyAtmosphere.AerialPerspectiveLUT.DepthResolution:16.0]]
[2020.11.10-06.05.01:663][  0]LogConfig: Setting CVar [[r.SkyAtmosphere.FastSkyLUT:1]]
[2020.11.10-06.05.01:663][  0]LogConfig: Setting CVar [[r.SkyAtmosphere.FastSkyLUT.SampleCountMin:4.0]]
[2020.11.10-06.05.01:663][  0]LogConfig: Setting CVar [[r.SkyAtmosphere.FastSkyLUT.SampleCountMax:32.0]]
[2020.11.10-06.05.01:663][  0]LogConfig: Setting CVar [[r.SkyAtmosphere.SampleCountMin:4.0]]
[2020.11.10-06.05.01:663][  0]LogConfig: Setting CVar [[r.SkyAtmosphere.SampleCountMax:32.0]]
[2020.11.10-06.05.01:663][  0]LogConfig: Setting CVar [[r.SkyAtmosphere.TransmittanceLUT.UseSmallFormat:0]]
[2020.11.10-06.05.01:663][  0]LogConfig: Setting CVar [[r.SkyAtmosphere.TransmittanceLUT.SampleCount:10.0]]
[2020.11.10-06.05.01:663][  0]LogConfig: Setting CVar [[r.SkyAtmosphere.MultiScatteringLUT.SampleCount:15.0]]
[2020.11.10-06.05.01:664][  0]LogConfig: Applying CVar settings from Section [FoliageQuality@2] File [C:/work/PerforceWorkspace/EnginerLocalPcLessons/XYZProject/ue4/XYZProject/Saved/Config/Windows/Scalability.ini]
[2020.11.10-06.05.01:664][  0]LogConfig: Setting CVar [[foliage.DensityScale:0.8]]
[2020.11.10-06.05.01:664][  0]LogConfig: Setting CVar [[grass.DensityScale:0.8]]
[2020.11.10-06.05.01:664][  0]LogConfig: Applying CVar settings from Section [ShadingQuality@2] File [C:/work/PerforceWorkspace/EnginerLocalPcLessons/XYZProject/ue4/XYZProject/Saved/Config/Windows/Scalability.ini]
[2020.11.10-06.05.01:664][  0]LogConfig: Setting CVar [[r.HairStrands.SkyLighting.SampleCount:16]]
[2020.11.10-06.05.01:664][  0]LogConfig: Setting CVar [[r.HairStrands.SkyLighting.JitterIntegration:0]]
[2020.11.10-06.05.01:664][  0]LogConfig: Setting CVar [[r.HairStrands.SkyAO.SampleCount:16]]
[2020.11.10-06.05.01:664][  0]LogConfig: Setting CVar [[r.HairStrands.DeepShadow.SuperSampling:0]]
[2020.11.10-06.05.01:664][  0]LogConfig: Setting CVar [[r.HairStrands.VisibilityPPLL:0]]
[2020.11.10-06.05.01:664][  0]LogConfig: Setting CVar [[r.HairStrands.RasterizationScale:0.5]]
[2020.11.10-06.05.01:664][  0]LogConfig: Setting CVar [[r.HairStrands.VelocityRasterizationScale:1]]
[2020.11.10-06.05.01:664][  0]LogConfig: Applying CVar settings from Section [Startup] File [../../../Engine/Config/ConsoleVariables.ini]
[2020.11.10-06.05.01:665][  0]LogConfig: Setting CVar [[net.UseAdaptiveNetUpdateFrequency:0]]
[2020.11.10-06.05.01:665][  0]LogConfig: Setting CVar [[p.chaos.AllowCreatePhysxBodies:1]]
[2020.11.10-06.05.01:665][  0]LogConfig: Setting CVar [[fx.SkipVectorVMBackendOptimizations:1]]
[2020.11.10-06.05.01:665][  0]LogConfig: Applying CVar settings from Section [ConsoleVariables] File [C:/work/PerforceWorkspace/EnginerLocalPcLessons/XYZProject/ue4/XYZProject/Saved/Config/Windows/Engine.ini]
[2020.11.10-06.05.01:667][  0]LogInit: Computer: DESKTOP-MG3UB52
[2020.11.10-06.05.01:667][  0]LogInit: User: userone
[2020.11.10-06.05.01:667][  0]LogInit: CPU Page size=4096, Cores=6
[2020.11.10-06.05.01:667][  0]LogInit: High frequency timer resolution =10.000000 MHz
[2020.11.10-06.05.01:667][  0]LogMemory: Memory total: Physical=16.0GB (16GB approx)
[2020.11.10-06.05.01:667][  0]LogMemory: Platform Memory Stats for Windows
[2020.11.10-06.05.01:667][  0]LogMemory: Process Physical Memory: 115.87 MB used, 115.88 MB peak
[2020.11.10-06.05.01:667][  0]LogMemory: Process Virtual Memory: 105.22 MB used, 105.22 MB peak
[2020.11.10-06.05.01:667][  0]LogMemory: Physical Memory: 12439.98 MB used,  3896.81 MB free, 16336.79 MB total
[2020.11.10-06.05.01:667][  0]LogMemory: Virtual Memory: 5138.75 MB used,  134212592.00 MB free, 134217728.00 MB total
[2020.11.10-06.05.01:679][  0]LogWindows: WindowsPlatformFeatures enabled
[2020.11.10-06.05.02:107][  0]LogInit: Physics initialised using underlying interface: PhysX
[2020.11.10-06.05.02:108][  0]LogInit: Using OS detected language (ru-RU).
[2020.11.10-06.05.02:108][  0]LogInit: Using OS detected locale (ru-RU).
[2020.11.10-06.05.02:129][  0]LogTextLocalizationManager: No specific localization for 'ru-RU' exists, so the 'ru' localization will be used.
[2020.11.10-06.05.02:130][  0]LogTextLocalizationResource: LocRes '../../../Engine/Content/Localization/Editor/ru/Editor.locres' could not be opened for reading!
[2020.11.10-06.05.02:130][  0]LogTextLocalizationResource: LocRes '../../../Engine/Content/Localization/EditorTutorials/ru/EditorTutorials.locres' could not be opened for reading!
[2020.11.10-06.05.02:131][  0]LogTextLocalizationResource: LocRes '../../../Engine/Content/Localization/Keywords/ru/Keywords.locres' could not be opened for reading!
[2020.11.10-06.05.02:131][  0]LogTextLocalizationResource: LocRes '../../../Engine/Content/Localization/Category/ru/Category.locres' could not be opened for reading!
[2020.11.10-06.05.02:131][  0]LogTextLocalizationResource: LocRes '../../../Engine/Content/Localization/ToolTips/ru/ToolTips.locres' could not be opened for reading!
[2020.11.10-06.05.02:132][  0]LogTextLocalizationResource: LocRes '../../../Engine/Content/Localization/PropertyNames/ru/PropertyNames.locres' could not be opened for reading!
[2020.11.10-06.05.02:132][  0]LogTextLocalizationResource: LocRes '../../../Engine/Content/Localization/Engine/ru/Engine.locres' could not be opened for reading!
[2020.11.10-06.05.02:134][  0]LogInit: Setting process to per monitor DPI aware
[2020.11.10-06.05.02:189][  0]LogSlate: New Slate User Created.  User Index 0, Is Virtual User: 0
[2020.11.10-06.05.02:189][  0]LogSlate: Slate User Registered.  User Index 0, Is Virtual User: 0
[2020.11.10-06.05.02:603][  0]LogHMD: Failed to initialize OpenVR with code 110
[2020.11.10-06.05.02:603][  0]LogD3D11RHI: D3D11 min allowed feature level: 11_0
[2020.11.10-06.05.02:603][  0]LogD3D11RHI: D3D11 max allowed feature level: 11_0
[2020.11.10-06.05.02:603][  0]LogD3D11RHI: D3D11 adapters:
[2020.11.10-06.05.02:708][  0]LogD3D11RHI:    0. 'NVIDIA GeForce GTX 550 Ti' (Feature Level 11_0)
[2020.11.10-06.05.02:708][  0]LogD3D11RHI:       959/0/8168 MB DedicatedVideo/DedicatedSystem/SharedSystem, Outputs:2, VendorId:0x10de
[2020.11.10-06.05.02:718][  0]LogD3D11RHI:    1. 'Microsoft Basic Render Driver' (Feature Level 11_0)
[2020.11.10-06.05.02:718][  0]LogD3D11RHI:       0/0/8168 MB DedicatedVideo/DedicatedSystem/SharedSystem, Outputs:0, VendorId:0x1414
[2020.11.10-06.05.02:718][  0]LogD3D11RHI: Chosen D3D11 Adapter: 0
[2020.11.10-06.05.02:731][  0]LogD3D11RHI: Creating new Direct3DDevice
[2020.11.10-06.05.02:731][  0]LogD3D11RHI:     GPU DeviceId: 0x1244 (for the marketing name, search the web for "GPU Device Id")
[2020.11.10-06.05.02:731][  0]LogWindows: EnumDisplayDevices:
[2020.11.10-06.05.02:731][  0]LogWindows:    0. 'NVIDIA GeForce GTX 550 Ti' (P:1 D:1)
[2020.11.10-06.05.02:732][  0]LogWindows:    1. 'NVIDIA GeForce GTX 550 Ti' (P:0 D:1)
[2020.11.10-06.05.02:732][  0]LogWindows: DebugString: FoundDriverCount:2 
[2020.11.10-06.05.02:732][  0]LogD3D11RHI:     Adapter Name: NVIDIA GeForce GTX 550 Ti
[2020.11.10-06.05.02:732][  0]LogD3D11RHI:   Driver Version: 391.35 (internal:23.21.13.9135, unified:391.35)
[2020.11.10-06.05.02:732][  0]LogD3D11RHI:      Driver Date: 3-23-2018
[2020.11.10-06.05.02:732][  0]LogRHI: Texture pool is 671 MB (70% of 959 MB)
[2020.11.10-06.05.02:781][  0]LogD3D11RHI: Display: Timestamp queries are currently disabled on this hardware due to instability. Realtime GPU stats will not be available. You can override this behaviour by setting r.NVIDIATimestampWorkaround to 0
[2020.11.10-06.05.02:781][  0]LogD3D11RHI: RHI does not have support for 64 bit atomics
[2020.11.10-06.05.02:781][  0]LogD3D11RHI: Async texture creation enabled
[2020.11.10-06.05.02:870][  0]LogD3D11RHI: GPU Timing Frequency: 1000.000000 (Debug: 2 2)
[2020.11.10-06.05.03:270][  0]LogTargetPlatformManager: Display: Loaded TargetPlatform 'AllDesktop'
[2020.11.10-06.05.03:306][  0]LogTargetPlatformManager: Display: Loaded TargetPlatform 'Android'
[2020.11.10-06.05.03:307][  0]LogTargetPlatformManager: Display: Loaded TargetPlatform 'Android_ASTC'
[2020.11.10-06.05.03:307][  0]LogTargetPlatformManager: Display: Loaded TargetPlatform 'Android_DXT'
[2020.11.10-06.05.03:307][  0]LogTargetPlatformManager: Display: Loaded TargetPlatform 'Android_ETC2'
[2020.11.10-06.05.03:307][  0]LogTargetPlatformManager: Display: Loaded TargetPlatform 'AndroidClient'
[2020.11.10-06.05.03:307][  0]LogTargetPlatformManager: Display: Loaded TargetPlatform 'Android_ASTCClient'
[2020.11.10-06.05.03:307][  0]LogTargetPlatformManager: Display: Loaded TargetPlatform 'Android_DXTClient'
[2020.11.10-06.05.03:307][  0]LogTargetPlatformManager: Display: Loaded TargetPlatform 'Android_ETC2Client'
[2020.11.10-06.05.03:307][  0]LogTargetPlatformManager: Display: Loaded TargetPlatform 'Android_Multi'
[2020.11.10-06.05.03:307][  0]LogTargetPlatformManager: Display: Loaded TargetPlatform 'Android_MultiClient'
[2020.11.10-06.05.03:366][  0]LogTargetPlatformManager: Display: Loaded TargetPlatform 'IOSClient'
[2020.11.10-06.05.03:366][  0]LogTargetPlatformManager: Display: Loaded TargetPlatform 'IOS'
[2020.11.10-06.05.03:388][  0]LogTargetPlatformManager: Display: Loaded TargetPlatform 'Linux'
[2020.11.10-06.05.03:408][  0]LogTargetPlatformManager: Display: Loaded TargetPlatform 'LinuxNoEditor'
[2020.11.10-06.05.03:427][  0]LogTargetPlatformManager: Display: Loaded TargetPlatform 'LinuxClient'
[2020.11.10-06.05.03:447][  0]LogTargetPlatformManager: Display: Loaded TargetPlatform 'LinuxServer'
[2020.11.10-06.05.03:466][  0]LogTargetPlatformManager: Display: Loaded TargetPlatform 'LinuxAArch64NoEditor'
[2020.11.10-06.05.03:486][  0]LogTargetPlatformManager: Display: Loaded TargetPlatform 'LinuxAArch64Client'
[2020.11.10-06.05.03:506][  0]LogTargetPlatformManager: Display: Loaded TargetPlatform 'LinuxAArch64Server'
[2020.11.10-06.05.03:548][  0]LogTargetPlatformManager: Display: Loaded TargetPlatform 'Lumin'
[2020.11.10-06.05.03:548][  0]LogTargetPlatformManager: Display: Loaded TargetPlatform 'LuminClient'
[2020.11.10-06.05.03:575][  0]LogTargetPlatformManager: Display: Loaded TargetPlatform 'TVOSClient'
[2020.11.10-06.05.03:576][  0]LogTargetPlatformManager: Display: Loaded TargetPlatform 'TVOS'
[2020.11.10-06.05.03:595][  0]LogTargetPlatformManager: Display: Loaded TargetPlatform 'WindowsNoEditor'
[2020.11.10-06.05.03:616][  0]LogTargetPlatformManager: Display: Loaded TargetPlatform 'Windows'
[2020.11.10-06.05.03:635][  0]LogTargetPlatformManager: Display: Loaded TargetPlatform 'WindowsClient'
[2020.11.10-06.05.03:655][  0]LogTargetPlatformManager: Display: Loaded TargetPlatform 'WindowsServer'
[2020.11.10-06.05.03:655][  0]LogTargetPlatformManager: Display: Building Assets For Windows
[2020.11.10-06.05.03:711][  0]LogAudioDebug: Display: Lib vorbis DLL was dynamically loaded.
[2020.11.10-06.05.04:014][  0]LogShaderCompilers: Guid format shader working directory is -39 characters bigger than the processId version (../../../../../../work/PerforceWorkspace/EnginerLocalPcLessons/XYZProject/ue4/XYZProject/Intermediate/Shaders/WorkingDirectory/6268/).
[2020.11.10-06.05.04:014][  0]LogShaderCompilers: Cleaned the shader compiler working directory 'C:/Users/user_one/AppData/Local/Temp/UnrealShaderWorkingDir/EBFA26C54D40813700E580A7F3DC0D76/'.
[2020.11.10-06.05.04:015][  0]LogXGEController: Cannot use XGE Controller as Incredibuild is not installed on this machine.
[2020.11.10-06.05.04:016][  0]LogShaderCompilers: Cannot use XGE Shader Compiler as Incredibuild is not installed on this machine.
[2020.11.10-06.05.04:016][  0]LogShaderCompilers: Display: Using Local Shader Compiler.
[2020.11.10-06.05.05:100][  0]LogDerivedDataCache: Display: Max Cache Size: 512 MB
[2020.11.10-06.05.05:299][  0]LogDerivedDataCache: Loaded boot cache 0.20s 75MB C:/Users/user_one/AppData/Local/UnrealEngine/4.25/DerivedDataCache/Boot.ddc.
[2020.11.10-06.05.05:299][  0]LogDerivedDataCache: Display: Loaded Boot cache: C:/Users/user_one/AppData/Local/UnrealEngine/4.25/DerivedDataCache/Boot.ddc
[2020.11.10-06.05.05:300][  0]LogDerivedDataCache: FDerivedDataBackendGraph:  Pak pak cache file ../../../../../../work/PerforceWorkspace/EnginerLocalPcLessons/XYZProject/ue4/XYZProject/DerivedDataCache/DDC.ddp not found, will not use a pak cache.
[2020.11.10-06.05.05:300][  0]LogDerivedDataCache: Unable to find inner node Pak for hierarchical cache Hierarchy.
[2020.11.10-06.05.05:300][  0]LogDerivedDataCache: FDerivedDataBackendGraph:  CompressedPak pak cache file ../../../../../../work/PerforceWorkspace/EnginerLocalPcLessons/XYZProject/ue4/XYZProject/DerivedDataCache/Compressed.ddp not found, will not use a pak cache.
[2020.11.10-06.05.05:300][  0]LogDerivedDataCache: Unable to find inner node CompressedPak for hierarchical cache Hierarchy.
[2020.11.10-06.05.05:314][  0]LogDerivedDataCache: Display: Pak cache opened for reading ../../../Engine/DerivedDataCache/Compressed.ddp.
[2020.11.10-06.05.05:314][  0]LogDerivedDataCache: FDerivedDataBackendGraph:  EnterprisePak pak cache file ../../../Enterprise/DerivedDataCache/Compressed.ddp not found, will not use a pak cache.
[2020.11.10-06.05.05:314][  0]LogDerivedDataCache: Unable to find inner node EnterprisePak for hierarchical cache Hierarchy.
[2020.11.10-06.05.05:317][  0]LogDerivedDataCache: Using Local data cache path C:/Users/user_one/AppData/Local/UnrealEngine/Common/DerivedDataCache: Writable
[2020.11.10-06.05.05:317][  0]LogDerivedDataCache: Shared data cache path not found in *engine.ini, will not use an Shared cache.
[2020.11.10-06.05.05:317][  0]LogDerivedDataCache: Unable to find inner node Shared for hierarchical cache Hierarchy.
[2020.11.10-06.05.05:377][  0]LogSlate: Using FreeType 2.10.0
[2020.11.10-06.05.05:382][  0]LogSlate: SlateFontServices - WITH_FREETYPE: 1, WITH_HARFBUZZ: 1
[2020.11.10-06.05.05:430][  0]LogAssetRegistry: FAssetRegistry took 0.0056 seconds to start up
[2020.11.10-06.05.05:854][  0]LogInit: Selected Device Profile: [Windows]
[2020.11.10-06.05.06:163][  0]LogMeshReduction: Using QuadricMeshReduction for automatic static mesh reduction
[2020.11.10-06.05.06:163][  0]LogMeshReduction: Using SimplygonMeshReduction for automatic skeletal mesh reduction
[2020.11.10-06.05.06:163][  0]LogMeshReduction: Using ProxyLODMeshReduction for automatic mesh merging
[2020.11.10-06.05.06:163][  0]LogMeshReduction: No distributed automatic mesh merging module available
[2020.11.10-06.05.06:163][  0]LogMeshMerging: No distributed automatic mesh merging module available
[2020.11.10-06.05.06:209][  0]LogNetVersion: XYZProject 1.0.0, NetCL: 13144385, EngineNetVer: 14, GameNetVer: 0 (Checksum: 1442504022)
[2020.11.10-06.05.06:948][  0]LogAISub: UAISubsystem::UAISubsystem AISubsystem (000002AB63109840), frame # 0
[2020.11.10-06.05.06:948][  0]LogAISub: UAISubsystem::UAISubsystem AIPerceptionSystem (000002AB630847C0), frame # 0
[2020.11.10-06.05.06:951][  0]LogAISub: UAISubsystem::UAISubsystem EnvQueryManager (000002AB630B1E00), frame # 0
[2020.11.10-06.05.07:019][  0]LogPackageLocalizationCache: Processed 20 localized package path(s) for 1 prioritized culture(s) in 0.051593 seconds
[2020.11.10-06.05.07:025][  0]LogUObjectArray: 15917 objects as part of root set at end of initial load.
[2020.11.10-06.05.07:025][  0]LogUObjectAllocator: 3965568 out of 0 bytes used by permanent object pool.
[2020.11.10-06.05.07:025][  0]LogUObjectArray: CloseDisregardForGC: 0/0 objects in disregard for GC pool
[2020.11.10-06.05.08:435][  0]LogTcpMessaging: Initializing TcpMessaging bridge
[2020.11.10-06.05.08:453][  0]LogUdpMessaging: Initializing bridge on interface 0.0.0.0:0 to multicast group 230.0.0.1:6666.
[2020.11.10-06.05.08:765][  0]SourceControl: Source control is disabled
[2020.11.10-06.05.08:765][  0]SourceControl: Source control is disabled
[2020.11.10-06.05.08:791][  0]SourceControl: Source control is disabled
[2020.11.10-06.05.08:806][  0]SourceControl: Source control is disabled
[2020.11.10-06.05.08:834][  0]SourceControl: Source control is disabled
[2020.11.10-06.05.09:828][  0]LogAndroidPermission: UAndroidPermissionCallbackProxy::GetInstance
[2020.11.10-06.05.09:902][  0]LogAudioCaptureCore: Display: No Audio Capture implementations found. Audio input will be silent.
[2020.11.10-06.05.09:902][  0]LogAudioCaptureCore: Display: No Audio Capture implementations found. Audio input will be silent.
[2020.11.10-06.05.10:045][  0]LogOcInput: OculusInput pre-init called
[2020.11.10-06.05.10:080][  0]LogWindows: Failed to load 'OVRPlugin.dll' (GetLastError=126)
[2020.11.10-06.05.10:081][  0]LogWindows: File 'OVRPlugin.dll' does not exist
[2020.11.10-06.05.10:257][  0]LogEngine: Initializing Engine...
[2020.11.10-06.05.10:262][  0]LogHMD: Failed to initialize OpenVR with code 110
[2020.11.10-06.05.10:262][  0]LogMagicLeap: Warning: VR disabled because ZI is not enabled.  To enable, in the editor, Edit -> Project Settings -> Plugins -> Magic Leap Plugin -> Enable Zero Iteration
[2020.11.10-06.05.10:264][  0]LogStats: UGameplayTagsManager::InitializeManager -  0.000 s
[2020.11.10-06.05.10:416][  0]LogInit: Initializing FReadOnlyCVARCache
[2020.11.10-06.05.10:456][  0]LogAIModule: Creating AISystem for world Untitled
[2020.11.10-06.05.10:456][  0]LogAISub: UAISubsystem::UAISubsystem EnvQueryManager (000002AB69C7FC00), frame # 0
[2020.11.10-06.05.10:456][  0]LogAISub: UAISubsystem::UAISubsystem AIPerceptionSystem (000002AB69CAE980), frame # 0
[2020.11.10-06.05.10:478][  0]LogAudioMixer: Display: Audio Mixer Platform Settings:
[2020.11.10-06.05.10:478][  0]LogAudioMixer: Display: 	Sample Rate:						  48000
[2020.11.10-06.05.10:478][  0]LogAudioMixer: Display: 	Callback Buffer Frame Size Requested: 1024
[2020.11.10-06.05.10:478][  0]LogAudioMixer: Display: 	Callback Buffer Frame Size To Use:	  1024
[2020.11.10-06.05.10:478][  0]LogAudioMixer: Display: 	Number of buffers to queue:			  2
[2020.11.10-06.05.10:478][  0]LogAudioMixer: Display: 	Max Channels (voices):				  32
[2020.11.10-06.05.10:479][  0]LogAudioMixer: Display: 	Number of Async Source Workers:		  0
[2020.11.10-06.05.10:479][  0]LogAudio: Display: AudioDevice MaxSources: 32
[2020.11.10-06.05.10:480][  0]LogAudio: Display: Using built-in audio occlusion.
[2020.11.10-06.05.10:480][  0]LogAudioMixer: Display: Initializing audio mixer.
[2020.11.10-06.05.10:508][  0]LogAudioMixer: Display: 0: FrontLeft
[2020.11.10-06.05.10:508][  0]LogAudioMixer: Display: 1: FrontRight
[2020.11.10-06.05.10:576][  0]LogAudioMixer: Display: Using Audio Device Динамики (High Definition Audio Device)
[2020.11.10-06.05.10:577][  0]LogAudioMixer: Display: Initializing Sound Submixes...
[2020.11.10-06.05.10:581][  0]LogAudioMixer: Display: Creating Master Submix 'MasterSubmixDefault'
[2020.11.10-06.05.10:582][  0]LogAudioMixer: Display: Creating Master Submix 'MasterReverbSubmixDefault'
[2020.11.10-06.05.10:583][  0]LogAudioMixer: Display: Creating Master Submix 'MasterEQSubmixDefault'
[2020.11.10-06.05.10:585][  0]LogInit: FAudioDevice initialized.
[2020.11.10-06.05.10:587][  0]LogNetVersion: Set ProjectVersion to 1.0.0.0. Version Checksum will be recalculated on next use.
[2020.11.10-06.05.10:673][  0]LogDerivedDataCache: Saved boot cache 0.09s 75MB C:/Users/user_one/AppData/Local/UnrealEngine/4.25/DerivedDataCache/Boot.ddc.
[2020.11.10-06.05.10:677][  0]LogInit: Texture streaming: Enabled
[2020.11.10-06.05.10:731][  0]LogEngineSessionManager: EngineSessionManager initialized
[2020.11.10-06.05.10:731][  0]LogEditorSessionSummary: Verbose: Initializing EditorSessionSummaryWriter for editor session tracking
[2020.11.10-06.05.10:738][  0]LogEditorSessionSummary: EditorSessionSummaryWriter initialized
[2020.11.10-06.05.10:804][  0]LogInit: Transaction tracking system initialized
[2020.11.10-06.05.10:893][  0]BlueprintLog: New page: Editor Load
[2020.11.10-06.05.11:241][  0]LocalizationService: Localization service is disabled
[2020.11.10-06.05.11:684][  0]LogCook: Display: Max memory allowance for cook 16384mb min free memory 0mb
[2020.11.10-06.05.11:684][  0]LogCook: Display: Mobile HDR setting 1
[2020.11.10-06.05.12:141][  0]LogFileCache: Scanning file cache for directory 'C:/work/PerforceWorkspace/EnginerLocalPcLessons/XYZProject/ue4/XYZProject/Content/' took 0.01s
[2020.11.10-06.05.12:413][  0]SourceControl: Source control is disabled
[2020.11.10-06.05.12:413][  0]LogUnrealEdMisc: Loading editor; pre map load, took 14.221
[2020.11.10-06.05.12:414][  0]Cmd: MAP LOAD FILE="../../../../../../work/PerforceWorkspace/EnginerLocalPcLessons/XYZProject/ue4/XYZProject/Content/XYZProject/Maps/Gym_Default.umap" TEMPLATE=0 SHOWPROGRESS=1 FEATURELEVEL=3
[2020.11.10-06.05.12:416][  0]LightingResults: New page: Lighting Build
[2020.11.10-06.05.12:420][  0]LogWorld: UWorld::CleanupWorld for Untitled, bSessionEnded=true, bCleanupResources=true
[2020.11.10-06.05.12:420][  0]LogSlate: InvalidateAllWidgets triggered.  All widgets were invalidated
[2020.11.10-06.05.12:421][  0]MapCheck: New page: Map Check
[2020.11.10-06.05.12:421][  0]LightingResults: New page: Lighting Build
[2020.11.10-06.05.12:441][  0]LogAISub: UAISubsystem::~UAISubsystem EnvQueryManager (000002AB69C7FC00), frame # 0
[2020.11.10-06.05.12:441][  0]LogAISub: UAISubsystem::~UAISubsystem AIPerceptionSystem (000002AB69CAE980), frame # 0
[2020.11.10-06.05.12:443][  0]LogUObjectHash: Compacting FUObjectHashTables data took   0.74ms
[2020.11.10-06.05.12:618][  0]LogBlueprint: Warning: [Compiler BP_Player] InputAction Event references unknown Action 'ResetVR' for  InputAction ResetVR
[2020.11.10-06.05.12:618][  0]LogBlueprint: Warning: [Compiler BP_Player] Input Axis Event references unknown Axis 'LookUpRate' for  InputAxis LookUpRate
[2020.11.10-06.05.12:618][  0]LogBlueprint: Warning: [Compiler BP_Player] Input Axis Event references unknown Axis 'TurnRate' for  InputAxis TurnRate
[2020.11.10-06.05.12:893][  0]LogAIModule: Creating AISystem for world Gym_Default
[2020.11.10-06.05.12:893][  0]LogAISub: UAISubsystem::UAISubsystem EnvQueryManager (000002AB5A2E4800), frame # 0
[2020.11.10-06.05.12:893][  0]LogAISub: UAISubsystem::UAISubsystem AIPerceptionSystem (000002AB72292D40), frame # 0
[2020.11.10-06.05.13:046][  0]LogEditorServer: Finished looking for orphan Actors (0.000 secs)
[2020.11.10-06.05.13:081][  0]LogUObjectHash: Compacting FUObjectHashTables data took   1.03ms
[2020.11.10-06.05.13:082][  0]Cmd: MAP CHECKDEP NOCLEARLOG
[2020.11.10-06.05.13:083][  0]MapCheck: Map check complete: 0 Error(s), 0 Warning(s), took 0,358ms to complete.
[2020.11.10-06.05.13:083][  0]LogFileHelpers: Loading map 'Gym_Default' took 0.670
[2020.11.10-06.05.13:095][  0]LogUnrealEdMisc: Total Editor Startup Time, took 14.904
[2020.11.10-06.05.13:279][  0]LogSlate: Updating window title bar state: overlay mode, drag disabled, window buttons hidden, title bar hidden
[2020.11.10-06.05.13:287][  0]LogSlate: Updating window title bar state: overlay mode, drag disabled, window buttons hidden, title bar hidden
[2020.11.10-06.05.13:294][  0]LogSlate: Updating window title bar state: overlay mode, drag disabled, window buttons hidden, title bar hidden
[2020.11.10-06.05.13:302][  0]LogSlate: Updating window title bar state: overlay mode, drag disabled, window buttons hidden, title bar hidden
[2020.11.10-06.05.13:333][  0]LogCollectionManager: Loaded 0 collections in 0.002818 seconds
[2020.11.10-06.05.13:369][  0]LogFileCache: Scanning file cache for directory 'C:/work/PerforceWorkspace/EnginerLocalPcLessons/XYZProject/ue4/XYZProject/Saved/Collections/' took 0.00s
[2020.11.10-06.05.13:369][  0]LogFileCache: Scanning file cache for directory 'C:/work/PerforceWorkspace/EnginerLocalPcLessons/XYZProject/ue4/XYZProject/Content/Developers/userone/Collections/' took 0.00s
[2020.11.10-06.05.13:369][  0]LogFileCache: Scanning file cache for directory 'C:/work/PerforceWorkspace/EnginerLocalPcLessons/XYZProject/ue4/XYZProject/Content/Collections/' took 0.00s
[2020.11.10-06.05.13:369][  0]LogContentBrowser: Native class hierarchy populated in 0.0121 seconds. Added 3461 classes and 836 folders.
[2020.11.10-06.05.13:376][  0]LogContentBrowser: Native class hierarchy updated for 'WidgetCarousel' in 0.0005 seconds. Added 0 classes and 0 folders.
[2020.11.10-06.05.13:563][  0]LogContentBrowser: Native class hierarchy updated for 'AddContentDialog' in 0.0006 seconds. Added 0 classes and 0 folders.
[2020.11.10-06.05.13:569][  0]LogContentBrowser: Native class hierarchy updated for 'SceneOutliner' in 0.0006 seconds. Added 2 classes and 0 folders.
[2020.11.10-06.05.14:240][  0]LogSlate: Took 0.001161 seconds to synchronously load lazily loaded font '../../../Engine/Content/Slate/Fonts/Roboto-Regular.ttf' (155K)
[2020.11.10-06.05.14:244][  0]LogSlate: Took 0.001038 seconds to synchronously load lazily loaded font '../../../Engine/Content/Slate/Fonts/Roboto-Bold.ttf' (160K)
[2020.11.10-06.05.14:252][  0]LogSlate: Took 0.000886 seconds to synchronously load lazily loaded font '../../../Engine/Content/Editor/Slate/Fonts/FontAwesome.ttf' (139K)
[2020.11.10-06.05.14:330][  0]LogRenderer: Reallocating scene render targets to support 1208x580 Format 9 NumSamples 1 (Frame:1).
[2020.11.10-06.05.14:666][  0]LogContentBrowser: Native class hierarchy updated for 'HierarchicalLODOutliner' in 0.0006 seconds. Added 0 classes and 0 folders.
[2020.11.10-06.05.14:666][  0]LogLoad: (Engine Initialization) Total time: 16.47 seconds
[2020.11.10-06.05.14:666][  0]LogLoad: (Engine Initialization) Total Blueprint compile time: 0.00 seconds
[2020.11.10-06.05.14:743][  0]LogAssetRegistry: Asset discovery search completed in 9.3157 seconds
[2020.11.10-06.05.14:748][  0]LogAutoSizeComments: Loaded auto size comments cache: ../../../Engine/Plugins/Marketplace/AutoSizeComments/ASCCache/DB10E9B649441E60BC429DB70B8D5AC0.json
[2020.11.10-06.05.14:784][  0]LogCollectionManager: Fixed up redirectors for 0 collections in 0.000007 seconds (updated 0 objects)
[2020.11.10-06.05.14:798][  0]LogContentStreaming: Texture pool size now 800 MB
[2020.11.10-06.05.14:863][  0]LogSlate: Took 0.000867 seconds to synchronously load lazily loaded font '../../../Engine/Content/Slate/Fonts/Roboto-Light.ttf' (167K)
[2020.11.10-06.05.15:716][  3]LogMaterial: Display: Missing cached shader map for material Material_0, compiling. 
[2020.11.10-06.05.15:803][  4]LogShaderCompilers: Display: Worker (1/9): shaders left to compile 34
[2020.11.10-06.05.15:803][  4]LogShaderCompilers: Display: Worker (2/9): shaders left to compile 29
[2020.11.10-06.05.15:803][  4]LogShaderCompilers: Display: Worker (3/9): shaders left to compile 24
[2020.11.10-06.05.15:803][  4]LogShaderCompilers: Display: Worker (4/9): shaders left to compile 19
[2020.11.10-06.05.15:803][  4]LogShaderCompilers: Display: Worker (5/9): shaders left to compile 14
[2020.11.10-06.05.15:803][  4]LogShaderCompilers: Display: Worker (6/9): shaders left to compile 9
[2020.11.10-06.05.15:803][  4]LogShaderCompilers: Display: Worker (7/9): shaders left to compile 4
[2020.11.10-06.05.15:951][  4]LogMaterial: Display: Missing cached shader map for material Material_1, compiling. 
[2020.11.10-06.05.15:986][  5]LogShaderCompilers: Display: Worker (8/9): shaders left to compile 34
[2020.11.10-06.05.16:052][  5]LogMaterial: Display: Missing cached shader map for material Material_2, compiling. 
[2020.11.10-06.05.16:194][  6]LogMaterial: Display: Missing cached shader map for material Material_3, compiling. 
[2020.11.10-06.05.18:414][ 89]LogShaderCompilers: Display: Worker (2/9): shaders left to compile 97
[2020.11.10-06.05.18:487][ 93]LogShaderCompilers: Display: Worker (7/9): shaders left to compile 87
[2020.11.10-06.05.18:507][ 94]LogShaderCompilers: Display: Worker (6/9): shaders left to compile 77
[2020.11.10-06.05.18:745][106]LogShaderCompilers: Display: Worker (1/9): shaders left to compile 67
[2020.11.10-06.05.18:785][108]LogShaderCompilers: Display: Worker (8/9): shaders left to compile 58
[2020.11.10-06.05.18:956][116]LogShaderCompilers: Display: Worker (4/9): shaders left to compile 50
[2020.11.10-06.05.19:155][126]LogShaderCompilers: Display: Worker (5/9): shaders left to compile 43
[2020.11.10-06.05.19:276][132]LogShaderCompilers: Display: Worker (3/9): shaders left to compile 37
[2020.11.10-06.05.21:276][227]LogShaderCompilers: Display: Worker (3/9): shaders left to compile 32
[2020.11.10-06.05.21:649][246]LogShaderCompilers: Display: Worker (5/9): shaders left to compile 27
[2020.11.10-06.05.21:711][249]LogShaderCompilers: Display: Worker (1/9): shaders left to compile 23
[2020.11.10-06.05.21:996][263]LogShaderCompilers: Display: Worker (4/9): shaders left to compile 20
[2020.11.10-06.05.22:567][291]LogShaderCompilers: Display: Worker (8/9): shaders left to compile 17
[2020.11.10-06.05.22:587][292]LogShaderCompilers: Display: Worker (2/9): shaders left to compile 14
[2020.11.10-06.05.22:731][299]LogShaderCompilers: Display: Worker (6/9): shaders left to compile 12
[2020.11.10-06.05.22:799][302]LogShaderCompilers: Display: Worker (3/9): shaders left to compile 10
[2020.11.10-06.05.22:926][308]LogShaderCompilers: Display: Worker (7/9): shaders left to compile 8
[2020.11.10-06.05.23:125][317]LogShaderCompilers: Display: Worker (1/9): shaders left to compile 6
[2020.11.10-06.05.23:272][324]LogShaderCompilers: Display: Worker (5/9): shaders left to compile 5
[2020.11.10-06.05.23:437][332]LogShaderCompilers: Display: Worker (3/9): shaders left to compile 4
[2020.11.10-06.05.23:638][342]LogShaderCompilers: Display: Worker (2/9): shaders left to compile 3
[2020.11.10-06.05.23:638][342]LogShaderCompilers: Display: Worker (1/9): shaders left to compile 2
[2020.11.10-06.05.23:657][343]LogShaderCompilers: Display: Worker (8/9): shaders left to compile 1
[2020.11.10-06.12.47:554][401]LogSlate: Took 0.000231 seconds to synchronously load lazily loaded font '../../../Engine/Content/Slate/Fonts/Roboto-Light.ttf' (167K)
[2020.11.10-06.12.47:573][401]LogAssetEditorSubsystem: Opening Asset editor for Class /Script/XYZProject.BasePlatform
[2020.11.10-06.15.15:795][358]LogEditorViewport: Clicking on Actor (LMB): Landscape (Landscape)
[2020.11.10-06.15.23:115][681]Cmd: TRANSACTION UNDO
[2020.11.10-06.15.23:115][681]LogEditorTransaction: Undo Move Actors
[2020.11.10-06.16.14:052][387]LogEditorViewport: Clicking on Actor (LMB): Landscape (Landscape)
[2020.11.10-06.17.09:653][242]LogEditorViewport: Clicking on Actor (LMB): Landscape (Landscape)
[2020.11.10-06.17.50:660][117]LogUObjectHash: Compacting FUObjectHashTables data took   0.75ms
[2020.11.10-06.17.50:853][117]LogSavePackage: Moving '../../../../../../work/PerforceWorkspace/EnginerLocalPcLessons/XYZProject/ue4/XYZProject/Saved/Gym_Default_Auto1C5FAACE54A5811812593AABA9976FFB4.tmp' to '../../../../../../work/PerforceWorkspace/EnginerLocalPcLessons/XYZProject/ue4/XYZProject/Saved/Autosaves/Game/XYZProject/Maps/Gym_Default_Auto1.umap'
[2020.11.10-06.17.50:857][117]LogFileHelpers: Editor autosave (incl. sublevels) for '/Game/XYZProject/Maps/Gym_Default' took 0.214
[2020.11.10-06.17.50:857][117]LogFileHelpers: Editor autosave (incl. sublevels) for all levels took 0.214
[2020.11.10-06.39.19:755][378]Candidate modules for hot reload:
[2020.11.10-06.39.19:755][378]  XYZProject
[2020.11.10-06.39.19:755][378]Launching UnrealBuildTool... [C:/Program Files/Epic Games/UE_4.25/Engine/Binaries/DotNET/UnrealBuildTool.exe  -ModuleWithSuffix=XYZProject,4447 XYZProjectEditor Win64 Development -Project="C:/work/PerforceWorkspace/EnginerLocalPcLessons/XYZProject/ue4/XYZProject/XYZProject.uproject" "C:/work/PerforceWorkspace/EnginerLocalPcLessons/XYZProject/ue4/XYZProject/XYZProject.uproject"  -IgnoreJunk]
[2020.11.10-06.39.33:024][378]CompilerResultsLog: New page: Compilation - 10 нояб. 2020 г., 12:39:33
[2020.11.10-06.39.33:025][378]CompilerResultsLog: Parsing headers for XYZProjectEditor
[2020.11.10-06.39.33:025][378]CompilerResultsLog:   Running UnrealHeaderTool "C:\work\PerforceWorkspace\EnginerLocalPcLessons\XYZProject\ue4\XYZProject\XYZProject.uproject" "C:\work\PerforceWorkspace\EnginerLocalPcLessons\XYZProject\ue4\XYZProject\Intermediate\Build\Win64\XYZProjectEditor\Development\XYZProjectEditor.uhtmanifest" -LogCmds="loginit warning, logexit warning, logdatabase error" -Unattended -WarningsAsErrors -abslog="C:\Users\user_one\AppData\Local\UnrealBuildTool\Log_UHT.txt" -installed
[2020.11.10-06.39.33:025][378]CompilerResultsLog: Reflection code generated for XYZProjectEditor in 8.1145349 seconds
[2020.11.10-06.39.33:025][378]CompilerResultsLog: Building XYZProjectEditor...
[2020.11.10-06.39.33:026][378]CompilerResultsLog: Using Visual Studio 2019 14.27.29112 toolchain (C:\Program Files (x86)\Microsoft Visual Studio\2019\Community\VC\Tools\MSVC\14.27.29110) and Windows 10.0.18362.0 SDK (C:\Program Files (x86)\Windows Kits\10).
[2020.11.10-06.39.33:026][378]CompilerResultsLog: Building 5 actions with 12 processes...
[2020.11.10-06.39.33:026][378]CompilerResultsLog:   [1/5] BasePlatform.gen.cpp
[2020.11.10-06.39.33:026][378]CompilerResultsLog:    C:\work\PerforceWorkspace\EnginerLocalPcLessons\XYZProject\ue4\XYZProject\Source\XYZProject/Core/Interactables/BasePlatform.h(71) : error C3646: 'MoutionTimeline': unknown override specifier
[2020.11.10-06.39.33:026][378]CompilerResultsLog:    C:\work\PerforceWorkspace\EnginerLocalPcLessons\XYZProject\ue4\XYZProject\Source\XYZProject/Core/Interactables/BasePlatform.h(71) : error C4430: missing type specifier - int assumed. Note: C++ does not support default-int
[2020.11.10-06.39.33:026][378]CompilerResultsLog:   [2/5] BasePlatform.cpp
[2020.11.10-06.39.33:026][378]CompilerResultsLog:    C:\work\PerforceWorkspace\EnginerLocalPcLessons\XYZProject\ue4\XYZProject\Source\XYZProject\Core\Interactables\BasePlatform.h(71) : error C3646: 'MoutionTimeline': unknown override specifier
[2020.11.10-06.39.33:026][378]CompilerResultsLog:    C:\work\PerforceWorkspace\EnginerLocalPcLessons\XYZProject\ue4\XYZProject\Source\XYZProject\Core\Interactables\BasePlatform.h(71) : error C4430: missing type specifier - int assumed. Note: C++ does not support default-int
[2020.11.10-06.39.33:026][378]CompilerResultsLog:    C:\work\PerforceWorkspace\EnginerLocalPcLessons\XYZProject\ue4\XYZProject\Source\XYZProject\Core\Interactables\BasePlatform.cpp(28) : error C2065: 'MoutionTimeline': undeclared identifier
[2020.11.10-06.39.33:026][378]CompilerResultsLog:    C:\work\PerforceWorkspace\EnginerLocalPcLessons\XYZProject\ue4\XYZProject\Source\XYZProject\Core\Interactables\BasePlatform.cpp(40) : error C2065: 'MoutionTimeline': undeclared identifier
[2020.11.10-06.39.33:026][378]LogMainFrame: MainFrame: Module compiling took 13.279 seconds
[2020.11.10-06.39.33:027][378]Warning: HotReload failed, recompile failed
[2020.11.10-06.39.33:027][378]Warning: RebindPackages failed because compilation failed.
[2020.11.10-09.17.31:083][698]LogSlate: WidgetSwitcher ('None') active index changed to -1
[2020.11.10-09.17.31:083][698]LogSlate: WidgetSwitcher ('None') active index changed to 0
[2020.11.10-09.17.31:133][698]LogSlate: Took 0.001236 seconds to synchronously load lazily loaded font '../../../Engine/Content/Slate/Fonts/Roboto-BoldCondensed.ttf' (158K)
[2020.11.10-09.17.39:414][ 93]LogSlate: Window 'Add C++ Class' being destroyed
[2020.11.10-09.17.58:575][962]LogSlate: Window 'Pick Parent Class' being destroyed
[2020.11.10-09.18.20:337][ 11]LogAssetEditorSubsystem: Opening Asset editor for Blueprint /Game/XYZProject/Core/Interactables/BP_LoopPlatform.BP_LoopPlatform
[2020.11.10-09.18.20:689][ 11]LogContentBrowser: Native class hierarchy updated for 'BlueprintGraph' in 0.0019 seconds. Added 125 classes and 0 folders.
[2020.11.10-09.18.21:852][ 11]LogRenderer: Reallocating scene render targets to support 1208x720 Format 9 NumSamples 1 (Frame:1).
[2020.11.10-09.18.23:971][ 60]LogSlate: Took 0.003344 seconds to synchronously load lazily loaded font '../../../Engine/Content/Slate/Fonts/Roboto-Italic.ttf' (157K)
[2020.11.10-09.18.58:229][528]LogPhysics: Warning: Scale for /Engine/Transient.World_5:PersistentLevel.BP_LoopPlatform_C_0.Platform has a component set to zero, which will result in a bad body instance. Scale:X=1.000 Y=1.000 Z=0.000
[2020.11.10-09.18.58:230][528]LogPhysics: Warning: PopulatePhysXGeometryAndTransform(Convex): ConvexElem has invalid transform
[2020.11.10-09.18.58:230][528]LogPhysics: Warning: ForeachShape(Convex): ScaledElem[0] invalid
[2020.11.10-09.19.14:845][688]BlueprintLog: New page: Compile BP_LoopPlatform
[2020.11.10-09.19.14:928][688]LogUObjectHash: Compacting FUObjectHashTables data took   3.76ms
[2020.11.10-09.19.14:958][688]LogSlate: Took 0.000773 seconds to synchronously load lazily loaded font '../../../Engine/Content/Slate/Fonts/DroidSansMono.ttf' (77K)
[2020.11.10-09.20.57:724][986]LogAssetEditorSubsystem: Opening Asset editor for CurveFloat /Engine/Tutorial/ContentIntroCurve.ContentIntroCurve
[2020.11.10-09.21.07:459][332]BlueprintLog: New page: Compile BP_LoopPlatform
[2020.11.10-09.21.07:550][332]LogUObjectHash: Compacting FUObjectHashTables data took   4.56ms
[2020.11.10-09.21.34:651][492]BlueprintLog: New page: Compile BP_LoopPlatform
[2020.11.10-09.21.34:730][492]LogUObjectHash: Compacting FUObjectHashTables data took   4.78ms
[2020.11.10-09.21.35:713][513]LogSavePackage: Moving '../../../../../../work/PerforceWorkspace/EnginerLocalPcLessons/XYZProject/ue4/XYZProject/Saved/BP_LoopPlatform3D979C9E4996650476CD12BB3EC0B200.tmp' to '../../../../../../work/PerforceWorkspace/EnginerLocalPcLessons/XYZProject/ue4/XYZProject/Content/XYZProject/Core/Interactables/BP_LoopPlatform.uasset'
[2020.11.10-09.21.35:732][513]AssetCheck: New page: Asset Save: BP_LoopPlatform
[2020.11.10-09.21.35:732][513]LogContentValidation: Display: Validating Blueprint /Game/XYZProject/Core/Interactables/BP_LoopPlatform.BP_LoopPlatform
[2020.11.10-09.21.42:066][777]LogSlate: Window 'BP_LoopPlatform' being destroyed
[2020.11.10-09.22.26:410][910]LogEditorViewport: Clicking on Actor (LMB): BP_LoopPlatform_C (BP_LoopPlatform)
[2020.11.10-09.23.49:758][946]LogEditorViewport: Clicking on Actor (LMB): BP_LoopPlatform_C (BP_LoopPlatform)
[2020.11.10-09.24.51:574][898]LogEditorViewport: Clicking on Actor (LMB): Landscape (Landscape)
[2020.11.10-09.24.52:500][929]LogEditorViewport: Clicking on Actor (LMB): BP_LoopPlatform_C (BP_LoopPlatform)
[2020.11.10-09.25.12:192][886]LogTemp: Repeating last play command: Selected Viewport
[2020.11.10-09.25.12:217][886]LogPlayLevel: PlayLevel: No blueprints needed recompiling
[2020.11.10-09.25.12:217][886]PIE: New page: PIE session: Gym_Default (10 нояб. 2020 г., 15:25:12)
[2020.11.10-09.25.12:227][886]LogOnline: OSS: Creating online subsystem instance for: NULL
[2020.11.10-09.25.12:230][886]LogOnline: OSS: TryLoadSubsystemAndSetDefault: Loaded subsystem for module [NULL]
[2020.11.10-09.25.12:231][886]LogPlayLevel: Creating play world package: /Game/XYZProject/Maps/UEDPIE_0_Gym_Default
[2020.11.10-09.25.12:265][886]LogPlayLevel: PIE: StaticDuplicateObject took: (0.033688s)
[2020.11.10-09.25.12:267][886]LogAIModule: Creating AISystem for world Gym_Default
[2020.11.10-09.25.12:267][886]LogAISub: UAISubsystem::UAISubsystem EnvQueryManager (000002AB99079000), frame # 507886
[2020.11.10-09.25.12:267][886]LogAISub: UAISubsystem::UAISubsystem AIPerceptionSystem (000002AB7D359800), frame # 507886
[2020.11.10-09.25.12:267][886]LogPlayLevel: PIE: World Init took: (0.001915s)
[2020.11.10-09.25.12:267][886]LogPlayLevel: PIE: Created PIE world by copying editor world from /Game/XYZProject/Maps/Gym_Default.Gym_Default to /Game/XYZProject/Maps/UEDPIE_0_Gym_Default.Gym_Default (0.036273s)
[2020.11.10-09.25.12:294][886]LogUObjectHash: Compacting FUObjectHashTables data took   3.20ms
[2020.11.10-09.25.12:301][886]LogAudioMixer: Display: Audio Mixer Platform Settings:
[2020.11.10-09.25.12:301][886]LogAudioMixer: Display: 	Sample Rate:						  48000
[2020.11.10-09.25.12:301][886]LogAudioMixer: Display: 	Callback Buffer Frame Size Requested: 1024
[2020.11.10-09.25.12:302][886]LogAudioMixer: Display: 	Callback Buffer Frame Size To Use:	  1024
[2020.11.10-09.25.12:302][886]LogAudioMixer: Display: 	Number of buffers to queue:			  2
[2020.11.10-09.25.12:302][886]LogAudioMixer: Display: 	Max Channels (voices):				  32
[2020.11.10-09.25.12:302][886]LogAudioMixer: Display: 	Number of Async Source Workers:		  0
[2020.11.10-09.25.12:302][886]LogAudio: Display: AudioDevice MaxSources: 32
[2020.11.10-09.25.12:302][886]LogAudio: Display: Using built-in audio occlusion.
[2020.11.10-09.25.12:302][886]LogAudioMixer: Display: Initializing audio mixer.
[2020.11.10-09.25.12:307][886]LogAudioMixer: Display: 0: FrontLeft
[2020.11.10-09.25.12:307][886]LogAudioMixer: Display: 1: FrontRight
[2020.11.10-09.25.12:340][886]LogAudioMixer: Display: Using Audio Device Динамики (High Definition Audio Device)
[2020.11.10-09.25.12:340][886]LogAudioMixer: Display: Initializing Sound Submixes...
[2020.11.10-09.25.12:340][886]LogAudioMixer: Display: Creating Master Submix 'MasterSubmixDefault'
[2020.11.10-09.25.12:340][886]LogAudioMixer: Display: Creating Master Submix 'MasterReverbSubmixDefault'
[2020.11.10-09.25.12:341][886]LogAudioMixer: Display: Creating Master Submix 'MasterEQSubmixDefault'
[2020.11.10-09.25.12:357][886]LogInit: FAudioDevice initialized.
[2020.11.10-09.25.12:378][886]LogLoad: Game class is 'BP_GameMode_ThirdPerson_C'
[2020.11.10-09.25.12:387][886]LogWorld: Bringing World /Game/XYZProject/Maps/UEDPIE_0_Gym_Default.Gym_Default up for play (max tick rate 0) at 2020.11.10-12.25.12
[2020.11.10-09.25.12:388][886]LogWorld: Bringing up level for play took: 0.002799
[2020.11.10-09.25.12:390][886]LogOnline: OSS: Creating online subsystem instance for: :Context_9
[2020.11.10-09.25.12:413][886]LogContentBrowser: Native class hierarchy updated for 'MovieSceneCapture' in 0.0007 seconds. Added 20 classes and 0 folders.
[2020.11.10-09.25.12:425][886]PIE: Server logged in
[2020.11.10-09.25.12:427][886]PIE: Play in editor total start time 0,218 seconds.
[2020.11.10-09.25.23:754][571]LogSlate: Updating window title bar state: overlay mode, drag disabled, window buttons hidden, title bar hidden
[2020.11.10-09.25.23:754][571]LogWorld: BeginTearingDown for /Game/XYZProject/Maps/UEDPIE_0_Gym_Default
[2020.11.10-09.25.23:755][571]LogWorld: UWorld::CleanupWorld for Gym_Default, bSessionEnded=true, bCleanupResources=true
[2020.11.10-09.25.23:757][571]LogSlate: InvalidateAllWidgets triggered.  All widgets were invalidated
[2020.11.10-09.25.23:770][571]LogPlayLevel: Display: Shutting down PIE online subsystems
[2020.11.10-09.25.23:774][571]LogSlate: InvalidateAllWidgets triggered.  All widgets were invalidated
[2020.11.10-09.25.23:840][571]LogSlate: Updating window title bar state: overlay mode, drag disabled, window buttons hidden, title bar hidden
[2020.11.10-09.25.23:859][571]LogAISub: UAISubsystem::~UAISubsystem AIPerceptionSystem (000002AB7D359800), frame # 508571
[2020.11.10-09.25.23:859][571]LogAISub: UAISubsystem::~UAISubsystem EnvQueryManager (000002AB99079000), frame # 508571
[2020.11.10-09.25.23:892][571]LogUObjectHash: Compacting FUObjectHashTables data took   4.09ms
[2020.11.10-09.25.23:926][572]LogPlayLevel: Display: Destroying online subsystem :Context_9
[2020.11.10-09.25.37:669][912]Candidate modules for hot reload:
[2020.11.10-09.25.37:669][912]  XYZProject
[2020.11.10-09.25.37:670][912]Launching UnrealBuildTool... [C:/Program Files/Epic Games/UE_4.25/Engine/Binaries/DotNET/UnrealBuildTool.exe  -ModuleWithSuffix=XYZProject,5508 XYZProjectEditor Win64 Development -Project="C:/work/PerforceWorkspace/EnginerLocalPcLessons/XYZProject/ue4/XYZProject/XYZProject.uproject" "C:/work/PerforceWorkspace/EnginerLocalPcLessons/XYZProject/ue4/XYZProject/XYZProject.uproject"  -IgnoreJunk]
[2020.11.10-09.25.39:072][912]CompilerResultsLog: New page: Compilation - 10 нояб. 2020 г., 15:25:39
[2020.11.10-09.25.39:072][912]CompilerResultsLog: Building XYZProjectEditor...
[2020.11.10-09.25.39:072][912]CompilerResultsLog: Using Visual Studio 2019 14.27.29112 toolchain (C:\Program Files (x86)\Microsoft Visual Studio\2019\Community\VC\Tools\MSVC\14.27.29110) and Windows 10.0.18362.0 SDK (C:\Program Files (x86)\Windows Kits\10).
[2020.11.10-09.25.39:072][912]CompilerResultsLog: Building 5 actions with 12 processes...
[2020.11.10-09.25.39:072][912]CompilerResultsLog:   [1/5] BasePlatform.gen.cpp
[2020.11.10-09.25.39:072][912]CompilerResultsLog:    C:\work\PerforceWorkspace\EnginerLocalPcLessons\XYZProject\ue4\XYZProject\Source\XYZProject/Core/Interactables/BasePlatform.h(71) : error C3646: 'MoutionTimeline': unknown override specifier
[2020.11.10-09.25.39:072][912]CompilerResultsLog:    C:\work\PerforceWorkspace\EnginerLocalPcLessons\XYZProject\ue4\XYZProject\Source\XYZProject/Core/Interactables/BasePlatform.h(71) : error C4430: missing type specifier - int assumed. Note: C++ does not support default-int
[2020.11.10-09.25.39:072][912]CompilerResultsLog:   [2/5] BasePlatform.cpp
[2020.11.10-09.25.39:073][912]CompilerResultsLog:    C:\work\PerforceWorkspace\EnginerLocalPcLessons\XYZProject\ue4\XYZProject\Source\XYZProject\Core\Interactables\BasePlatform.h(71) : error C3646: 'MoutionTimeline': unknown override specifier
[2020.11.10-09.25.39:073][912]CompilerResultsLog:    C:\work\PerforceWorkspace\EnginerLocalPcLessons\XYZProject\ue4\XYZProject\Source\XYZProject\Core\Interactables\BasePlatform.h(71) : error C4430: missing type specifier - int assumed. Note: C++ does not support default-int
[2020.11.10-09.25.39:073][912]CompilerResultsLog:    C:\work\PerforceWorkspace\EnginerLocalPcLessons\XYZProject\ue4\XYZProject\Source\XYZProject\Core\Interactables\BasePlatform.cpp(28) : error C2065: 'MoutionTimeline': undeclared identifier
[2020.11.10-09.25.39:073][912]CompilerResultsLog:    C:\work\PerforceWorkspace\EnginerLocalPcLessons\XYZProject\ue4\XYZProject\Source\XYZProject\Core\Interactables\BasePlatform.cpp(40) : error C2065: 'MoutionTimeline': undeclared identifier
[2020.11.10-09.25.39:073][912]LogMainFrame: MainFrame: Module compiling took 1.408 seconds
[2020.11.10-09.25.39:073][912]Warning: HotReload failed, recompile failed
[2020.11.10-09.25.39:073][912]Warning: RebindPackages failed because compilation failed.
[2020.11.10-09.26.38:571][293]Candidate modules for hot reload:
[2020.11.10-09.26.38:571][293]  XYZProject
[2020.11.10-09.26.38:571][293]Launching UnrealBuildTool... [C:/Program Files/Epic Games/UE_4.25/Engine/Binaries/DotNET/UnrealBuildTool.exe  -ModuleWithSuffix=XYZProject,903 XYZProjectEditor Win64 Development -Project="C:/work/PerforceWorkspace/EnginerLocalPcLessons/XYZProject/ue4/XYZProject/XYZProject.uproject" "C:/work/PerforceWorkspace/EnginerLocalPcLessons/XYZProject/ue4/XYZProject/XYZProject.uproject"  -IgnoreJunk]
[2020.11.10-09.26.46:809][293]CompilerResultsLog: New page: Compilation - 10 нояб. 2020 г., 15:26:46
[2020.11.10-09.26.46:809][293]CompilerResultsLog: Parsing headers for XYZProjectEditor
[2020.11.10-09.26.46:809][293]CompilerResultsLog:   Running UnrealHeaderTool "C:\work\PerforceWorkspace\EnginerLocalPcLessons\XYZProject\ue4\XYZProject\XYZProject.uproject" "C:\work\PerforceWorkspace\EnginerLocalPcLessons\XYZProject\ue4\XYZProject\Intermediate\Build\Win64\XYZProjectEditor\Development\XYZProjectEditor.uhtmanifest" -LogCmds="loginit warning, logexit warning, logdatabase error" -Unattended -WarningsAsErrors -abslog="C:\Users\user_one\AppData\Local\UnrealBuildTool\Log_UHT.txt" -installed
[2020.11.10-09.26.46:809][293]CompilerResultsLog: Reflection code generated for XYZProjectEditor in 6.7491684 seconds
[2020.11.10-09.26.46:809][293]CompilerResultsLog: Building XYZProjectEditor...
[2020.11.10-09.26.46:809][293]CompilerResultsLog: Using Visual Studio 2019 14.27.29112 toolchain (C:\Program Files (x86)\Microsoft Visual Studio\2019\Community\VC\Tools\MSVC\14.27.29110) and Windows 10.0.18362.0 SDK (C:\Program Files (x86)\Windows Kits\10).
[2020.11.10-09.26.46:810][293]CompilerResultsLog: Building 5 actions with 12 processes...
[2020.11.10-09.26.46:810][293]CompilerResultsLog:   [1/5] BasePlatform.cpp
[2020.11.10-09.26.46:810][293]CompilerResultsLog:    C:\work\PerforceWorkspace\EnginerLocalPcLessons\XYZProject\ue4\XYZProject\Source\XYZProject\Core\Interactables\BasePlatform.h(73) : error C3646: 'MoutionTimeline': unknown override specifier
[2020.11.10-09.26.46:810][293]CompilerResultsLog:    C:\work\PerforceWorkspace\EnginerLocalPcLessons\XYZProject\ue4\XYZProject\Source\XYZProject\Core\Interactables\BasePlatform.h(73) : error C4430: missing type specifier - int assumed. Note: C++ does not support default-int
[2020.11.10-09.26.46:810][293]CompilerResultsLog:    C:\work\PerforceWorkspace\EnginerLocalPcLessons\XYZProject\ue4\XYZProject\Source\XYZProject\Core\Interactables\BasePlatform.cpp(28) : error C2065: 'MoutionTimeline': undeclared identifier
[2020.11.10-09.26.46:810][293]CompilerResultsLog:    C:\work\PerforceWorkspace\EnginerLocalPcLessons\XYZProject\ue4\XYZProject\Source\XYZProject\Core\Interactables\BasePlatform.cpp(40) : error C2065: 'MoutionTimeline': undeclared identifier
[2020.11.10-09.26.46:810][293]CompilerResultsLog:   [2/5] BasePlatform.gen.cpp
[2020.11.10-09.26.46:810][293]CompilerResultsLog:    C:\work\PerforceWorkspace\EnginerLocalPcLessons\XYZProject\ue4\XYZProject\Source\XYZProject/Core/Interactables/BasePlatform.h(73) : error C3646: 'MoutionTimeline': unknown override specifier
[2020.11.10-09.26.46:810][293]CompilerResultsLog:    C:\work\PerforceWorkspace\EnginerLocalPcLessons\XYZProject\ue4\XYZProject\Source\XYZProject/Core/Interactables/BasePlatform.h(73) : error C4430: missing type specifier - int assumed. Note: C++ does not support default-int
[2020.11.10-09.26.46:811][293]LogMainFrame: MainFrame: Module compiling took 8.244 seconds
[2020.11.10-09.26.46:811][293]Warning: HotReload failed, recompile failed
[2020.11.10-09.26.46:811][293]Warning: RebindPackages failed because compilation failed.
[2020.11.10-09.28.10:821][981]LogUObjectHash: Compacting FUObjectHashTables data took   3.57ms
[2020.11.10-09.28.10:995][981]LogSavePackage: Moving '../../../../../../work/PerforceWorkspace/EnginerLocalPcLessons/XYZProject/ue4/XYZProject/Saved/Gym_Default_Auto2B0ADFEA64C92016C6C4F2F996E379AFA.tmp' to '../../../../../../work/PerforceWorkspace/EnginerLocalPcLessons/XYZProject/ue4/XYZProject/Saved/Autosaves/Game/XYZProject/Maps/Gym_Default_Auto2.umap'
[2020.11.10-09.28.10:996][981]LogFileHelpers: Editor autosave (incl. sublevels) for '/Game/XYZProject/Maps/Gym_Default' took 0.226
[2020.11.10-09.28.10:997][981]LogFileHelpers: Editor autosave (incl. sublevels) for all levels took 0.226
[2020.11.10-09.28.13:460][ 74]Candidate modules for hot reload:
[2020.11.10-09.28.13:460][ 74]  XYZProject
[2020.11.10-09.28.13:460][ 74]Launching UnrealBuildTool... [C:/Program Files/Epic Games/UE_4.25/Engine/Binaries/DotNET/UnrealBuildTool.exe  -ModuleWithSuffix=XYZProject,5194 XYZProjectEditor Win64 Development -Project="C:/work/PerforceWorkspace/EnginerLocalPcLessons/XYZProject/ue4/XYZProject/XYZProject.uproject" "C:/work/PerforceWorkspace/EnginerLocalPcLessons/XYZProject/ue4/XYZProject/XYZProject.uproject"  -IgnoreJunk]
[2020.11.10-09.28.13:469][ 74]Warning: Starting HotReload took  0.0s.
[2020.11.10-09.28.16:066][182]CompilerResultsLog: New page: Compilation - 10 нояб. 2020 г., 15:28:16
[2020.11.10-09.28.16:066][182]CompilerResultsLog: Building XYZProjectEditor...
[2020.11.10-09.28.16:066][182]CompilerResultsLog: Using Visual Studio 2019 14.27.29112 toolchain (C:\Program Files (x86)\Microsoft Visual Studio\2019\Community\VC\Tools\MSVC\14.27.29110) and Windows 10.0.18362.0 SDK (C:\Program Files (x86)\Windows Kits\10).
[2020.11.10-09.28.16:066][182]CompilerResultsLog: Building 5 actions with 12 processes...
[2020.11.10-09.28.16:067][182]CompilerResultsLog:   [1/5] BasePlatform.gen.cpp
[2020.11.10-09.28.16:067][182]CompilerResultsLog:    C:\work\PerforceWorkspace\EnginerLocalPcLessons\XYZProject\ue4\XYZProject\Source\XYZProject/Core/Interactables/BasePlatform.h(73) : error C3646: 'MoutionTimeline': unknown override specifier
[2020.11.10-09.28.16:067][182]CompilerResultsLog:    C:\work\PerforceWorkspace\EnginerLocalPcLessons\XYZProject\ue4\XYZProject\Source\XYZProject/Core/Interactables/BasePlatform.h(73) : error C4430: missing type specifier - int assumed. Note: C++ does not support default-int
[2020.11.10-09.28.16:067][182]CompilerResultsLog:   [2/5] BasePlatform.cpp
[2020.11.10-09.28.16:067][182]CompilerResultsLog:    C:\work\PerforceWorkspace\EnginerLocalPcLessons\XYZProject\ue4\XYZProject\Source\XYZProject\Core\Interactables\BasePlatform.h(73) : error C3646: 'MoutionTimeline': unknown override specifier
[2020.11.10-09.28.16:067][182]CompilerResultsLog:    C:\work\PerforceWorkspace\EnginerLocalPcLessons\XYZProject\ue4\XYZProject\Source\XYZProject\Core\Interactables\BasePlatform.h(73) : error C4430: missing type specifier - int assumed. Note: C++ does not support default-int
[2020.11.10-09.28.16:067][182]CompilerResultsLog:    C:\work\PerforceWorkspace\EnginerLocalPcLessons\XYZProject\ue4\XYZProject\Source\XYZProject\Core\Interactables\BasePlatform.cpp(29) : error C2065: 'MoutionTimeline': undeclared identifier
[2020.11.10-09.28.16:067][182]CompilerResultsLog:    C:\work\PerforceWorkspace\EnginerLocalPcLessons\XYZProject\ue4\XYZProject\Source\XYZProject\Core\Interactables\BasePlatform.cpp(41) : error C2065: 'MoutionTimeline': undeclared identifier
[2020.11.10-09.28.16:067][182]LogMainFrame: MainFrame: Module compiling took 2.623 seconds
[2020.11.10-09.28.16:068][182]Warning: HotReload failed, recompile failed
